<?xml version="1.0" encoding="UTF-8"?>
<testsuite name="org.mitre.synthea.world.concepts.HealthRecordTest" tests="3" skipped="0" failures="0" errors="0" timestamp="2019-02-25T11:17:13" hostname="ryan-B250M-HD3" time="0.0">
  <properties/>
  <testcase name="testReportSomeObs" classname="org.mitre.synthea.world.concepts.HealthRecordTest" time="0.0"/>
  <testcase name="testReportTooManyObs" classname="org.mitre.synthea.world.concepts.HealthRecordTest" time="0.0"/>
  <testcase name="testReportAllObs" classname="org.mitre.synthea.world.concepts.HealthRecordTest" time="0.0"/>
  <system-out><![CDATA[]]></system-out>
  <system-err><![CDATA[]]></system-err>
</testsuite>
