<?xml version="1.0" encoding="UTF-8"?>
<testsuite name="org.mitre.synthea.world.agents.PersonTest" tests="1" skipped="0" failures="0" errors="0" timestamp="2019-02-25T11:17:18" hostname="ryan-B250M-HD3" time="0.001">
  <properties/>
  <testcase name="testAge" classname="org.mitre.synthea.world.agents.PersonTest" time="0.001"/>
  <system-out><![CDATA[]]></system-out>
  <system-err><![CDATA[]]></system-err>
</testsuite>
