<?xml version="1.0" encoding="UTF-8"?>
<testsuite name="org.mitre.synthea.helpers.SimpleCSVTest" tests="1" skipped="0" failures="0" errors="0" timestamp="2019-02-25T11:18:19" hostname="ryan-B250M-HD3" time="0.024">
  <properties/>
  <testcase name="testSimpleCSV" classname="org.mitre.synthea.helpers.SimpleCSVTest" time="0.024"/>
  <system-out><![CDATA[]]></system-out>
  <system-err><![CDATA[]]></system-err>
</testsuite>
