<?xml version="1.0" encoding="UTF-8"?>
<testsuite name="org.mitre.synthea.modules.LifecycleModuleTest" tests="3" skipped="0" failures="0" errors="0" timestamp="2019-02-25T11:18:24" hostname="ryan-B250M-HD3" time="0.146">
  <properties/>
  <testcase name="testDeathByNaturalCauses" classname="org.mitre.synthea.modules.LifecycleModuleTest" time="0.145"/>
  <testcase name="testAdherenceFade" classname="org.mitre.synthea.modules.LifecycleModuleTest" time="0.0"/>
  <testcase name="testLikelihoodOfDeathInputs" classname="org.mitre.synthea.modules.LifecycleModuleTest" time="0.0"/>
  <system-out><![CDATA[]]></system-out>
  <system-err><![CDATA[]]></system-err>
</testsuite>
