<?xml version="1.0" encoding="UTF-8"?>
<testsuite name="org.mitre.synthea.helpers.RandomCollectionTest" tests="3" skipped="0" failures="0" errors="0" timestamp="2019-02-25T11:18:19" hostname="ryan-B250M-HD3" time="0.001">
  <properties/>
  <testcase name="testFixed" classname="org.mitre.synthea.helpers.RandomCollectionTest" time="0.001"/>
  <testcase name="testZeroWeights" classname="org.mitre.synthea.helpers.RandomCollectionTest" time="0.0"/>
  <testcase name="testFixedCounts" classname="org.mitre.synthea.helpers.RandomCollectionTest" time="0.0"/>
  <system-out><![CDATA[]]></system-out>
  <system-err><![CDATA[]]></system-err>
</testsuite>
