<?xml version="1.0" encoding="UTF-8"?>
<testsuite name="org.mitre.synthea.modules.EncounterModuleTest" tests="6" skipped="0" failures="0" errors="0" timestamp="2019-02-25T11:18:19" hostname="ryan-B250M-HD3" time="5.264">
  <properties/>
  <testcase name="testEncounterHasClinician" classname="org.mitre.synthea.modules.EncounterModuleTest" time="3.151"/>
  <testcase name="testEmergencySymptomEncounterHasClinician" classname="org.mitre.synthea.modules.EncounterModuleTest" time="0.45"/>
  <testcase name="testEmergencyEncounterHasClinician" classname="org.mitre.synthea.modules.EncounterModuleTest" time="0.382"/>
  <testcase name="testUrgentcareEncounterHasClinician" classname="org.mitre.synthea.modules.EncounterModuleTest" time="0.386"/>
  <testcase name="testPrimarySymptomEncounterHasClinician" classname="org.mitre.synthea.modules.EncounterModuleTest" time="0.412"/>
  <testcase name="testUrgentcareSymptomEncounterHasClinician" classname="org.mitre.synthea.modules.EncounterModuleTest" time="0.482"/>
  <system-out><![CDATA[]]></system-out>
  <system-err><![CDATA[]]></system-err>
</testsuite>
