<?xml version="1.0" encoding="UTF-8"?>
<testsuite name="org.mitre.synthea.export.HospitalExporterTestStu3" tests="1" skipped="0" failures="0" errors="0" timestamp="2019-02-25T11:19:30" hostname="ryan-B250M-HD3" time="4.938">
  <properties/>
  <testcase name="testFHIRExport" classname="org.mitre.synthea.export.HospitalExporterTestStu3" time="4.938"/>
  <system-out><![CDATA[]]></system-out>
  <system-err><![CDATA[]]></system-err>
</testsuite>
