<?xml version="1.0" encoding="UTF-8"?>
<testsuite name="org.mitre.synthea.engine.LogicTest" tests="25" skipped="0" failures="0" errors="0" timestamp="2019-02-25T11:15:55" hostname="ryan-B250M-HD3" time="0.089">
  <properties/>
  <testcase name="testGenderCondition" classname="org.mitre.synthea.engine.LogicTest" time="0.001"/>
  <testcase name="test_logic_with_split_record_with_duplicates" classname="org.mitre.synthea.engine.LogicTest" time="0.024"/>
  <testcase name="test_not_conditions" classname="org.mitre.synthea.engine.LogicTest" time="0.002"/>
  <testcase name="test_race_exists" classname="org.mitre.synthea.engine.LogicTest" time="0.001"/>
  <testcase name="test_or_conditions" classname="org.mitre.synthea.engine.LogicTest" time="0.002"/>
  <testcase name="test_and_conditions" classname="org.mitre.synthea.engine.LogicTest" time="0.001"/>
  <testcase name="test_observations" classname="org.mitre.synthea.engine.LogicTest" time="0.001"/>
  <testcase name="test_vital_sign_missing" classname="org.mitre.synthea.engine.LogicTest" time="0.001"/>
  <testcase name="testFalse" classname="org.mitre.synthea.engine.LogicTest" time="0.001"/>
  <testcase name="test_date" classname="org.mitre.synthea.engine.LogicTest" time="0.006"/>
  <testcase name="testTrue" classname="org.mitre.synthea.engine.LogicTest" time="0.0"/>
  <testcase name="test_ses_category" classname="org.mitre.synthea.engine.LogicTest" time="0.001"/>
  <testcase name="test_logic_with_split_record_no_duplicates" classname="org.mitre.synthea.engine.LogicTest" time="0.023"/>
  <testcase name="test_condition_condition" classname="org.mitre.synthea.engine.LogicTest" time="0.002"/>
  <testcase name="test_careplan_condition" classname="org.mitre.synthea.engine.LogicTest" time="0.001"/>
  <testcase name="test_attribute" classname="org.mitre.synthea.engine.LogicTest" time="0.001"/>
  <testcase name="test_prior_state" classname="org.mitre.synthea.engine.LogicTest" time="0.002"/>
  <testcase name="test_missing_observation" classname="org.mitre.synthea.engine.LogicTest" time="0.0"/>
  <testcase name="test_symptoms" classname="org.mitre.synthea.engine.LogicTest" time="0.002"/>
  <testcase name="test_at_least_condition" classname="org.mitre.synthea.engine.LogicTest" time="0.004"/>
  <testcase name="test_at_most_condition" classname="org.mitre.synthea.engine.LogicTest" time="0.002"/>
  <testcase name="testAgeConditionsOnAge35" classname="org.mitre.synthea.engine.LogicTest" time="0.003"/>
  <testcase name="testAgeConditionsOnAge40" classname="org.mitre.synthea.engine.LogicTest" time="0.002"/>
  <testcase name="testAgeConditionsOnAge45" classname="org.mitre.synthea.engine.LogicTest" time="0.001"/>
  <testcase name="test_vital_signs" classname="org.mitre.synthea.engine.LogicTest" time="0.0"/>
  <system-out><![CDATA[]]></system-out>
  <system-err><![CDATA[]]></system-err>
</testsuite>
