<?xml version="1.0" encoding="UTF-8"?>
<testsuite name="org.mitre.synthea.engine.GeneratorTest" tests="8" skipped="0" failures="0" errors="0" timestamp="2019-02-25T11:15:55" hostname="ryan-B250M-HD3" time="78.178">
  <properties/>
  <testcase name="testGeneratePeopleDefaultLocation" classname="org.mitre.synthea.engine.GeneratorTest" time="4.306"/>
  <testcase name="testDemographicsRetry" classname="org.mitre.synthea.engine.GeneratorTest" time="1.026"/>
  <testcase name="testGenerateWithMetrics" classname="org.mitre.synthea.engine.GeneratorTest" time="0.786"/>
  <testcase name="testGeneratePeopleByLocation" classname="org.mitre.synthea.engine.GeneratorTest" time="6.21"/>
  <testcase name="testGenerateOnlyDeadPatients" classname="org.mitre.synthea.engine.GeneratorTest" time="35.087"/>
  <testcase name="testGenerateWithDatabase" classname="org.mitre.synthea.engine.GeneratorTest" time="27.524"/>
  <testcase name="testGeneratorCreatesPeople" classname="org.mitre.synthea.engine.GeneratorTest" time="1.39"/>
  <testcase name="testGenerateWithDetailedLogLevel" classname="org.mitre.synthea.engine.GeneratorTest" time="1.849"/>
  <system-out><![CDATA[Running with options:
Population: 1
Seed: 1551093355758
Location: Massachusetts
Min Age: 0
Max Age: 140
Running with options:
Population: 4
Seed: 1551093360062
Location: Massachusetts
Min Age: 50
Max Age: 100
Running with options:
Population: 1
Seed: 0
Location: Massachusetts
Min Age: 0
Max Age: 140
{alive=1, dead=0}
EPILEPSY MODULE
Terminal:
 Total times entered: 1
 Population that ever hit this state: 1 (100.00%)
 Average # of hits per total population: 100.00
 Average # of hits per person that ever hit state: 100.00
 Population currently in state: 1 (100.00%)

Initial:
 Total times entered: 1
 Population that ever hit this state: 1 (100.00%)
 Average # of hits per total population: 100.00
 Average # of hits per person that ever hit state: 100.00
 Population currently in state: 0 (0.00%)
 Transitioned to:
 --> Terminal : 1 = 100.00%

Suspected_Epilepsy: 
 Never reached 


End_Medicine_Encounter: 
 Never reached 


Seizure_Disorder: 
 Never reached 


History_of_Seizure: 
 Never reached 


EEG_Test: 
 Never reached 


Ages_1_10: 
 Never reached 


Epilepsy: 
 Never reached 


Male: 
 Never reached 


Ages_15_55: 
 Never reached 


Ages_55_Plus: 
 Never reached 


Medicine_Encounter: 
 Never reached 


Female: 
 Never reached 


Diazepam: 
 Never reached 


Medication_End: 
 Never reached 


Medication_Guard: 
 Never reached 


Seizure_Encounter: 
 Never reached 


Clonazepam: 
 Never reached 


Ages_10_15: 
 Never reached 


Carbamazepine: 
 Never reached 


Sudden_Cardiac_Death: 
 Never reached 


Living_with_Seizures: 
 Never reached 


End_Seizure_Encounter: 
 Never reached 


Undergoing_Seizure_Treatment: 
 Never reached 


Ages_0_1: 
 Never reached 




WELLNESS ENCOUNTERS MODULE
Wellness_Encounter:
 Total times entered: 27
 Population that ever hit this state: 1 (100.00%)
 Average # of hits per total population: 2700.00
 Average # of hits per person that ever hit state: 2700.00
 Population currently in state: 1 (100.00%)
 (duration metrics for wellness encounter omitted)
 Transitioned to:
 --> Record_Height : 26 = 100.00%

Record_Never_Smoker:
 Total times entered: 26
 Population that ever hit this state: 1 (100.00%)
 Average # of hits per total population: 2600.00
 Average # of hits per person that ever hit state: 2600.00
 Population currently in state: 0 (0.00%)
 Transitioned to:
 --> Wellness_Encounter : 26 = 100.00%

Smoker_Status_Observation:
 Total times entered: 26
 Population that ever hit this state: 1 (100.00%)
 Average # of hits per total population: 2600.00
 Average # of hits per person that ever hit state: 2600.00
 Population currently in state: 0 (0.00%)
 Transitioned to:
 --> Record_Never_Smoker : 26 = 100.00%

check_eGFR:
 Total times entered: 26
 Population that ever hit this state: 1 (100.00%)
 Average # of hits per total population: 2600.00
 Average # of hits per person that ever hit state: 2600.00
 Population currently in state: 0 (0.00%)
 Transitioned to:
 --> Smoker_Status_Observation : 26 = 100.00%

Record_CBC_Panel:
 Total times entered: 4
 Population that ever hit this state: 1 (100.00%)
 Average # of hits per total population: 400.00
 Average # of hits per person that ever hit state: 400.00
 Population currently in state: 0 (0.00%)
 Transitioned to:
 --> check_eGFR : 4 = 100.00%

check_CBC:
 Total times entered: 26
 Population that ever hit this state: 1 (100.00%)
 Average # of hits per total population: 2600.00
 Average # of hits per person that ever hit state: 2600.00
 Population currently in state: 0 (0.00%)
 Transitioned to:
 --> Record_CBC_Panel : 4 = 15.38%
 --> check_eGFR : 22 = 84.62%

Lab_ACR:
 Total times entered: 26
 Population that ever hit this state: 1 (100.00%)
 Average # of hits per total population: 2600.00
 Average # of hits per person that ever hit state: 2600.00
 Population currently in state: 0 (0.00%)
 Transitioned to:
 --> check_CBC : 26 = 100.00%

Lab_LipidPanel:
 Total times entered: 26
 Population that ever hit this state: 1 (100.00%)
 Average # of hits per total population: 2600.00
 Average # of hits per person that ever hit state: 2600.00
 Population currently in state: 0 (0.00%)
 Transitioned to:
 --> Lab_ACR : 26 = 100.00%

Lab_MetabolicPanel:
 Total times entered: 26
 Population that ever hit this state: 1 (100.00%)
 Average # of hits per total population: 2600.00
 Average # of hits per person that ever hit state: 2600.00
 Population currently in state: 0 (0.00%)
 Transitioned to:
 --> Lab_LipidPanel : 26 = 100.00%

Record_BP:
 Total times entered: 26
 Population that ever hit this state: 1 (100.00%)
 Average # of hits per total population: 2600.00
 Average # of hits per person that ever hit state: 2600.00
 Population currently in state: 0 (0.00%)
 Transitioned to:
 --> Lab_MetabolicPanel : 26 = 100.00%

Record_BMI:
 Total times entered: 17
 Population that ever hit this state: 1 (100.00%)
 Average # of hits per total population: 1700.00
 Average # of hits per person that ever hit state: 1700.00
 Population currently in state: 0 (0.00%)
 Transitioned to:
 --> Record_BP : 17 = 100.00%

Record_Weight:
 Total times entered: 26
 Population that ever hit this state: 1 (100.00%)
 Average # of hits per total population: 2600.00
 Average # of hits per person that ever hit state: 2600.00
 Population currently in state: 0 (0.00%)
 Transitioned to:
 --> Record_BMI : 17 = 65.38%
 --> Record_BP : 9 = 34.62%

Record_Pain:
 Total times entered: 26
 Population that ever hit this state: 1 (100.00%)
 Average # of hits per total population: 2600.00
 Average # of hits per person that ever hit state: 2600.00
 Population currently in state: 0 (0.00%)
 Transitioned to:
 --> Record_Weight : 26 = 100.00%

Record_Height:
 Total times entered: 26
 Population that ever hit this state: 1 (100.00%)
 Average # of hits per total population: 2600.00
 Average # of hits per person that ever hit state: 2600.00
 Population currently in state: 0 (0.00%)
 Transitioned to:
 --> Record_Pain : 26 = 100.00%

Initial:
 Total times entered: 1
 Population that ever hit this state: 1 (100.00%)
 Average # of hits per total population: 100.00
 Average # of hits per person that ever hit state: 100.00
 Population currently in state: 0 (0.00%)
 Transitioned to:
 --> Wellness_Encounter : 1 = 100.00%

Record_ACR: 
 Never reached 


Record_LipidPanel: 
 Never reached 


Record_EGFR: 
 Never reached 


Record_MetabolicPanel: 
 Never reached 


Record_Current_Smoker: 
 Never reached 


Record_Former_Smoker: 
 Never reached 




INJURIES MODULE
Wait_For_Injury:
 Total times entered: 17
 Population that ever hit this state: 1 (100.00%)
 Average # of hits per total population: 1700.00
 Average # of hits per person that ever hit state: 1700.00
 Population currently in state: 1 (100.00%)
 Total duration: 16 years 1 months
 Average duration per time entered: 11 months 16 days
 Average duration per person that ever entered state: 16 years 1 months
 Transitioned to:
 --> Child_Incidence_Rates : 16 = 100.00%

Child_Incidence_Rates:
 Total times entered: 16
 Population that ever hit this state: 1 (100.00%)
 Average # of hits per total population: 1600.00
 Average # of hits per person that ever hit state: 1600.00
 Population currently in state: 0 (0.00%)
 Transitioned to:
 --> Knee_Injury : 1 = 6.25%
 --> Shoulder_Injury : 1 = 6.25%
 --> Wait_For_Injury : 14 = 87.50%

End_Injury_Medications:
 Total times entered: 3
 Population that ever hit this state: 1 (100.00%)
 Average # of hits per total population: 300.00
 Average # of hits per person that ever hit state: 300.00
 Population currently in state: 0 (0.00%)
 Transitioned to:
 --> Wait_For_Injury : 2 = 66.67%
 --> End_Non_Opioid_Prescription : 1 = 33.33%

Unset_Non_Opioid_Prescription_Attribute:
 Total times entered: 1
 Population that ever hit this state: 1 (100.00%)
 Average # of hits per total population: 100.00
 Average # of hits per person that ever hit state: 100.00
 Population currently in state: 0 (0.00%)
 Transitioned to:
 --> End_Injury_Medications : 1 = 100.00%

End_Non_Opioid_Prescription:
 Total times entered: 1
 Population that ever hit this state: 1 (100.00%)
 Average # of hits per total population: 100.00
 Average # of hits per person that ever hit state: 100.00
 Population currently in state: 0 (0.00%)
 Transitioned to:
 --> Unset_Non_Opioid_Prescription_Attribute : 1 = 100.00%

End_Injury_CarePlan:
 Total times entered: 2
 Population that ever hit this state: 1 (100.00%)
 Average # of hits per total population: 200.00
 Average # of hits per person that ever hit state: 200.00
 Population currently in state: 0 (0.00%)
 Transitioned to:
 --> End_Injury_Medications : 2 = 100.00%

Conclude_Injury:
 Total times entered: 2
 Population that ever hit this state: 1 (100.00%)
 Average # of hits per total population: 200.00
 Average # of hits per person that ever hit state: 200.00
 Population currently in state: 0 (0.00%)
 Transitioned to:
 --> End_Injury_CarePlan : 2 = 100.00%

End_Knee_Injury:
 Total times entered: 1
 Population that ever hit this state: 1 (100.00%)
 Average # of hits per total population: 100.00
 Average # of hits per person that ever hit state: 100.00
 Population currently in state: 0 (0.00%)
 Transitioned to:
 --> Conclude_Injury : 1 = 100.00%

Knee_Injury_Recovery_Period:
 Total times entered: 1
 Population that ever hit this state: 1 (100.00%)
 Average # of hits per total population: 100.00
 Average # of hits per person that ever hit state: 100.00
 Population currently in state: 0 (0.00%)
 Total duration: 2 months 0 days
 Average duration per time entered: 2 months 0 days
 Average duration per person that ever entered state: 2 months 0 days
 Transitioned to:
 --> End_Knee_Injury : 1 = 100.00%

End_Knee_Injury_Encounter_I:
 Total times entered: 1
 Population that ever hit this state: 1 (100.00%)
 Average # of hits per total population: 100.00
 Average # of hits per person that ever hit state: 100.00
 Population currently in state: 0 (0.00%)
 Transitioned to:
 --> Knee_Injury_Recovery_Period : 1 = 100.00%

Knee_Injury_Prescribe_Non_Opioid:
 Total times entered: 2
 Population that ever hit this state: 1 (100.00%)
 Average # of hits per total population: 200.00
 Average # of hits per person that ever hit state: 200.00
 Population currently in state: 0 (0.00%)
 Transitioned to:
 --> End_Knee_Injury_Encounter_I : 1 = 50.00%
 --> Initial : 1 = 50.00%

OTC_Pain_Reliever_Terminal:
 Total times entered: 1
 Population that ever hit this state: 1 (100.00%)
 Average # of hits per total population: 100.00
 Average # of hits per person that ever hit state: 100.00
 Population currently in state: 0 (0.00%)
 Transitioned to:
 --> Knee_Injury_Prescribe_Non_Opioid : 1 = 100.00%

Adult_Acetaminophen:
 Total times entered: 1
 Population that ever hit this state: 1 (100.00%)
 Average # of hits per total population: 100.00
 Average # of hits per person that ever hit state: 100.00
 Population currently in state: 0 (0.00%)
 Transitioned to:
 --> OTC_Pain_Reliever_Terminal : 1 = 100.00%

Prescribe_Acetaminophen:
 Total times entered: 1
 Population that ever hit this state: 1 (100.00%)
 Average # of hits per total population: 100.00
 Average # of hits per person that ever hit state: 100.00
 Population currently in state: 0 (0.00%)
 Transitioned to:
 --> Adult_Acetaminophen : 1 = 100.00%

Prescribe_OTC_Pain_Reliever:
 Total times entered: 1
 Population that ever hit this state: 1 (100.00%)
 Average # of hits per total population: 100.00
 Average # of hits per person that ever hit state: 100.00
 Population currently in state: 0 (0.00%)
 Transitioned to:
 --> Prescribe_Acetaminophen : 1 = 100.00%

Initial:
 Total times entered: 2
 Population that ever hit this state: 1 (100.00%)
 Average # of hits per total population: 200.00
 Average # of hits per person that ever hit state: 200.00
 Population currently in state: 0 (0.00%)
 Transitioned to:
 --> Prescribe_OTC_Pain_Reliever : 1 = 50.00%
 --> Wait_For_Injury : 1 = 50.00%

Knee_X_Ray:
 Total times entered: 1
 Population that ever hit this state: 1 (100.00%)
 Average # of hits per total population: 100.00
 Average # of hits per person that ever hit state: 100.00
 Population currently in state: 0 (0.00%)
 Transitioned to:
 --> Knee_Injury_Prescribe_Non_Opioid : 1 = 100.00%

Knee_Injury_CarePlan:
 Total times entered: 1
 Population that ever hit this state: 1 (100.00%)
 Average # of hits per total population: 100.00
 Average # of hits per person that ever hit state: 100.00
 Population currently in state: 0 (0.00%)
 Transitioned to:
 --> Knee_X_Ray : 1 = 100.00%

Torn_Meniscus:
 Total times entered: 1
 Population that ever hit this state: 1 (100.00%)
 Average # of hits per total population: 100.00
 Average # of hits per person that ever hit state: 100.00
 Population currently in state: 0 (0.00%)
 Transitioned to:
 --> Knee_Injury_CarePlan : 1 = 100.00%

ED_Visit_For_Knee_Injury:
 Total times entered: 1
 Population that ever hit this state: 1 (100.00%)
 Average # of hits per total population: 100.00
 Average # of hits per person that ever hit state: 100.00
 Population currently in state: 0 (0.00%)
 Transitioned to:
 --> Torn_Meniscus : 1 = 100.00%

Knee_Injury:
 Total times entered: 1
 Population that ever hit this state: 1 (100.00%)
 Average # of hits per total population: 100.00
 Average # of hits per person that ever hit state: 100.00
 Population currently in state: 0 (0.00%)
 Transitioned to:
 --> ED_Visit_For_Knee_Injury : 1 = 100.00%

End_Shoulder_Followup:
 Total times entered: 1
 Population that ever hit this state: 1 (100.00%)
 Average # of hits per total population: 100.00
 Average # of hits per person that ever hit state: 100.00
 Population currently in state: 0 (0.00%)
 Transitioned to:
 --> Conclude_Injury : 1 = 100.00%

End_Shoulder_Injury:
 Total times entered: 1
 Population that ever hit this state: 1 (100.00%)
 Average # of hits per total population: 100.00
 Average # of hits per person that ever hit state: 100.00
 Population currently in state: 0 (0.00%)
 Transitioned to:
 --> End_Shoulder_Followup : 1 = 100.00%

Shoulder_Injury_Followup:
 Total times entered: 1
 Population that ever hit this state: 1 (100.00%)
 Average # of hits per total population: 100.00
 Average # of hits per person that ever hit state: 100.00
 Population currently in state: 0 (0.00%)
 Transitioned to:
 --> End_Shoulder_Injury : 1 = 100.00%

Shoulder_Injury_Recovery_Period:
 Total times entered: 1
 Population that ever hit this state: 1 (100.00%)
 Average # of hits per total population: 100.00
 Average # of hits per person that ever hit state: 100.00
 Population currently in state: 0 (0.00%)
 Total duration: 30 days
 Average duration per time entered: 30 days
 Average duration per person that ever entered state: 30 days
 Transitioned to:
 --> Shoulder_Injury_Followup : 1 = 100.00%

End_Shoulder_Injury_Encounter:
 Total times entered: 1
 Population that ever hit this state: 1 (100.00%)
 Average # of hits per total population: 100.00
 Average # of hits per person that ever hit state: 100.00
 Population currently in state: 0 (0.00%)
 Transitioned to:
 --> Shoulder_Injury_Recovery_Period : 1 = 100.00%

Shoulder_Injury_CarePlan:
 Total times entered: 1
 Population that ever hit this state: 1 (100.00%)
 Average # of hits per total population: 100.00
 Average # of hits per person that ever hit state: 100.00
 Population currently in state: 0 (0.00%)
 Transitioned to:
 --> End_Shoulder_Injury_Encounter : 1 = 100.00%

Encounter_For_Shoulder_Injury:
 Total times entered: 1
 Population that ever hit this state: 1 (100.00%)
 Average # of hits per total population: 100.00
 Average # of hits per person that ever hit state: 100.00
 Population currently in state: 0 (0.00%)
 Transitioned to:
 --> Shoulder_Injury_CarePlan : 1 = 100.00%

Torn_Rotator_Cuff:
 Total times entered: 1
 Population that ever hit this state: 1 (100.00%)
 Average # of hits per total population: 100.00
 Average # of hits per person that ever hit state: 100.00
 Population currently in state: 0 (0.00%)
 Transitioned to:
 --> Encounter_For_Shoulder_Injury : 1 = 100.00%

Shoulder_Injury:
 Total times entered: 1
 Population that ever hit this state: 1 (100.00%)
 Average # of hits per total population: 100.00
 Average # of hits per person that ever hit state: 100.00
 Population currently in state: 0 (0.00%)
 Transitioned to:
 --> Torn_Rotator_Cuff : 1 = 100.00%

No_Spinal_Cord_Damage: 
 Never reached 


Burn_Injury_Prescribe_Opioid: 
 Never reached 


Wrist_X_Ray: 
 Never reached 


ED_Visit_For_Gunshot_Injury: 
 Never reached 


Burn_Injury_Prescribe_Antibiotic: 
 Never reached 


Consider_Osteoporosis: 
 Never reached 


ED_Visit_For_Laceration: 
 Never reached 


Broken_Wrist: 
 Never reached 


Adult_Incidence_Rates: 
 Never reached 


Severe_Burn_Care: 
 Never reached 


Sprain_CarePlan: 
 Never reached 


Laceration_Injury: 
 Never reached 


Broken_Bone_Injury_Followup: 
 Never reached 


Gunshot_Injury: 
 Never reached 


Spinal_Treatment_Period: 
 Never reached 


End_Gunshot_Followup: 
 Never reached 


End_Laceration_Injury: 
 Never reached 


Gunshot_Wound: 
 Never reached 


Moderate_Concussion: 
 Never reached 


Broken_Arm: 
 Never reached 


Laceration_Tetanus_Shot: 
 Never reached 


Laceration_Injury_Prescribe_Non_Opioid: 
 Never reached 


Gunshot_Wound_CarePlan: 
 Never reached 


Arm_X_Ray: 
 Never reached 


Severe_Concussion: 
 Never reached 


Death_Severe_Concussion: 
 Never reached 


Laceration_Recovery_Period: 
 Never reached 


Ankle_X_Ray: 
 Never reached 


Broken_Bone_Injury: 
 Never reached 


Torn_MCL: 
 Never reached 


Death_Spinal_Cord: 
 Never reached 


End_Gunshot_Encounter: 
 Never reached 


Diagnose_Fracture_Due_to_Osteoporosis: 
 Never reached 


ED_Visit_For_Burn: 
 Never reached 


Torn_ACL: 
 Never reached 


End_Broken_Bone_Encounter: 
 Never reached 


Gunshot_Wound_Ends: 
 Never reached 


End_Shoulder_Surgery_Encounter: 
 Never reached 


Broken_Clavicle: 
 Never reached 


Burn_Injury_Followup: 
 Never reached 


Broken_Ankle: 
 Never reached 


Broken_Bone_Surgery: 
 Never reached 


Burn_Injury_Prescribe_Non_Opioid: 
 Never reached 


Gunshot_Injury_Followup: 
 Never reached 


Pelvic_X_Ray: 
 Never reached 


Broken_Bone_Injury_Prescribe_Non_Opioid: 
 Never reached 


Broken_Bone_Immobilization: 
 Never reached 


ED_Visit_For_Whiplash: 
 Never reached 


Gunshot_Wound_Prescribe_Non_Opioid: 
 Never reached 


ED_Visit_For_Spinal_Injury: 
 Never reached 


End_Broken_Bone_Followup: 
 Never reached 


Laceration_Of_Face: 
 Never reached 


Wait_For_Knee_Surgery: 
 Never reached 


Second_Degree_Burn: 
 Never reached 


Shoulder_Surgery_Prescribe_Opioid: 
 Never reached 


Concussion_CarePlan: 
 Never reached 


Burn_CarePlan: 
 Never reached 


Knee_Injury_Prescribe_Opioid: 
 Never reached 


Spinal_Injury_Prescribe_Opioid: 
 Never reached 


Permanent_Brain_Damage: 
 Never reached 


End_Whiplash_Encounter: 
 Never reached 


Laceration_Of_Hand: 
 Never reached 


Laceration_Of_Foot: 
 Never reached 


Knee_Surgery_Encounter: 
 Never reached 


Unset_Antibiotic_Prescription_Attribute: 
 Never reached 


End_Burn_Encounter: 
 Never reached 


Laceration_Of_Arm: 
 Never reached 


Burn_Recovery_Period: 
 Never reached 


End_Broken_Bone_Injury: 
 Never reached 


Broken_Rib: 
 Never reached 


Broken_Bone_Injury_Prescribe_Pain_Medication: 
 Never reached 


Shoulder_Surgery_Procedure: 
 Never reached 


Death_Severe_Burn: 
 Never reached 


Laceration: 
 Never reached 


Third_Degree_Burn: 
 Never reached 


Sprained_Ankle: 
 Never reached 


Osteoporosis_Workup: 
 Never reached 


Chest_X_Ray: 
 Never reached 


Diagnose_Osteoporosis: 
 Never reached 


End_Whiplash_Injury: 
 Never reached 


Severe_Burn_Hospitalization: 
 Never reached 


Concussion_Injury: 
 Never reached 


ED_Visit_For_Broken_Bone: 
 Never reached 


Low_Bone_Density: 
 Never reached 


Torn_Patellar_Tendon: 
 Never reached 


End_Laceration_Encounter: 
 Never reached 


End_Concussion_Encounter: 
 Never reached 


Broken_Bone_Recovery_Period: 
 Never reached 


Laceration_Of_Leg: 
 Never reached 


Sprain_Recovery_Period: 
 Never reached 


Spinal_Injury_Followup: 
 Never reached 


Suture_Laceration: 
 Never reached 


End_Concussion_Injury: 
 Never reached 


Neurological_Damage: 
 Never reached 


ED_Visit_For_Concussion: 
 Never reached 


End_Spinal_Injury: 
 Never reached 


Concussion_Recovery_Period: 
 Never reached 


Spinal_Injury: 
 Never reached 


Broken_Bone: 
 Never reached 


Whiplash_Recovery_Period: 
 Never reached 


End_Knee_Injury_Encounter_II: 
 Never reached 


High_Bone_Density: 
 Never reached 


Death_Gunshot_Wound: 
 Never reached 


Spinal_Surgery: 
 Never reached 


Laceration_CarePlan: 
 Never reached 


Sprain_Prescribe_Non_Opioid: 
 Never reached 


End_Spinal_Injury_Followup: 
 Never reached 


Sprained_Wrist: 
 Never reached 


First_Degree_Burn: 
 Never reached 


End_Concussion_Followup: 
 Never reached 


Wait_For_Shoulder_Surgery: 
 Never reached 


Whiplash_CarePlan: 
 Never reached 


Deadly_Burn: 
 Never reached 


End_Sprain_Encounter: 
 Never reached 


End_Antibiotic_Prescription: 
 Never reached 


Whiplash_Injury_Prescribe_Non_Opioid: 
 Never reached 


Gunshot_Wound_Prescribe_Pain_Medication: 
 Never reached 


End_Spinal_Injury_Encounter: 
 Never reached 


Spinal_Injury_Treatment_Encounter: 
 Never reached 


Elderly_Incidence_Rates: 
 Never reached 


Mild_Concussion: 
 Never reached 


Gunshot_Wound_Prescribe_Opioid: 
 Never reached 


Spinal_Cord_Damage: 
 Never reached 


Burn_Injury: 
 Never reached 


Concussion_Injury_Followup: 
 Never reached 


Gunshot_Wound_Surgery: 
 Never reached 


Spinal_Injury_CarePlan: 
 Never reached 


End_Burn_Followup: 
 Never reached 


End_Sprain_Injury: 
 Never reached 


Clavicle_X_Ray: 
 Never reached 


End_Burn_Injury: 
 Never reached 


Terminal: 
 Never reached 


Burn: 
 Never reached 


ED_Visit_For_Sprain: 
 Never reached 


Knee_Surgery_Procedure: 
 Never reached 


Delay_After_Spinal_Surgery: 
 Never reached 


Gunshot_Injury_Treatment: 
 Never reached 


Sprain_Injury: 
 Never reached 


Gunshot_Wound_Healing_Period: 
 Never reached 


End_Osteoporosis_Fracture: 
 Never reached 


Shoulder_Surgery_Encounter: 
 Never reached 


Whiplash: 
 Never reached 


Broken_Bone_Injury_Prescribe_Opioid: 
 Never reached 


Shoulder_Surgery_Prescribe_Non_Opioid: 
 Never reached 


Broken_Hip: 
 Never reached 


Broken_Bone_CarePlan: 
 Never reached 


Whiplash_Injury: 
 Never reached 




COLORECTAL CANCER MODULE
Delay_For_Smoking_History:
 Total times entered: 1
 Population that ever hit this state: 1 (100.00%)
 Average # of hits per total population: 100.00
 Average # of hits per person that ever hit state: 100.00
 Population currently in state: 1 (100.00%)
 Total duration: 16 years 4 months
 Average duration per time entered: 16 years 4 months
 Average duration per person that ever entered state: 16 years 4 months

Initial:
 Total times entered: 1
 Population that ever hit this state: 1 (100.00%)
 Average # of hits per total population: 100.00
 Average # of hits per person that ever hit state: 100.00
 Population currently in state: 0 (0.00%)
 Transitioned to:
 --> Delay_For_Smoking_History : 1 = 100.00%

Pain_Vital_3: 
 Never reached 


End_Biopsy_Followup: 
 Never reached 


Pain_Vital_2: 
 Never reached 


Recurrent_Colorectal_Adenoma: 
 Never reached 


Colorectal_Cancer_Symptom4_Ends: 
 Never reached 


Colorectal_Cancer_Diagnose_Stage_III: 
 Never reached 


Pain_Vital_4: 
 Never reached 


Routine_Colonoscopy_Encounter: 
 Never reached 


Colorectal_Cancer_Stage_I: 
 Never reached 


Followup_Colonoscopy_Encounter: 
 Never reached 


Colorectal_Cancer_Symptom_2: 
 Never reached 


Colorectal_Cancer_Symptom_3: 
 Never reached 


Colorectal_Cancer_Symptom_1: 
 Never reached 


Colorectal_Cancer_Symptom5_Ends: 
 Never reached 


Diverting_Colostomy_Encounter: 
 Never reached 


End_Remission_Encounter: 
 Never reached 


End_Oncologist_Encounter: 
 Never reached 


End_Followup_Encounter_Clean: 
 Never reached 


Fecal_Test_Negative_Result: 
 Never reached 


Record_CBC_Panel: 
 Never reached 


Partial_Colectomy_Encounter: 
 Never reached 


Colorectal_Cancer_Symptom_6: 
 Never reached 


Wait_For_Partial_Colectomy: 
 Never reached 


Colorectal_Cancer_Symptom_7: 
 Never reached 


Colorectal_Cancer_Symptom_4: 
 Never reached 


Colorectal_Cancer_Symptom_5: 
 Never reached 


Routine_Colonoscopy_Guard: 
 Never reached 


Wait_For_Initial_Chemotherapy_Treatment: 
 Never reached 


Detect_Adenoma: 
 Never reached 


Remission_Encounter: 
 Never reached 


Chemotherapy_Procedure: 
 Never reached 


Colorectal_Cancer_Stage_II: 
 Never reached 


Remission_Period: 
 Never reached 


Delay_Until_Symptoms_Start: 
 Never reached 


End_Routine_Colonoscopy_with_Malignant_Adenoma: 
 Never reached 


Delay_For_Diverting_Colostomy_Recovery: 
 Never reached 


Routine_Colonoscopy_Procedure: 
 Never reached 


Followup_Colonoscopy_Procedure: 
 Never reached 


Chemotherapy_Drugs_II: 
 Never reached 


Pain_Vital: 
 Never reached 


Diverting_Colostomy_Procedure: 
 Never reached 


Oncologist_Encounter: 
 Never reached 


Colorectal_Cancer_Diagnose_Stage_I: 
 Never reached 


Colorectal_Cancer_Symptom6_Ends: 
 Never reached 


End_Routine_Colonoscopy_Encounter: 
 Never reached 


End_Chemotherapy_Encounter: 
 Never reached 


Fecal_Test: 
 Never reached 


End_Diverting_Colostomy_Encounter: 
 Never reached 


Wait_For_Followup_Colonoscopy: 
 Never reached 


End_Partial_Colectomy_CarePlan: 
 Never reached 


Benign_Adenoma: 
 Never reached 


Colorectal_Cancer_Symptom3_Ends: 
 Never reached 


Recurrent_Adenoma_Removal: 
 Never reached 


Chemotherapy_Treatment_Path: 
 Never reached 


Chemotherapy_Encounter: 
 Never reached 


Partial_Colectomy_CarePlan: 
 Never reached 


Initialize_Chemo_Counter: 
 Never reached 


Wait_For_Diverting_Colostomy: 
 Never reached 


Chemotherapy_Drugs_I: 
 Never reached 


Colorectal_Cancer_Diagnose_Stage_II: 
 Never reached 


Symptom_Encounter: 
 Never reached 


Colorectal_Cancer_Diagnose_Stage_IV: 
 Never reached 


End_Colorectal_Adenoma: 
 Never reached 


Biopsy_Followup: 
 Never reached 


Adenoma_Biopsy: 
 Never reached 


Partial_Colectomy_Procedure: 
 Never reached 


Colorectal_Cancer_CarePlan: 
 Never reached 


Diagnostic_Colonoscopy_Encounter: 
 Never reached 


Diagnostic_Colonoscopy_Procedure: 
 Never reached 


Colorectal_Cancer_Stage_IV: 
 Never reached 


Delay_For_Partial_Colectomy_Recovery: 
 Never reached 


Wait_For_Diagnostic_Colonoscopy: 
 Never reached 


Adenoma_Removal: 
 Never reached 


End_Diverting_Colostomy_CarePlan: 
 Never reached 


Wait_For_Next_Routine_Colonoscopy: 
 Never reached 


Colorectal_Cancer_Stage_III: 
 Never reached 


Colorectal_Cancer_Symptom7_Ends: 
 Never reached 


End_Recurrent_Adenoma: 
 Never reached 


End_Colorectal_Cancer: 
 Never reached 


End_Colorectal_Cancer_CarePlan: 
 Never reached 


Count_A_Chemo_Treatment: 
 Never reached 


Wait_For_Oncologist_Encounter: 
 Never reached 


End_Partial_Colectomy_Encounter: 
 Never reached 


Diverting_Colostomy_CarePlan: 
 Never reached 


End_Symptom_Encounter: 
 Never reached 


Chemotherapy_Treatment_Delay: 
 Never reached 


Eventual_Death: 
 Never reached 


Terminal: 
 Never reached 


Malignant_Adenoma: 
 Never reached 


Colorectal_Cancer: 
 Never reached 


Wait_For_Biopsy_Followup: 
 Never reached 


End_Routine_Colonoscopy_with_Benign_Adenoma: 
 Never reached 


End_Diagnostic_Colonoscopy_Encounter: 
 Never reached 


Fecal_Test_Positive_Result: 
 Never reached 


Record_CMP: 
 Never reached 


End_Followup_Encounter_After_Adenoma_Removal: 
 Never reached 




MEDICATION RECONCILIATION MODULE
Wellness_Encounter:
 Total times entered: 27
 Population that ever hit this state: 1 (100.00%)
 Average # of hits per total population: 2700.00
 Average # of hits per person that ever hit state: 2700.00
 Population currently in state: 1 (100.00%)
 (duration metrics for wellness encounter omitted)
 Transitioned to:
 --> Med_Rec : 15 = 57.69%
 --> Initial : 11 = 42.31%

Initial:
 Total times entered: 27
 Population that ever hit this state: 1 (100.00%)
 Average # of hits per total population: 2700.00
 Average # of hits per person that ever hit state: 2700.00
 Population currently in state: 0 (0.00%)
 Transitioned to:
 --> Wellness_Encounter : 27 = 100.00%

Med_Rec:
 Total times entered: 15
 Population that ever hit this state: 1 (100.00%)
 Average # of hits per total population: 1500.00
 Average # of hits per person that ever hit state: 1500.00
 Population currently in state: 0 (0.00%)
 Transitioned to:
 --> Initial : 15 = 100.00%



OPIOID ADDICTION MODULE
Active_Addiction:
 Total times entered: 21
 Population that ever hit this state: 1 (100.00%)
 Average # of hits per total population: 2100.00
 Average # of hits per person that ever hit state: 2100.00
 Population currently in state: 1 (100.00%)
 Total duration: 4 months 28 days
 Average duration per time entered: 7 days 1 hour 8 minutes 34 seconds
 Average duration per person that ever entered state: 4 months 28 days
 Transitioned to:
 --> Active_Addiction : 20 = 100.00%

Opioid_Addiction_Symptom10:
 Total times entered: 1
 Population that ever hit this state: 1 (100.00%)
 Average # of hits per total population: 100.00
 Average # of hits per person that ever hit state: 100.00
 Population currently in state: 0 (0.00%)
 Transitioned to:
 --> Active_Addiction : 1 = 100.00%

Opioid_Addiction_Symptom9:
 Total times entered: 1
 Population that ever hit this state: 1 (100.00%)
 Average # of hits per total population: 100.00
 Average # of hits per person that ever hit state: 100.00
 Population currently in state: 0 (0.00%)
 Transitioned to:
 --> Opioid_Addiction_Symptom10 : 1 = 100.00%

Opioid_Addiction_Symptom8:
 Total times entered: 1
 Population that ever hit this state: 1 (100.00%)
 Average # of hits per total population: 100.00
 Average # of hits per person that ever hit state: 100.00
 Population currently in state: 0 (0.00%)
 Transitioned to:
 --> Opioid_Addiction_Symptom9 : 1 = 100.00%

Opioid_Addiction_Symptom7:
 Total times entered: 1
 Population that ever hit this state: 1 (100.00%)
 Average # of hits per total population: 100.00
 Average # of hits per person that ever hit state: 100.00
 Population currently in state: 0 (0.00%)
 Transitioned to:
 --> Opioid_Addiction_Symptom8 : 1 = 100.00%

Opioid_Addiction_Symptom6:
 Total times entered: 1
 Population that ever hit this state: 1 (100.00%)
 Average # of hits per total population: 100.00
 Average # of hits per person that ever hit state: 100.00
 Population currently in state: 0 (0.00%)
 Transitioned to:
 --> Opioid_Addiction_Symptom7 : 1 = 100.00%

Opioid_Addiction_Symptom5:
 Total times entered: 1
 Population that ever hit this state: 1 (100.00%)
 Average # of hits per total population: 100.00
 Average # of hits per person that ever hit state: 100.00
 Population currently in state: 0 (0.00%)
 Transitioned to:
 --> Opioid_Addiction_Symptom6 : 1 = 100.00%

Opioid_Addiction_Symptom4:
 Total times entered: 1
 Population that ever hit this state: 1 (100.00%)
 Average # of hits per total population: 100.00
 Average # of hits per person that ever hit state: 100.00
 Population currently in state: 0 (0.00%)
 Transitioned to:
 --> Opioid_Addiction_Symptom5 : 1 = 100.00%

Opioid_Addiction_Symptom3:
 Total times entered: 1
 Population that ever hit this state: 1 (100.00%)
 Average # of hits per total population: 100.00
 Average # of hits per person that ever hit state: 100.00
 Population currently in state: 0 (0.00%)
 Transitioned to:
 --> Opioid_Addiction_Symptom4 : 1 = 100.00%

Opioid_Addiction_Symptom2:
 Total times entered: 1
 Population that ever hit this state: 1 (100.00%)
 Average # of hits per total population: 100.00
 Average # of hits per person that ever hit state: 100.00
 Population currently in state: 0 (0.00%)
 Transitioned to:
 --> Opioid_Addiction_Symptom3 : 1 = 100.00%

Opioid_Addiction_Symptom1:
 Total times entered: 1
 Population that ever hit this state: 1 (100.00%)
 Average # of hits per total population: 100.00
 Average # of hits per person that ever hit state: 100.00
 Population currently in state: 0 (0.00%)
 Transitioned to:
 --> Opioid_Addiction_Symptom2 : 1 = 100.00%

Active_Addiction_Symptom_Onset:
 Total times entered: 1
 Population that ever hit this state: 1 (100.00%)
 Average # of hits per total population: 100.00
 Average # of hits per person that ever hit state: 100.00
 Population currently in state: 0 (0.00%)
 Transitioned to:
 --> Opioid_Addiction_Symptom1 : 1 = 100.00%

Misuse:
 Total times entered: 2
 Population that ever hit this state: 1 (100.00%)
 Average # of hits per total population: 200.00
 Average # of hits per person that ever hit state: 200.00
 Population currently in state: 0 (0.00%)
 Total duration: 14 days
 Average duration per time entered: 7 days
 Average duration per person that ever entered state: 14 days
 Transitioned to:
 --> Reset_Opioid_var_Towards_Gen_Pop : 1 = 50.00%
 --> Active_Addiction_Symptom_Onset : 1 = 50.00%

End_Prescription_Towards_Misuse:
 Total times entered: 2
 Population that ever hit this state: 1 (100.00%)
 Average # of hits per total population: 200.00
 Average # of hits per person that ever hit state: 200.00
 Population currently in state: 0 (0.00%)
 Transitioned to:
 --> Misuse : 2 = 100.00%

Directed_Use:
 Total times entered: 28
 Population that ever hit this state: 1 (100.00%)
 Average # of hits per total population: 2800.00
 Average # of hits per person that ever hit state: 2800.00
 Population currently in state: 0 (0.00%)
 Total duration: 6 months 16 days
 Average duration per time entered: 7 days
 Average duration per person that ever entered state: 6 months 16 days
 Transitioned to:
 --> End_Prescription_Towards_Gen_Pop : 9 = 32.14%
 --> End_Prescription_Towards_Misuse : 2 = 7.14%
 --> Directed_Use : 17 = 60.71%

End_Directed_Use_Encounter:
 Total times entered: 11
 Population that ever hit this state: 1 (100.00%)
 Average # of hits per total population: 1100.00
 Average # of hits per person that ever hit state: 1100.00
 Population currently in state: 0 (0.00%)
 Transitioned to:
 --> Directed_Use : 11 = 100.00%

Directed_Use_Prescription2:
 Total times entered: 5
 Population that ever hit this state: 1 (100.00%)
 Average # of hits per total population: 500.00
 Average # of hits per person that ever hit state: 500.00
 Population currently in state: 0 (0.00%)
 Transitioned to:
 --> End_Directed_Use_Encounter : 5 = 100.00%

Pain_Vital_2:
 Total times entered: 5
 Population that ever hit this state: 1 (100.00%)
 Average # of hits per total population: 500.00
 Average # of hits per person that ever hit state: 500.00
 Population currently in state: 0 (0.00%)
 Transitioned to:
 --> Directed_Use_Prescription2 : 5 = 100.00%

Enter_Directed_Use_Encounter2:
 Total times entered: 5
 Population that ever hit this state: 1 (100.00%)
 Average # of hits per total population: 500.00
 Average # of hits per person that ever hit state: 500.00
 Population currently in state: 0 (0.00%)
 Transitioned to:
 --> Pain_Vital_2 : 5 = 100.00%

Enter_Directed_Use_Condition2:
 Total times entered: 5
 Population that ever hit this state: 1 (100.00%)
 Average # of hits per total population: 500.00
 Average # of hits per person that ever hit state: 500.00
 Population currently in state: 0 (0.00%)
 Transitioned to:
 --> Enter_Directed_Use_Encounter2 : 5 = 100.00%

Enter_Directed_Use:
 Total times entered: 11
 Population that ever hit this state: 1 (100.00%)
 Average # of hits per total population: 1100.00
 Average # of hits per person that ever hit state: 1100.00
 Population currently in state: 0 (0.00%)
 Transitioned to:
 --> Enter_Directed_Use_Condition2 : 5 = 45.45%
 --> Enter_Directed_Use_Condition1 : 2 = 18.18%
 --> Enter_Directed_Use_Condition3 : 4 = 36.36%

General_Population:
 Total times entered: 17
 Population that ever hit this state: 1 (100.00%)
 Average # of hits per total population: 1700.00
 Average # of hits per person that ever hit state: 1700.00
 Population currently in state: 0 (0.00%)
 Total duration: 1 years 4 months
 Average duration per time entered: 30 days
 Average duration per person that ever entered state: 1 years 4 months
 Transitioned to:
 --> General_Population : 6 = 35.29%
 --> Enter_Directed_Use : 11 = 64.71%

Reset_Opioid_var_Towards_Gen_Pop:
 Total times entered: 10
 Population that ever hit this state: 1 (100.00%)
 Average # of hits per total population: 1000.00
 Average # of hits per person that ever hit state: 1000.00
 Population currently in state: 0 (0.00%)
 Transitioned to:
 --> General_Population : 10 = 100.00%

End_Prescription_Towards_Gen_Pop:
 Total times entered: 9
 Population that ever hit this state: 1 (100.00%)
 Average # of hits per total population: 900.00
 Average # of hits per person that ever hit state: 900.00
 Population currently in state: 0 (0.00%)
 Transitioned to:
 --> Reset_Opioid_var_Towards_Gen_Pop : 9 = 100.00%

Directed_Use_Prescription3:
 Total times entered: 4
 Population that ever hit this state: 1 (100.00%)
 Average # of hits per total population: 400.00
 Average # of hits per person that ever hit state: 400.00
 Population currently in state: 0 (0.00%)
 Transitioned to:
 --> End_Directed_Use_Encounter : 4 = 100.00%

Pain_Vital:
 Total times entered: 4
 Population that ever hit this state: 1 (100.00%)
 Average # of hits per total population: 400.00
 Average # of hits per person that ever hit state: 400.00
 Population currently in state: 0 (0.00%)
 Transitioned to:
 --> Directed_Use_Prescription3 : 4 = 100.00%

Enter_Directed_Use_Encounter3:
 Total times entered: 4
 Population that ever hit this state: 1 (100.00%)
 Average # of hits per total population: 400.00
 Average # of hits per person that ever hit state: 400.00
 Population currently in state: 0 (0.00%)
 Transitioned to:
 --> Pain_Vital : 4 = 100.00%

Enter_Directed_Use_Condition3:
 Total times entered: 4
 Population that ever hit this state: 1 (100.00%)
 Average # of hits per total population: 400.00
 Average # of hits per person that ever hit state: 400.00
 Population currently in state: 0 (0.00%)
 Transitioned to:
 --> Enter_Directed_Use_Encounter3 : 4 = 100.00%

Directed_Use_Prescription1:
 Total times entered: 2
 Population that ever hit this state: 1 (100.00%)
 Average # of hits per total population: 200.00
 Average # of hits per person that ever hit state: 200.00
 Population currently in state: 0 (0.00%)
 Transitioned to:
 --> End_Directed_Use_Encounter : 2 = 100.00%

Enter_Directed_Use_Procedure1:
 Total times entered: 2
 Population that ever hit this state: 1 (100.00%)
 Average # of hits per total population: 200.00
 Average # of hits per person that ever hit state: 200.00
 Population currently in state: 0 (0.00%)
 Transitioned to:
 --> Directed_Use_Prescription1 : 2 = 100.00%

Pain_Vital_3:
 Total times entered: 2
 Population that ever hit this state: 1 (100.00%)
 Average # of hits per total population: 200.00
 Average # of hits per person that ever hit state: 200.00
 Population currently in state: 0 (0.00%)
 Transitioned to:
 --> Enter_Directed_Use_Procedure1 : 2 = 100.00%

Enter_Directed_Use_Encounter1:
 Total times entered: 2
 Population that ever hit this state: 1 (100.00%)
 Average # of hits per total population: 200.00
 Average # of hits per person that ever hit state: 200.00
 Population currently in state: 0 (0.00%)
 Transitioned to:
 --> Pain_Vital_3 : 2 = 100.00%

Enter_Directed_Use_Condition1:
 Total times entered: 2
 Population that ever hit this state: 1 (100.00%)
 Average # of hits per total population: 200.00
 Average # of hits per person that ever hit state: 200.00
 Population currently in state: 0 (0.00%)
 Transitioned to:
 --> Enter_Directed_Use_Encounter1 : 2 = 100.00%

Guard:
 Total times entered: 1
 Population that ever hit this state: 1 (100.00%)
 Average # of hits per total population: 100.00
 Average # of hits per person that ever hit state: 100.00
 Population currently in state: 0 (0.00%)
 Total duration: 14 years 0 months
 Average duration per time entered: 14 years 0 months
 Average duration per person that ever entered state: 14 years 0 months
 Transitioned to:
 --> General_Population : 1 = 100.00%

Initial:
 Total times entered: 1
 Population that ever hit this state: 1 (100.00%)
 Average # of hits per total population: 100.00
 Average # of hits per person that ever hit state: 100.00
 Population currently in state: 0 (0.00%)
 Transitioned to:
 --> Guard : 1 = 100.00%

Addiction_Overdose: 
 Never reached 


Addiction_CarePlan_Selector: 
 Never reached 


Misuse_Overdose: 
 Never reached 


End_Misuse_Overdose_Encounter: 
 Never reached 


Pain_Vital_4: 
 Never reached 


Directed_Use_Overdose_Encounter: 
 Never reached 


End_Addiction_Overdose_Encounter: 
 Never reached 


Opioid_Addiction_CarePlan: 
 Never reached 


Detoxification: 
 Never reached 


Addiction_Treatment: 
 Never reached 


Death: 
 Never reached 


Addiction_Overdose_Encounter: 
 Never reached 


Recovery_Management: 
 Never reached 


End_Addiction_Treatment_Encounter: 
 Never reached 


End_Directed_Use_Overdose_Encounter: 
 Never reached 


Enter_Addiction_Treatment: 
 Never reached 


Recovery_Management_Delay: 
 Never reached 


End_Recovery_Management_Encounter: 
 Never reached 


Misuse_Overdose_Encounter: 
 Never reached 


Terminal: 
 Never reached 


Directed_Use_Overdose: 
 Never reached 




CONGESTIVE HEART FAILURE MODULE
Age Guard:
 Total times entered: 1
 Population that ever hit this state: 1 (100.00%)
 Average # of hits per total population: 100.00
 Average # of hits per person that ever hit state: 100.00
 Population currently in state: 1 (100.00%)
 Total duration: 16 years 4 months
 Average duration per time entered: 16 years 4 months
 Average duration per person that ever entered state: 16 years 4 months

Initial:
 Total times entered: 1
 Population that ever hit this state: 1 (100.00%)
 Average # of hits per total population: 100.00
 Average # of hits per person that ever hit state: 100.00
 Population currently in state: 0 (0.00%)
 Transitioned to:
 --> Age Guard : 1 = 100.00%

End Inpatient Encounter: 
 Never reached 


Inpatient Death decision: 
 Never reached 


Age_50-59-Chance of CHF: 
 Never reached 


Inpatient 3D Echo: 
 Never reached 


Record_MetabolicPanel: 
 Never reached 


acute inpatient CHF flare: 
 Never reached 


CHF Condition Start: 
 Never reached 


CHF Medication Start 1: 
 Never reached 


CHF Medication Start 2: 
 Never reached 


CHF initial workup encounter: 
 Never reached 


End Inpatient Care Plan: 
 Never reached 


Workup imaging for CHF: 
 Never reached 


Reset inpatient count: 
 Never reached 


End self-measurement: 
 Never reached 


Inpatient CarePlan: 
 Never reached 


O2 Vitals: 
 Never reached 


CHF careplan for smokers: 
 Never reached 


chance of CHF: 
 Never reached 


end_followup_encounter: 
 Never reached 


Inpatient_admittance: 
 Never reached 


Age_60-69-Chance of CHF: 
 Never reached 


Order medications: 
 Never reached 


Inpatient daily routine: 
 Never reached 


intra_encounter time gate: 
 Never reached 


Calculate LVEF: 
 Never reached 


CXR_Inpt_daily: 
 Never reached 


ED_End: 
 Never reached 


Assign CHF care plan: 
 Never reached 


Death: 
 Never reached 


Inpatient Discharge: 
 Never reached 


Skip daily measurement: 
 Never reached 


inpatient daily labs: 
 Never reached 


Age_70-79-Chance of CHF: 
 Never reached 


NTproBNP lab workup: 
 Never reached 


initial encounter end: 
 Never reached 


Read workup imaging: 
 Never reached 


followup_CHF_encounter: 
 Never reached 


Lasix IV: 
 Never reached 


Age_80-Chance of CHF: 
 Never reached 


Inpatient Daily Transition: 
 Never reached 


CHF onset: 
 Never reached 


CHF symptom onset 2: 
 Never reached 


Wrap up follow-up encounter: 
 Never reached 


CHF symptom onset 1: 
 Never reached 


Inpatient LOS: 
 Never reached 


Maintaining CHF with Telemedicine: 
 Never reached 


Admit_Discharge Transition: 
 Never reached 


CHF symptom onset 3: 
 Never reached 


Daily Self-Measurement Encounter: 
 Never reached 


CHF careplan: 
 Never reached 


Terminal: 
 Never reached 


Potential CHF Flare: 
 Never reached 


CXR_ED: 
 Never reached 


Daily self-measurement: 
 Never reached 


Report workup imaging: 
 Never reached 


Count inpatient stays: 
 Never reached 


Maintaining CHF: 
 Never reached 


Record_CMP: 
 Never reached 


CHF ED Visit: 
 Never reached 


Inpatient Discharge decision: 
 Never reached 




DIALYSIS MODULE
CKD guard:
 Total times entered: 1
 Population that ever hit this state: 1 (100.00%)
 Average # of hits per total population: 100.00
 Average # of hits per person that ever hit state: 100.00
 Population currently in state: 1 (100.00%)
 Total duration: 16 years 4 months
 Average duration per time entered: 16 years 4 months
 Average duration per person that ever entered state: 16 years 4 months

Initial:
 Total times entered: 1
 Population that ever hit this state: 1 (100.00%)
 Average # of hits per total population: 100.00
 Average # of hits per person that ever hit state: 100.00
 Population currently in state: 0 (0.00%)
 Transitioned to:
 --> CKD guard : 1 = 100.00%

Dialysis CarePlan: 
 Never reached 


Physician Monthly Enc: 
 Never reached 


end encounter: 
 Never reached 


end dialysis: 
 Never reached 


Record_Urinalysis: 
 Never reached 


Pain_Vital: 
 Never reached 


3 day delay: 
 Never reached 


Dialysis: 
 Never reached 


Record_CMP: 
 Never reached 


Dialysis weight record: 
 Never reached 


Dialysis_Encounter: 
 Never reached 




ALLERGIC RHINITIS MODULE
Terminal:
 Total times entered: 1
 Population that ever hit this state: 1 (100.00%)
 Average # of hits per total population: 100.00
 Average # of hits per person that ever hit state: 100.00
 Population currently in state: 1 (100.00%)

Not_Atopic:
 Total times entered: 1
 Population that ever hit this state: 1 (100.00%)
 Average # of hits per total population: 100.00
 Average # of hits per person that ever hit state: 100.00
 Population currently in state: 0 (0.00%)
 Transitioned to:
 --> Terminal : 1 = 100.00%

Delay_For_Atopy:
 Total times entered: 1
 Population that ever hit this state: 1 (100.00%)
 Average # of hits per total population: 100.00
 Average # of hits per person that ever hit state: 100.00
 Population currently in state: 0 (0.00%)
 Total duration: 7 days
 Average duration per time entered: 7 days
 Average duration per person that ever entered state: 7 days
 Transitioned to:
 --> Not_Atopic : 1 = 100.00%

Initial:
 Total times entered: 1
 Population that ever hit this state: 1 (100.00%)
 Average # of hits per total population: 100.00
 Average # of hits per person that ever hit state: 100.00
 Population currently in state: 0 (0.00%)
 Transitioned to:
 --> Delay_For_Atopy : 1 = 100.00%

Living_With_Allergic_Rhinitis: 
 Never reached 


Outgrow_Allergic_Rhinitis?: 
 Never reached 


Symptom_Period: 
 Never reached 


Allergic_Rhinitis_Diagnosis: 
 Never reached 


Allergic_Rhinitis_Symptom1_Ends: 
 Never reached 


Allergic_Rhinitis_Symptom4_Ends: 
 Never reached 


Prescribe_OTC_Antihistamine: 
 Never reached 


Atopic: 
 Never reached 


Advise_To_Visit_Allergist: 
 Never reached 


Allergic_Rhinitis_Symptom5_Ends: 
 Never reached 


Allergic_Rhinitis_Symptom2_Ends: 
 Never reached 


Allergic_Rhinitis_Subsides: 
 Never reached 


Has_Perennial_And_Seasonal_Allergic_Rhinitis: 
 Never reached 


Allergic_Rhinitis_Symptom3_Ends: 
 Never reached 


Has_Perennial_Allergic_Rhinitis: 
 Never reached 


Delay_Until_Early_Mid_Childhood: 
 Never reached 


Has_Seasonal_Allergic_Rhinitis: 
 Never reached 


Allergic_Rhinitis_Symptom5: 
 Never reached 


Allergic_Rhinitis_Symptom4: 
 Never reached 


Allergic_Rhinitis_Symptom3: 
 Never reached 


Allergic_Rhinitis_Symptom2: 
 Never reached 


Allergic_Rhinitis_Symptom1: 
 Never reached 


Has_Allergic_Rhinitis: 
 Never reached 


End_Allergic_Rhinitis_Diagnosis: 
 Never reached 




VETERAN SELF HARM MODULE
Veteran Guard:
 Total times entered: 1
 Population that ever hit this state: 1 (100.00%)
 Average # of hits per total population: 100.00
 Average # of hits per person that ever hit state: 100.00
 Population currently in state: 1 (100.00%)
 Total duration: 16 years 4 months
 Average duration per time entered: 16 years 4 months
 Average duration per person that ever entered state: 16 years 4 months

Initial:
 Total times entered: 1
 Population that ever hit this state: 1 (100.00%)
 Average # of hits per total population: 100.00
 Average # of hits per person that ever hit state: 100.00
 Population currently in state: 0 (0.00%)
 Transitioned to:
 --> Veteran Guard : 1 = 100.00%

VA Hotline Call: 
 Never reached 


Short_Hospital_Stay: 
 Never reached 


Psychiatric_Evaluation: 
 Never reached 


Hotline Mental Health Note: 
 Never reached 


Autopsy_Examination: 
 Never reached 


End_Suicide: 
 Never reached 


Delay 18 to 34 years old: 
 Never reached 


Delay_Until_Outpatient_Followup: 
 Never reached 


Attempt_By_Poisoning: 
 Never reached 


Followup_Psychiatric_Evaluation: 
 Never reached 


Fatal_Attempt: 
 Never reached 


Suicide_By_Suffocation: 
 Never reached 


Delay 35 to 54 years old: 
 Never reached 


Non_Fatal_Attempt: 
 Never reached 


Comorbidity Check: 
 Never reached 


Attempts_Suicide: 
 Never reached 


Autopsy_Encounter: 
 Never reached 


Delay 75 to 110 years old: 
 Never reached 


Delay 55 to 74 years old: 
 Never reached 


Delay_Until_Next_Attempt: 
 Never reached 


ED_Visit_For_Attempted_Suicide: 
 Never reached 


End_Attempted_Suicide_Observation_Period: 
 Never reached 


Suicide_By_Firearm: 
 Never reached 


Terminal: 
 Never reached 


Suicide_By_Poisoning: 
 Never reached 


Suicide_By_Other_Means: 
 Never reached 


MH & SUD Comorbidty Check: 
 Never reached 


end telehealth: 
 Never reached 


Attempted_Suicide_Followup: 
 Never reached 


End_Suicide_Attempt: 
 Never reached 


Attempt_By_Suffocation: 
 Never reached 


Death: 
 Never reached 


VA Hotline Encounter: 
 Never reached 


Suicide_CarePlan: 
 Never reached 


End_Followup_Encounter: 
 Never reached 


Attempt_By_Cutting: 
 Never reached 


Suicide_CarePlan_Selector: 
 Never reached 




PREGNANCY MODULE
Become_Pregnant_Guard:
 Total times entered: 1
 Population that ever hit this state: 1 (100.00%)
 Average # of hits per total population: 100.00
 Average # of hits per person that ever hit state: 100.00
 Population currently in state: 1 (100.00%)
 Total duration: 16 years 4 months
 Average duration per time entered: 16 years 4 months
 Average duration per person that ever entered state: 16 years 4 months

Initially_No_Children:
 Total times entered: 1
 Population that ever hit this state: 1 (100.00%)
 Average # of hits per total population: 100.00
 Average # of hits per person that ever hit state: 100.00
 Population currently in state: 0 (0.00%)
 Transitioned to:
 --> Become_Pregnant_Guard : 1 = 100.00%

Initially_Not_Pregnant:
 Total times entered: 1
 Population that ever hit this state: 1 (100.00%)
 Average # of hits per total population: 100.00
 Average # of hits per person that ever hit state: 100.00
 Population currently in state: 0 (0.00%)
 Transitioned to:
 --> Initially_No_Children : 1 = 100.00%

Initial:
 Total times entered: 1
 Population that ever hit this state: 1 (100.00%)
 Average # of hits per total population: 100.00
 Average # of hits per person that ever hit state: 100.00
 Population currently in state: 0 (0.00%)
 Transitioned to:
 --> Initially_Not_Pregnant : 1 = 100.00%

Week_24_Visit: 
 Never reached 


Episiotomy: 
 Never reached 


Early_Uknown_Complication: 
 Never reached 


Spontaneous_Breech: 
 Never reached 


End_Birth_Encounter: 
 Never reached 


End_Week_24_Visit: 
 Never reached 


Physical_Exam_Post_Miscarriage: 
 Never reached 


Pregnancy_CarePlan_Ends: 
 Never reached 


Week_28: 
 Never reached 


Depression_Screening_Post_Abortion: 
 Never reached 


Non_Low_Risk_Pregnancy: 
 Never reached 


Varicella_Test: 
 Never reached 


Birth_Intervention: 
 Never reached 


Week_20: 
 Never reached 


Week_24: 
 Never reached 


Spontaneous_Vaginal_Delivery: 
 Never reached 


End_Miscarriage_Followup_Encounter: 
 Never reached 


End_Initial_Visit_Towards_Abortion: 
 Never reached 


Wait_For_Ectopic_Pregnancy_Encounter: 
 Never reached 


Rubella_Screen: 
 Never reached 


Non_Low_Risk_Pregnancy_Ends: 
 Never reached 


HIV_Test: 
 Never reached 


Induced_Abortion_Encounter: 
 Never reached 


Induced_Abortion_Procedure: 
 Never reached 


Urine_Protein_Test: 
 Never reached 


Week_38: 
 Never reached 


Blighted_Ovum: 
 Never reached 


Week_39: 
 Never reached 


Week_36_Fundal_Height: 
 Never reached 


Abortion_Followup_Encounter: 
 Never reached 


End_Postnatal_Visit: 
 Never reached 


Week_32: 
 Never reached 


Pregnancy_Complication_Ends: 
 Never reached 


RhoD_Immune_Globulin: 
 Never reached 


Induced_Birth_Procedure: 
 Never reached 


Week_36: 
 Never reached 


Physical_Exam_Post_Birth: 
 Never reached 


Elected_CS: 
 Never reached 


Week_28_Fetal_Heartbeat: 
 Never reached 


Normal_Pregnancy_Completion: 
 Never reached 


Wait_For_Miscarriage_Followup_Encounter: 
 Never reached 


Pregnancy_Test: 
 Never reached 


Premature_Birth: 
 Never reached 


Assisted_Delivery: 
 Never reached 


Week_16_Fundal_Height: 
 Never reached 


Miscarriage_In_Second_Trimester: 
 Never reached 


RhoD_Immune_Globulin_Post_Miscarriage: 
 Never reached 


Week_24_Fundal_Height: 
 Never reached 


Ectopic_Pregnancy_Encounter: 
 Never reached 


End_Week_36_Visit: 
 Never reached 


Induced_Birth: 
 Never reached 


Ectopic_Pregnancy_Surgery_Procedure: 
 Never reached 


Second_Hemoglobin_Test: 
 Never reached 


Pre_Eclampsia_Check: 
 Never reached 


Birth: 
 Never reached 


Miscarriage_Ends: 
 Never reached 


RhoD_Immune_Globulin_Post_Birth: 
 Never reached 


Six_Weeks_After_Birth: 
 Never reached 


End_Initial_Visit_Towards_Ectopic_Pregnancy: 
 Never reached 


Week_12_Visit: 
 Never reached 


Prenatal_Initial_Visit: 
 Never reached 


Miscarriage_Fatal_Pregnancy_Complication_Ends: 
 Never reached 


End_Week_12_Visit: 
 Never reached 


Ectopic_Pregnancy: 
 Never reached 


Wait_For_Induced_Abortion: 
 Never reached 


Premature_Birth_Procedure: 
 Never reached 


Hemoglobin_Test: 
 Never reached 


Diabetes_Screen: 
 Never reached 


Week_32_Fetal_Heartbeat: 
 Never reached 


Week_20_Fetal_Heartbeat: 
 Never reached 


Inital_Visit_Fundal_Height: 
 Never reached 


Tdap_Vaccine: 
 Never reached 


Week_38_Fundal_Height: 
 Never reached 


Week_16: 
 Never reached 


Wait_For_Abortion_Followup_Encounter: 
 Never reached 


Week_38_Fetal_Heartbeat: 
 Never reached 


End_Miscarriage_Encounter: 
 Never reached 


End_Week_41_Visit: 
 Never reached 


Week_39_Fundal_Height: 
 Never reached 


Week_41_Visit: 
 Never reached 


Week_12: 
 Never reached 


Week_41_Fetal_Heartbeat: 
 Never reached 


Delay_Eight_Weeks: 
 Never reached 


Emergency_CS: 
 Never reached 


Week_36_Visit: 
 Never reached 


Antibody_Screen: 
 Never reached 


Fetal_Aneuploidy_Screen: 
 Never reached 


Develop_Pre_Eclampsia: 
 Never reached 


Week_24_Fetal_Heartbeat: 
 Never reached 


Unknown_Complication: 
 Never reached 


Hospital_Admission_For_Birth: 
 Never reached 


Glucose_Screen: 
 Never reached 


Miscarriage_Followup_Encounter: 
 Never reached 


Syphilis_Test: 
 Never reached 


Week_40_Visit: 
 Never reached 


Pap_Smear: 
 Never reached 


Pregnancy_Termination_Care: 
 Never reached 


Abortion_Ends: 
 Never reached 


Pregnancy_CarePlan: 
 Never reached 


AFP_Test: 
 Never reached 


Week_16_Fetal_Heartbeat: 
 Never reached 


Induction: 
 Never reached 


Late_Fetal_Chromosomal_Anomaly: 
 Never reached 


Hep_C_Test: 
 Never reached 


End_Week_20_Visit: 
 Never reached 


Week_20_Visit: 
 Never reached 


Week_38_Visit: 
 Never reached 


Normal_Birth_Procedure: 
 Never reached 


Augmentation: 
 Never reached 


Chlamydia_Test: 
 Never reached 


End_Week_38_Visit: 
 Never reached 


End_Week_40_Visit: 
 Never reached 


Normal_Pregnancy_Ends: 
 Never reached 


Physical_Exam: 
 Never reached 


Week_32_Fundal_Height: 
 Never reached 


Develop_Eclampsia: 
 Never reached 


Week_39_Fetal_Heartbeat: 
 Never reached 


Tuberculosis_Test: 
 Never reached 


End_Week_16_Visit: 
 Never reached 


Week_39_Visit: 
 Never reached 


Pre_Eclampsia_Becomes_Eclampsia: 
 Never reached 


Methotrexate_Injection: 
 Never reached 


End_Week_39_Visit: 
 Never reached 


Week_40_Fundal_Height: 
 Never reached 


Become_Pregnant: 
 Never reached 


Urine_Culture: 
 Never reached 


Week_12_Fetal_Heartbeat: 
 Never reached 


Week_40_Fetal_Heartbeat: 
 Never reached 


Week_41: 
 Never reached 


Week_20_Fundal_Height: 
 Never reached 


Uterine_Anomaly: 
 Never reached 


End_Week_32_Visit: 
 Never reached 


Postnatal_Visit: 
 Never reached 


Week_32_Visit: 
 Never reached 


Week_12_Fundal_Height: 
 Never reached 


Induced_Abortion_Therapy: 
 Never reached 


Week_36_Fetal_Heartbeat: 
 Never reached 


Week_40: 
 Never reached 


Gonorrhea_Test: 
 Never reached 


Epidural: 
 Never reached 


Normal_Birth: 
 Never reached 


Hep_B_Surface_Antigen: 
 Never reached 


Week_28_Fundal_Height: 
 Never reached 


Depression_Screening_Post_Miscarriage: 
 Never reached 


Inital_Visit_Fetal_Heartbeat: 
 Never reached 


Fetal_Anatomy_Study: 
 Never reached 


Fetal_Viability_Ultrasound: 
 Never reached 


Physical_Exam_Post_Abortion: 
 Never reached 


Week_28_Visit: 
 Never reached 


Week_41_Fundal_Height: 
 Never reached 


Terminal: 
 Never reached 


Give_Birth: 
 Never reached 


End_Abortion_Followup_Encounter: 
 Never reached 


Group_B_Strep_Test: 
 Never reached 


RhoD_Immune_Globulin_Post_Abortion: 
 Never reached 


Unset_Pregnancy_Complication_Attribute: 
 Never reached 


Unset_Pregnant_Attribute: 
 Never reached 


End_Week_28_Visit: 
 Never reached 


Miscarriage_In_First_Trimester: 
 Never reached 


End_Induced_Abortion_Encounter: 
 Never reached 


End_Prenatal_Initial_Visit: 
 Never reached 


Blood_Typing: 
 Never reached 


Depression_Screening_Post_Birth: 
 Never reached 


Week_16_Visit: 
 Never reached 




SELF HARM MODULE
Terminal:
 Total times entered: 1
 Population that ever hit this state: 1 (100.00%)
 Average # of hits per total population: 100.00
 Average # of hits per person that ever hit state: 100.00
 Population currently in state: 1 (100.00%)

Initial:
 Total times entered: 1
 Population that ever hit this state: 1 (100.00%)
 Average # of hits per total population: 100.00
 Average # of hits per person that ever hit state: 100.00
 Population currently in state: 0 (0.00%)
 Transitioned to:
 --> Terminal : 1 = 100.00%

Delay_Until_35_44: 
 Never reached 


Short_Hospital_Stay: 
 Never reached 


Psychiatric_Evaluation: 
 Never reached 


Autopsy_Examination: 
 Never reached 


End_Suicide: 
 Never reached 


Delay_Until_Outpatient_Followup: 
 Never reached 


Attempt_By_Poisoning: 
 Never reached 


Attempted_Suicide_Incidence_By_Age: 
 Never reached 


Followup_Psychiatric_Evaluation: 
 Never reached 


Fatal_Attempt: 
 Never reached 


Delay_Until_Teens: 
 Never reached 


Delay_Until_65_84: 
 Never reached 


Suicide_By_Suffocation: 
 Never reached 


Non_Fatal_Attempt: 
 Never reached 


Attempts_Suicide: 
 Never reached 


Autopsy_Encounter: 
 Never reached 


Delay_Until_Next_Attempt: 
 Never reached 


ED_Visit_For_Attempted_Suicide: 
 Never reached 


End_Attempted_Suicide_Observation_Period: 
 Never reached 


Delay_Until_85_Plus: 
 Never reached 


Suicide_By_Firearm: 
 Never reached 


Suicide_By_Poisoning: 
 Never reached 


Suicide_By_Other_Means: 
 Never reached 


Delay_Until_45_64: 
 Never reached 


Delay_Until_20_34: 
 Never reached 


Attempted_Suicide_Followup: 
 Never reached 


End_Suicide_Attempt: 
 Never reached 


Attempt_By_Suffocation: 
 Never reached 


Death: 
 Never reached 


Suicide_CarePlan: 
 Never reached 


End_Followup_Encounter: 
 Never reached 


Attempt_By_Cutting: 
 Never reached 


Suicide_CarePlan_Selector: 
 Never reached 




ATOPY MODULE
Terminal:
 Total times entered: 1
 Population that ever hit this state: 1 (100.00%)
 Average # of hits per total population: 100.00
 Average # of hits per person that ever hit state: 100.00
 Population currently in state: 1 (100.00%)

Initial:
 Total times entered: 1
 Population that ever hit this state: 1 (100.00%)
 Average # of hits per total population: 100.00
 Average # of hits per person that ever hit state: 100.00
 Population currently in state: 0 (0.00%)
 Transitioned to:
 --> Terminal : 1 = 100.00%

Is_Atopic: 
 Never reached 




VETERAN MDD MODULE
age guard:
 Total times entered: 1
 Population that ever hit this state: 1 (100.00%)
 Average # of hits per total population: 100.00
 Average # of hits per person that ever hit state: 100.00
 Population currently in state: 1 (100.00%)
 Total duration: 16 years 4 months
 Average duration per time entered: 16 years 4 months
 Average duration per person that ever entered state: 16 years 4 months

Initial:
 Total times entered: 1
 Population that ever hit this state: 1 (100.00%)
 Average # of hits per total population: 100.00
 Average # of hits per person that ever hit state: 100.00
 Population currently in state: 0 (0.00%)
 Transitioned to:
 --> age guard : 1 = 100.00%

MDD Episode: 
 Never reached 


positive_re_eval_phq9: 
 Never reached 


MDD_Encounter: 
 Never reached 


MDD_Careplan_Psych: 
 Never reached 


MDD Chronic Pain Med: 
 Never reached 


Therapy_Note: 
 Never reached 


Male: 
 Never reached 


MDD_Initial_Careplan: 
 Never reached 


Non_Veteran: 
 Never reached 


MDD_Careplan_Psych_and_Rx: 
 Never reached 


veteran guard: 
 Never reached 


Therapy_Visit: 
 Never reached 


end_Psych_encounter: 
 Never reached 


MDD_Careplan_Rx_ONLY: 
 Never reached 


end re_evaluation_medication: 
 Never reached 


Female: 
 Never reached 


MDD Medication Order: 
 Never reached 


end_MDD_Re_evaluation Encounter: 
 Never reached 


Veteran: 
 Never reached 


Change_Dx_Not_MDD: 
 Never reached 


Initial_Psychiatric_MDD_Encounter: 
 Never reached 


end_MDD_Encounter: 
 Never reached 


therapy_delay: 
 Never reached 


MDD_Re_evaluation Encounter: 
 Never reached 


end therapy visit: 
 Never reached 


Time Gate: 
 Never reached 


Terminal: 
 Never reached 


Positive_PHQ9: 
 Never reached 


negative_re_eval_phq9: 
 Never reached 


MDD Diagnosis: 
 Never reached 


Negative_PHQ9: 
 Never reached 




ASTHMA MODULE
Terminal:
 Total times entered: 1
 Population that ever hit this state: 1 (100.00%)
 Average # of hits per total population: 100.00
 Average # of hits per person that ever hit state: 100.00
 Population currently in state: 1 (100.00%)

Not_Atopic:
 Total times entered: 1
 Population that ever hit this state: 1 (100.00%)
 Average # of hits per total population: 100.00
 Average # of hits per person that ever hit state: 100.00
 Population currently in state: 0 (0.00%)
 Transitioned to:
 --> Terminal : 1 = 100.00%

Delay_For_Atopy:
 Total times entered: 1
 Population that ever hit this state: 1 (100.00%)
 Average # of hits per total population: 100.00
 Average # of hits per person that ever hit state: 100.00
 Population currently in state: 0 (0.00%)
 Total duration: 7 days
 Average duration per time entered: 7 days
 Average duration per person that ever entered state: 7 days
 Transitioned to:
 --> Not_Atopic : 1 = 100.00%

Initial:
 Total times entered: 1
 Population that ever hit this state: 1 (100.00%)
 Average # of hits per total population: 100.00
 Average # of hits per person that ever hit state: 100.00
 Population currently in state: 0 (0.00%)
 Transitioned to:
 --> Delay_For_Atopy : 1 = 100.00%

Delay_Until_Adulthood: 
 Never reached 


Delay_For_Childhood_Asthma: 
 Never reached 


Asthma_Symptom3_Ends: 
 Never reached 


Asthma_Diagnosis: 
 Never reached 


Asthma_ED_Visit: 
 Never reached 


Atopic: 
 Never reached 


Followup_End: 
 Never reached 


Prescribe_Emergency_Inhaler: 
 Never reached 


End_Diagnosis_Encounter: 
 Never reached 


Asthma_Attack: 
 Never reached 


Nonsmoker_CarePlan: 
 Never reached 


Next_Adult_Welness_Encounter: 
 Never reached 


Asthma_Symptom3: 
 Never reached 


Asthma_Symptom2: 
 Never reached 


Asthma_Symptom1: 
 Never reached 


Next_Wellness_Encounter: 
 Never reached 


Asthma_Attack_Followup: 
 Never reached 


Asthma_CarePlan_Selector: 
 Never reached 


Set_Childhood_Asthma: 
 Never reached 


Asthma_Symptom5_Ends: 
 Never reached 


Asthma_Symptom2_Ends: 
 Never reached 


Childhood_Asthma_May_Subside: 
 Never reached 


Set_Adult_Asthma: 
 Never reached 


End_Asthma_ED_Visit: 
 Never reached 


Childhood_Asthma_Becomes_Lifelong_Asthma: 
 Never reached 


Maintenance_Medication_End: 
 Never reached 


Asthma_Symptom6: 
 Never reached 


Asthma_Symptom5: 
 Never reached 


Asthma_Symptom4: 
 Never reached 


End_Asthma_CarePlan: 
 Never reached 


Lifelong_Asthma: 
 Never reached 


Prescribe_Maintenance_Inhaler: 
 Never reached 


Delay_For_Followup: 
 Never reached 


Asthma_Symptom6_Ends: 
 Never reached 


Lifelong_Asthma_Begins: 
 Never reached 


Adult_Asthma_Begins: 
 Never reached 


Potential_Asthma_Attack: 
 Never reached 


Childhood_Asthma_Subsides: 
 Never reached 


Maintaining_Asthma: 
 Never reached 


Asthma_Symptom4_Ends: 
 Never reached 


Smoker_CarePlan: 
 Never reached 


Asthma_Symptom1_Ends: 
 Never reached 


Childhood_Asthma_Begins: 
 Never reached 


Asthma_Incidence: 
 Never reached 


Asthma_Screening: 
 Never reached 


Emergency_Medication_End: 
 Never reached 




LUNG CANCER MODULE
Ages_45_65:
 Total times entered: 1
 Population that ever hit this state: 1 (100.00%)
 Average # of hits per total population: 100.00
 Average # of hits per person that ever hit state: 100.00
 Population currently in state: 1 (100.00%)
 Total duration: 16 years 4 months
 Average duration per time entered: 16 years 4 months
 Average duration per person that ever entered state: 16 years 4 months

Initial:
 Total times entered: 1
 Population that ever hit this state: 1 (100.00%)
 Average # of hits per total population: 100.00
 Average # of hits per person that ever hit state: 100.00
 Population currently in state: 0 (0.00%)
 Transitioned to:
 --> Ages_45_65 : 1 = 100.00%

Pain_Vital_3: 
 Never reached 


Pain_Vital_2: 
 Never reached 


End_SCLC_Treatment_Encounter: 
 Never reached 


NSCLC Chemotheraphy IIB: 
 Never reached 


Small Cell Lung Cancer: 
 Never reached 


Diagnosis Encounter IV: 
 Never reached 


Lung Cancer Probabilities: 
 Never reached 


NSCLC Treatment Encounter: 
 Never reached 


Hearing_Test: 
 Never reached 


NSCLC III: 
 Never reached 


NSCLC Chemotheraphy II: 
 Never reached 


Non-Small Cell Lung Cancer: 
 Never reached 


SCLC Treatment Delay: 
 Never reached 


Decrease in appetite: 
 Never reached 


Undiagnosed_Lung_Cancer: 
 Never reached 


Stage II: 
 Never reached 


SCLC Radiation: 
 Never reached 


Stage I: 
 Never reached 


Onset_Lung_Cancer: 
 Never reached 


Bloody Cough: 
 Never reached 


Stage IV: 
 Never reached 


NSCLC Chemotheraphy IB: 
 Never reached 


Record_CBC_Panel: 
 Never reached 


Thoracentesis (Fluid): 
 Never reached 


End_Diagnosis_Encounter_II: 
 Never reached 


NSCLC Chemotheraphy I: 
 Never reached 


Chest X-Ray: 
 Never reached 


Fatigue: 
 Never reached 


NSCLC Radiation: 
 Never reached 


Suspected Lung Cancer: 
 Never reached 


Stage III: 
 Never reached 


Head and neck swelling: 
 Never reached 


MRI Brain: 
 Never reached 


SCLC Chemotheraphy I: 
 Never reached 


Shortness of Breath: 
 Never reached 


Sweats: 
 Never reached 


Bronchoscopy (Tube): 
 Never reached 


Record_Urinalysis_3: 
 Never reached 


SCLC I: 
 Never reached 


Schedule Follow Up I: 
 Never reached 


Needle Biopsy (Cells): 
 Never reached 


Diagnosis Encounter I: 
 Never reached 


Chest CT: 
 Never reached 


Hearing Test: 
 Never reached 


SCLC Chemotheraphy II: 
 Never reached 


SCLC Chemotheraphy IIB: 
 Never reached 


Record_CMP_2: 
 Never reached 


NSCLC Treatment Path: 
 Never reached 


SCLC Chemotheraphy IB: 
 Never reached 


Chest_CT: 
 Never reached 


End_Diagnosis_Encounter_IV: 
 Never reached 


Increment_Counter: 
 Never reached 


Pain_Vital: 
 Never reached 


Lung_Cancer_CarePlan: 
 Never reached 


Decrease in weight: 
 Never reached 


SCLC Treatment Path: 
 Never reached 


SCLC II: 
 Never reached 


End_Diagnosis_Encounter_III: 
 Never reached 


End_NSCLC_Treatment_Encounter: 
 Never reached 


SCLC: 
 Never reached 


SCLC IV: 
 Never reached 


NSCLC Treatment Delay: 
 Never reached 


SCLC III: 
 Never reached 


NSCLC: 
 Never reached 


SCLC Treatment Encounter: 
 Never reached 


Sputum Cytology (Phelgm): 
 Never reached 


NSCLC I: 
 Never reached 


End_Diagnosis_Encounter_I: 
 Never reached 


NSCLC II: 
 Never reached 


Schedule Follow Up III: 
 Never reached 


Record_CBC_Panel_2: 
 Never reached 


Terminal: 
 Never reached 


Cough: 
 Never reached 


Fever: 
 Never reached 


Record_Urinalysis: 
 Never reached 


Init_Lung_Cancer_Counter: 
 Never reached 


Chest CT Scan: 
 Never reached 


Chest Pain: 
 Never reached 


Diagnosis Encounter III: 
 Never reached 


Diagnosis Encounter II: 
 Never reached 


Schedule Follow Up II: 
 Never reached 


NSCLC IV: 
 Never reached 


Record_CMP: 
 Never reached 




CONTRACEPTIVES MODULE
Route_To_Guard:
 Total times entered: 3
 Population that ever hit this state: 1 (100.00%)
 Average # of hits per total population: 300.00
 Average # of hits per person that ever hit state: 300.00
 Population currently in state: 1 (100.00%)
 Total duration: 2 years 4 months
 Average duration per time entered: 9 months 21 days
 Average duration per person that ever entered state: 2 years 4 months
 Transitioned to:
 --> Reset_Contraceptive_Use : 2 = 100.00%

Contraceptive_Prescribed?:
 Total times entered: 3
 Population that ever hit this state: 1 (100.00%)
 Average # of hits per total population: 300.00
 Average # of hits per person that ever hit state: 300.00
 Population currently in state: 0 (0.00%)
 Transitioned to:
 --> Route_To_Guard : 3 = 100.00%

Using_Patch:
 Total times entered: 2
 Population that ever hit this state: 1 (100.00%)
 Average # of hits per total population: 200.00
 Average # of hits per person that ever hit state: 200.00
 Population currently in state: 0 (0.00%)
 Transitioned to:
 --> Contraceptive_Prescribed? : 1 = 50.00%
 --> Initial : 1 = 50.00%

Terminal:
 Total times entered: 5
 Population that ever hit this state: 1 (100.00%)
 Average # of hits per total population: 500.00
 Average # of hits per person that ever hit state: 500.00
 Population currently in state: 0 (0.00%)
 Transitioned to:
 --> Reset_Contraceptive_Use : 2 = 40.00%
 --> Using_Oral_Contraceptive : 2 = 40.00%
 --> Using_Patch : 1 = 20.00%

End_Consultation_Encounter:
 Total times entered: 1
 Population that ever hit this state: 1 (100.00%)
 Average # of hits per total population: 100.00
 Average # of hits per person that ever hit state: 100.00
 Population currently in state: 0 (0.00%)
 Transitioned to:
 --> Terminal : 1 = 100.00%

Prescribe_Xulane:
 Total times entered: 1
 Population that ever hit this state: 1 (100.00%)
 Average # of hits per total population: 100.00
 Average # of hits per person that ever hit state: 100.00
 Population currently in state: 0 (0.00%)
 Transitioned to:
 --> End_Consultation_Encounter : 1 = 100.00%

Patch_Contraceptive_Consultation:
 Total times entered: 1
 Population that ever hit this state: 1 (100.00%)
 Average # of hits per total population: 100.00
 Average # of hits per person that ever hit state: 100.00
 Population currently in state: 0 (0.00%)
 Transitioned to:
 --> Prescribe_Xulane : 1 = 100.00%

Set_Contraceptive_Type:
 Total times entered: 3
 Population that ever hit this state: 1 (100.00%)
 Average # of hits per total population: 300.00
 Average # of hits per person that ever hit state: 300.00
 Population currently in state: 0 (0.00%)
 Transitioned to:
 --> Encounter_For_Oral_Contraceptive : 2 = 66.67%
 --> Patch_Contraceptive_Consultation : 1 = 33.33%

Initial:
 Total times entered: 6
 Population that ever hit this state: 1 (100.00%)
 Average # of hits per total population: 600.00
 Average # of hits per person that ever hit state: 600.00
 Population currently in state: 0 (0.00%)
 Transitioned to:
 --> Set_Contraceptive_Type : 3 = 50.00%
 --> Delay_Until_Reproductive_Age : 1 = 16.67%
 --> Clear_Contraceptive_Med : 2 = 33.33%

Young_Contraceptive_Use:
 Total times entered: 3
 Population that ever hit this state: 1 (100.00%)
 Average # of hits per total population: 300.00
 Average # of hits per person that ever hit state: 300.00
 Population currently in state: 0 (0.00%)
 Transitioned to:
 --> Using_Oral_Contraceptive : 2 = 66.67%
 --> Using_Patch : 1 = 33.33%

Female_Contraceptive_Use:
 Total times entered: 3
 Population that ever hit this state: 1 (100.00%)
 Average # of hits per total population: 300.00
 Average # of hits per person that ever hit state: 300.00
 Population currently in state: 0 (0.00%)
 Transitioned to:
 --> Young_Contraceptive_Use : 3 = 100.00%

Reset_Contraceptive_Use:
 Total times entered: 4
 Population that ever hit this state: 1 (100.00%)
 Average # of hits per total population: 400.00
 Average # of hits per person that ever hit state: 400.00
 Population currently in state: 0 (0.00%)
 Transitioned to:
 --> Female_Contraceptive_Use : 2 = 50.00%
 --> Initial : 2 = 50.00%

Clear_Contraceptive_Type:
 Total times entered: 2
 Population that ever hit this state: 1 (100.00%)
 Average # of hits per total population: 200.00
 Average # of hits per person that ever hit state: 200.00
 Population currently in state: 0 (0.00%)
 Transitioned to:
 --> Terminal : 2 = 100.00%

Clear_Contraceptive:
 Total times entered: 2
 Population that ever hit this state: 1 (100.00%)
 Average # of hits per total population: 200.00
 Average # of hits per person that ever hit state: 200.00
 Population currently in state: 0 (0.00%)
 Transitioned to:
 --> Clear_Contraceptive_Type : 2 = 100.00%

End_Contraceptive_Med:
 Total times entered: 2
 Population that ever hit this state: 1 (100.00%)
 Average # of hits per total population: 200.00
 Average # of hits per person that ever hit state: 200.00
 Population currently in state: 0 (0.00%)
 Transitioned to:
 --> Clear_Contraceptive : 2 = 100.00%

Clear_Contraceptive_Med:
 Total times entered: 2
 Population that ever hit this state: 1 (100.00%)
 Average # of hits per total population: 200.00
 Average # of hits per person that ever hit state: 200.00
 Population currently in state: 0 (0.00%)
 Transitioned to:
 --> End_Contraceptive_Med : 2 = 100.00%

Using_Oral_Contraceptive:
 Total times entered: 4
 Population that ever hit this state: 1 (100.00%)
 Average # of hits per total population: 400.00
 Average # of hits per person that ever hit state: 400.00
 Population currently in state: 0 (0.00%)
 Transitioned to:
 --> Contraceptive_Prescribed? : 2 = 50.00%
 --> Initial : 2 = 50.00%

End_Encounter:
 Total times entered: 2
 Population that ever hit this state: 1 (100.00%)
 Average # of hits per total population: 200.00
 Average # of hits per person that ever hit state: 200.00
 Population currently in state: 0 (0.00%)
 Transitioned to:
 --> Terminal : 2 = 100.00%

Prescribe_Natazia:
 Total times entered: 1
 Population that ever hit this state: 1 (100.00%)
 Average # of hits per total population: 100.00
 Average # of hits per person that ever hit state: 100.00
 Population currently in state: 0 (0.00%)
 Transitioned to:
 --> End_Encounter : 1 = 100.00%

Prescribe_Combination_Pill:
 Total times entered: 2
 Population that ever hit this state: 1 (100.00%)
 Average # of hits per total population: 200.00
 Average # of hits per person that ever hit state: 200.00
 Population currently in state: 0 (0.00%)
 Transitioned to:
 --> Prescribe_Trinessa : 1 = 50.00%
 --> Prescribe_Natazia : 1 = 50.00%

Combination_Or_Minipill:
 Total times entered: 2
 Population that ever hit this state: 1 (100.00%)
 Average # of hits per total population: 200.00
 Average # of hits per person that ever hit state: 200.00
 Population currently in state: 0 (0.00%)
 Transitioned to:
 --> Prescribe_Combination_Pill : 2 = 100.00%

Encounter_For_Oral_Contraceptive:
 Total times entered: 2
 Population that ever hit this state: 1 (100.00%)
 Average # of hits per total population: 200.00
 Average # of hits per person that ever hit state: 200.00
 Population currently in state: 0 (0.00%)
 Transitioned to:
 --> Combination_Or_Minipill : 2 = 100.00%

Prescribe_Trinessa:
 Total times entered: 1
 Population that ever hit this state: 1 (100.00%)
 Average # of hits per total population: 100.00
 Average # of hits per person that ever hit state: 100.00
 Population currently in state: 0 (0.00%)
 Transitioned to:
 --> End_Encounter : 1 = 100.00%

Delay_Until_Reproductive_Age:
 Total times entered: 1
 Population that ever hit this state: 1 (100.00%)
 Average # of hits per total population: 100.00
 Average # of hits per person that ever hit state: 100.00
 Population currently in state: 0 (0.00%)
 Total duration: 14 years 0 months
 Average duration per time entered: 14 years 0 months
 Average duration per person that ever entered state: 14 years 0 months
 Transitioned to:
 --> Female_Contraceptive_Use : 1 = 100.00%

Using_Injectable: 
 Never reached 


Mid_Contraceptive_Use: 
 Never reached 


Using_Female_Sterilization: 
 Never reached 


Using_Ring: 
 Never reached 


Using_Implant: 
 Never reached 


Pregnant_Guard: 
 Never reached 


Delay_For_Male_Sterilization: 
 Never reached 


Using_Condom_Only: 
 Never reached 


Historical_Contraceptive_Use: 
 Never reached 


Using_No_Contraceptive: 
 Never reached 


Mature_Contraceptive_Use: 
 Never reached 


Using_Withdrawal: 
 Never reached 


Using_Male_Sterilization: 
 Never reached 


Male_Sterilization_Procedure: 
 Never reached 


Using_IUD: 
 Never reached 


Select_For_Male_Sterilization: 
 Never reached 


Using_Sterilization: 
 Never reached 


Menopause_Reached: 
 Never reached 




OSTEOPOROSIS MODULE
Onset_Age_90:
 Total times entered: 1
 Population that ever hit this state: 1 (100.00%)
 Average # of hits per total population: 100.00
 Average # of hits per person that ever hit state: 100.00
 Population currently in state: 1 (100.00%)
 Total duration: 16 years 4 months
 Average duration per time entered: 16 years 4 months
 Average duration per person that ever entered state: 16 years 4 months

Female:
 Total times entered: 1
 Population that ever hit this state: 1 (100.00%)
 Average # of hits per total population: 100.00
 Average # of hits per person that ever hit state: 100.00
 Population currently in state: 0 (0.00%)
 Transitioned to:
 --> Onset_Age_90 : 1 = 100.00%

Initial:
 Total times entered: 1
 Population that ever hit this state: 1 (100.00%)
 Average # of hits per total population: 100.00
 Average # of hits per person that ever hit state: 100.00
 Population currently in state: 0 (0.00%)
 Transitioned to:
 --> Female : 1 = 100.00%

Onset_Age_60: 
 Never reached 


Onset_Age_80: 
 Never reached 


Onset_Age_70: 
 Never reached 


Male: 
 Never reached 


Osteoporosis_Symptom1: 
 Never reached 


Osteoporosis_Workup: 
 Never reached 


Onset_Osteoporosis: 
 Never reached 


Terminal: 
 Never reached 


Diagnose_Osteoporosis: 
 Never reached 


Bone_Density: 
 Never reached 


Consider_Medication: 
 Never reached 


Wellness_Encounter: 
 Never reached 


Prescribe_Bisphosphate: 
 Never reached 




EAR INFECTIONS MODULE
No_Infection:
 Total times entered: 197
 Population that ever hit this state: 1 (100.00%)
 Average # of hits per total population: 19700.00
 Average # of hits per person that ever hit state: 19700.00
 Population currently in state: 1 (100.00%)
 Total duration: 16 years 2 months
 Average duration per time entered: 30 days 0 hours 14 minutes 37 seconds
 Average duration per person that ever entered state: 16 years 2 months
 Transitioned to:
 --> Gets_Ear_Infection : 2 = 1.02%
 --> No_Infection : 194 = 98.98%

Loopback_No_Infection:
 Total times entered: 2
 Population that ever hit this state: 1 (100.00%)
 Average # of hits per total population: 200.00
 Average # of hits per person that ever hit state: 200.00
 Population currently in state: 0 (0.00%)
 Transitioned to:
 --> No_Infection : 2 = 100.00%

Ear_Infection_End:
 Total times entered: 2
 Population that ever hit this state: 1 (100.00%)
 Average # of hits per total population: 200.00
 Average # of hits per person that ever hit state: 200.00
 Population currently in state: 0 (0.00%)
 Transitioned to:
 --> Loopback_No_Infection : 2 = 100.00%

Next_Wellness_Encounter:
 Total times entered: 2
 Population that ever hit this state: 1 (100.00%)
 Average # of hits per total population: 200.00
 Average # of hits per person that ever hit state: 200.00
 Population currently in state: 0 (0.00%)
 (duration metrics for wellness encounter omitted)
 Transitioned to:
 --> Ear_Infection_End : 2 = 100.00%

End_Ear_Infection_Medications:
 Total times entered: 5
 Population that ever hit this state: 1 (100.00%)
 Average # of hits per total population: 500.00
 Average # of hits per person that ever hit state: 500.00
 Population currently in state: 0 (0.00%)
 Transitioned to:
 --> Next_Wellness_Encounter : 2 = 40.00%
 --> End_Antibiotic_Prescription : 1 = 20.00%
 --> End_Non_Opioid_Prescription : 2 = 40.00%

Unset_Non_Opioid_Prescription_Attribute:
 Total times entered: 2
 Population that ever hit this state: 1 (100.00%)
 Average # of hits per total population: 200.00
 Average # of hits per person that ever hit state: 200.00
 Population currently in state: 0 (0.00%)
 Transitioned to:
 --> End_Ear_Infection_Medications : 2 = 100.00%

End_Non_Opioid_Prescription:
 Total times entered: 2
 Population that ever hit this state: 1 (100.00%)
 Average # of hits per total population: 200.00
 Average # of hits per person that ever hit state: 200.00
 Population currently in state: 0 (0.00%)
 Transitioned to:
 --> Unset_Non_Opioid_Prescription_Attribute : 2 = 100.00%

Ear_Infection_Prescription_Taken:
 Total times entered: 2
 Population that ever hit this state: 1 (100.00%)
 Average # of hits per total population: 200.00
 Average # of hits per person that ever hit state: 200.00
 Population currently in state: 0 (0.00%)
 Total duration: 28 days
 Average duration per time entered: 14 days
 Average duration per person that ever entered state: 28 days
 Transitioned to:
 --> End_Ear_Infection_Medications : 2 = 100.00%

End_Encounter:
 Total times entered: 2
 Population that ever hit this state: 1 (100.00%)
 Average # of hits per total population: 200.00
 Average # of hits per person that ever hit state: 200.00
 Population currently in state: 0 (0.00%)
 Transitioned to:
 --> Ear_Infection_Prescription_Taken : 2 = 100.00%

Ear_Infection_Prescribed_OTC_Painkiller:
 Total times entered: 4
 Population that ever hit this state: 1 (100.00%)
 Average # of hits per total population: 400.00
 Average # of hits per person that ever hit state: 400.00
 Population currently in state: 0 (0.00%)
 Transitioned to:
 --> End_Encounter : 2 = 50.00%
 --> Initial : 2 = 50.00%

OTC_Pain_Reliever_Terminal:
 Total times entered: 2
 Population that ever hit this state: 1 (100.00%)
 Average # of hits per total population: 200.00
 Average # of hits per person that ever hit state: 200.00
 Population currently in state: 0 (0.00%)
 Transitioned to:
 --> Ear_Infection_Prescribed_OTC_Painkiller : 2 = 100.00%

Pediatric_Ibuprofen:
 Total times entered: 1
 Population that ever hit this state: 1 (100.00%)
 Average # of hits per total population: 100.00
 Average # of hits per person that ever hit state: 100.00
 Population currently in state: 0 (0.00%)
 Transitioned to:
 --> OTC_Pain_Reliever_Terminal : 1 = 100.00%

Prescribe_Ibuprofen:
 Total times entered: 1
 Population that ever hit this state: 1 (100.00%)
 Average # of hits per total population: 100.00
 Average # of hits per person that ever hit state: 100.00
 Population currently in state: 0 (0.00%)
 Transitioned to:
 --> Pediatric_Ibuprofen : 1 = 100.00%

Prescribe_Naproxen_Sodium:
 Total times entered: 1
 Population that ever hit this state: 1 (100.00%)
 Average # of hits per total population: 100.00
 Average # of hits per person that ever hit state: 100.00
 Population currently in state: 0 (0.00%)
 Transitioned to:
 --> Prescribe_Ibuprofen : 1 = 100.00%

Prescribe_OTC_Pain_Reliever:
 Total times entered: 2
 Population that ever hit this state: 1 (100.00%)
 Average # of hits per total population: 200.00
 Average # of hits per person that ever hit state: 200.00
 Population currently in state: 0 (0.00%)
 Transitioned to:
 --> Prescribe_Naproxen_Sodium : 1 = 50.00%
 --> Prescribe_Acetaminophen : 1 = 50.00%

Initial:
 Total times entered: 4
 Population that ever hit this state: 1 (100.00%)
 Average # of hits per total population: 400.00
 Average # of hits per person that ever hit state: 400.00
 Population currently in state: 0 (0.00%)
 Transitioned to:
 --> Prescribe_OTC_Pain_Reliever : 2 = 50.00%
 --> Prescribe_Ear_Infection_Antibiotic : 1 = 25.00%
 --> No_Infection : 1 = 25.00%

Ear_Infection_Encounter:
 Total times entered: 2
 Population that ever hit this state: 1 (100.00%)
 Average # of hits per total population: 200.00
 Average # of hits per person that ever hit state: 200.00
 Population currently in state: 0 (0.00%)
 Transitioned to:
 --> Ear_Infection_Prescribed_Antibiotic : 1 = 50.00%
 --> Ear_Infection_Prescribed_OTC_Painkiller : 1 = 50.00%

Gets_Ear_Infection:
 Total times entered: 2
 Population that ever hit this state: 1 (100.00%)
 Average # of hits per total population: 200.00
 Average # of hits per person that ever hit state: 200.00
 Population currently in state: 0 (0.00%)
 Transitioned to:
 --> Ear_Infection_Encounter : 2 = 100.00%

Unset_Antibiotic_Prescription_Attribute:
 Total times entered: 1
 Population that ever hit this state: 1 (100.00%)
 Average # of hits per total population: 100.00
 Average # of hits per person that ever hit state: 100.00
 Population currently in state: 0 (0.00%)
 Transitioned to:
 --> End_Ear_Infection_Medications : 1 = 100.00%

End_Antibiotic_Prescription:
 Total times entered: 1
 Population that ever hit this state: 1 (100.00%)
 Average # of hits per total population: 100.00
 Average # of hits per person that ever hit state: 100.00
 Population currently in state: 0 (0.00%)
 Transitioned to:
 --> Unset_Antibiotic_Prescription_Attribute : 1 = 100.00%

Pediatric_Acetaminophen:
 Total times entered: 1
 Population that ever hit this state: 1 (100.00%)
 Average # of hits per total population: 100.00
 Average # of hits per person that ever hit state: 100.00
 Population currently in state: 0 (0.00%)
 Transitioned to:
 --> OTC_Pain_Reliever_Terminal : 1 = 100.00%

Prescribe_Acetaminophen:
 Total times entered: 1
 Population that ever hit this state: 1 (100.00%)
 Average # of hits per total population: 100.00
 Average # of hits per person that ever hit state: 100.00
 Population currently in state: 0 (0.00%)
 Transitioned to:
 --> Pediatric_Acetaminophen : 1 = 100.00%

Ear_Infection_Prescribed_Antibiotic:
 Total times entered: 2
 Population that ever hit this state: 1 (100.00%)
 Average # of hits per total population: 200.00
 Average # of hits per person that ever hit state: 200.00
 Population currently in state: 0 (0.00%)
 Transitioned to:
 --> Ear_Infection_Prescribed_OTC_Painkiller : 1 = 50.00%
 --> Initial : 1 = 50.00%

Ear_Infection_Antibiotic_Terminal:
 Total times entered: 1
 Population that ever hit this state: 1 (100.00%)
 Average # of hits per total population: 100.00
 Average # of hits per person that ever hit state: 100.00
 Population currently in state: 0 (0.00%)
 Transitioned to:
 --> Ear_Infection_Prescribed_Antibiotic : 1 = 100.00%

Pediatric_Amoxicillin:
 Total times entered: 1
 Population that ever hit this state: 1 (100.00%)
 Average # of hits per total population: 100.00
 Average # of hits per person that ever hit state: 100.00
 Population currently in state: 0 (0.00%)
 Transitioned to:
 --> Ear_Infection_Antibiotic_Terminal : 1 = 100.00%

Prescribe_Amoxicillin:
 Total times entered: 1
 Population that ever hit this state: 1 (100.00%)
 Average # of hits per total population: 100.00
 Average # of hits per person that ever hit state: 100.00
 Population currently in state: 0 (0.00%)
 Transitioned to:
 --> Pediatric_Amoxicillin : 1 = 100.00%

Prescribe_Ear_Infection_Antibiotic:
 Total times entered: 1
 Population that ever hit this state: 1 (100.00%)
 Average # of hits per total population: 100.00
 Average # of hits per person that ever hit state: 100.00
 Population currently in state: 0 (0.00%)
 Transitioned to:
 --> Prescribe_Amoxicillin : 1 = 100.00%



FEMALE REPRODUCTION MODULE
Female_Reproductive_Cycle:
 Total times entered: 31
 Population that ever hit this state: 1 (100.00%)
 Average # of hits per total population: 3100.00
 Average # of hits per person that ever hit state: 3100.00
 Population currently in state: 1 (100.00%)
 Total duration: 2 years 4 months
 Average duration per time entered: 28 days 5 hours 25 minutes 9 seconds
 Average duration per person that ever entered state: 2 years 4 months
 Transitioned to:
 --> Reproductive_Cycle_Outcome : 30 = 100.00%

Next_Reproductive_Cycle:
 Total times entered: 30
 Population that ever hit this state: 1 (100.00%)
 Average # of hits per total population: 3000.00
 Average # of hits per person that ever hit state: 3000.00
 Population currently in state: 0 (0.00%)
 Transitioned to:
 --> Female_Reproductive_Cycle : 30 = 100.00%

Not_Sexually_Active:
 Total times entered: 30
 Population that ever hit this state: 1 (100.00%)
 Average # of hits per total population: 3000.00
 Average # of hits per person that ever hit state: 3000.00
 Population currently in state: 0 (0.00%)
 Transitioned to:
 --> Next_Reproductive_Cycle : 30 = 100.00%

Reproductive_Cycle_Outcome:
 Total times entered: 30
 Population that ever hit this state: 1 (100.00%)
 Average # of hits per total population: 3000.00
 Average # of hits per person that ever hit state: 3000.00
 Population currently in state: 0 (0.00%)
 Transitioned to:
 --> Not_Sexually_Active : 30 = 100.00%

Delay_For_Reproductive_Age:
 Total times entered: 1
 Population that ever hit this state: 1 (100.00%)
 Average # of hits per total population: 100.00
 Average # of hits per person that ever hit state: 100.00
 Population currently in state: 0 (0.00%)
 Total duration: 14 years 0 months
 Average duration per time entered: 14 years 0 months
 Average duration per person that ever entered state: 14 years 0 months
 Transitioned to:
 --> Female_Reproductive_Cycle : 1 = 100.00%

Initial:
 Total times entered: 1
 Population that ever hit this state: 1 (100.00%)
 Average # of hits per total population: 100.00
 Average # of hits per person that ever hit state: 100.00
 Population currently in state: 0 (0.00%)
 Transitioned to:
 --> Delay_For_Reproductive_Age : 1 = 100.00%

Sexually_Active: 
 Never reached 


Become_Pregnant: 
 Never reached 


Terminal: 
 Never reached 


Pregnancy_Guard: 
 Never reached 


Menopause_Reached: 
 Never reached 


Contraceptive_Incidence: 
 Never reached 




VETERAN MODULE
Wait_Until_18:
 Total times entered: 1
 Population that ever hit this state: 1 (100.00%)
 Average # of hits per total population: 100.00
 Average # of hits per person that ever hit state: 100.00
 Population currently in state: 1 (100.00%)
 Total duration: 16 years 4 months
 Average duration per time entered: 16 years 4 months
 Average duration per person that ever entered state: 16 years 4 months

Initial:
 Total times entered: 1
 Population that ever hit this state: 1 (100.00%)
 Average # of hits per total population: 100.00
 Average # of hits per person that ever hit state: 100.00
 Population currently in state: 0 (0.00%)
 Transitioned to:
 --> Wait_Until_18 : 1 = 100.00%

Pre_WW2: 
 Never reached 


Korean_War: 
 Never reached 


Set_Veteran_Between_KW_and_VW: 
 Never reached 


Set_Veteran_WW2: 
 Never reached 


Set_Veteran_Early_Gulf_War: 
 Never reached 


Early_Gulf_War: 
 Never reached 


Terminal: 
 Never reached 


Set_Veteran_Pre_WW2: 
 Never reached 


WW2: 
 Never reached 


Between_KW_and_VW: 
 Never reached 


Set_Veteran_Korean_War: 
 Never reached 


Set_Veteran_Late_Gulf_War: 
 Never reached 


Set_Veteran_Between_WW2_and_KW: 
 Never reached 


Between_WW2_and_KW: 
 Never reached 


Vietnam_War: 
 Never reached 


Set_Veteran_Vietnam_War: 
 Never reached 


Late_Gulf_War: 
 Never reached 


Between_VW_and_GW: 
 Never reached 


Set_Veteran_Between_VW_and_GW: 
 Never reached 




GOUT MODULE
Terminal:
 Total times entered: 1
 Population that ever hit this state: 1 (100.00%)
 Average # of hits per total population: 100.00
 Average # of hits per person that ever hit state: 100.00
 Population currently in state: 1 (100.00%)

Initial:
 Total times entered: 1
 Population that ever hit this state: 1 (100.00%)
 Average # of hits per total population: 100.00
 Average # of hits per person that ever hit state: 100.00
 Population currently in state: 0 (0.00%)
 Transitioned to:
 --> Terminal : 1 = 100.00%

Delay_Until_Gout: 
 Never reached 


Gout_Symptom1: 
 Never reached 


Strong_NSAID: 
 Never reached 


Gout_Symptom2: 
 Never reached 


Gout: 
 Never reached 


Gout_Symptom3: 
 Never reached 


Gout_Symptom4: 
 Never reached 


Gout_Diagnosis: 
 Never reached 


Gout_CarePlan: 
 Never reached 


End_Gout_Nonopioid: 
 Never reached 


Gout_Nonopioid_Pain_Medication: 
 Never reached 


Gout_Treatment_Period: 
 Never reached 


End_Uric_Acid_Reducer: 
 Never reached 


Wait_For_Next_Gout_Attack: 
 Never reached 


Uric_Acid_Reducer: 
 Never reached 


Pain_Vital: 
 Never reached 


Colchicine: 
 Never reached 


End_Diagnosis_Encounter: 
 Never reached 




SINUSITIS MODULE
Potential_Onset:
 Total times entered: 197
 Population that ever hit this state: 1 (100.00%)
 Average # of hits per total population: 19700.00
 Average # of hits per person that ever hit state: 19700.00
 Population currently in state: 1 (100.00%)
 Total duration: 16 years 2 months
 Average duration per time entered: 29 days 23 hours 8 minutes 49 seconds
 Average duration per person that ever entered state: 16 years 2 months
 Transitioned to:
 --> Viral_Infection_Starts : 4 = 2.04%
 --> Potential_Onset : 192 = 97.96%

Symptom9_Subsides:
 Total times entered: 4
 Population that ever hit this state: 1 (100.00%)
 Average # of hits per total population: 400.00
 Average # of hits per person that ever hit state: 400.00
 Population currently in state: 0 (0.00%)
 Transitioned to:
 --> Potential_Onset : 4 = 100.00%

Symptom8_Subsides:
 Total times entered: 4
 Population that ever hit this state: 1 (100.00%)
 Average # of hits per total population: 400.00
 Average # of hits per person that ever hit state: 400.00
 Population currently in state: 0 (0.00%)
 Transitioned to:
 --> Symptom9_Subsides : 4 = 100.00%

Symptom7_Subsides:
 Total times entered: 4
 Population that ever hit this state: 1 (100.00%)
 Average # of hits per total population: 400.00
 Average # of hits per person that ever hit state: 400.00
 Population currently in state: 0 (0.00%)
 Transitioned to:
 --> Symptom8_Subsides : 4 = 100.00%

Symptom6_Subsides:
 Total times entered: 4
 Population that ever hit this state: 1 (100.00%)
 Average # of hits per total population: 400.00
 Average # of hits per person that ever hit state: 400.00
 Population currently in state: 0 (0.00%)
 Transitioned to:
 --> Symptom7_Subsides : 4 = 100.00%

Symptom5_Subsides:
 Total times entered: 4
 Population that ever hit this state: 1 (100.00%)
 Average # of hits per total population: 400.00
 Average # of hits per person that ever hit state: 400.00
 Population currently in state: 0 (0.00%)
 Transitioned to:
 --> Symptom6_Subsides : 4 = 100.00%

Symptom4_Subsides:
 Total times entered: 4
 Population that ever hit this state: 1 (100.00%)
 Average # of hits per total population: 400.00
 Average # of hits per person that ever hit state: 400.00
 Population currently in state: 0 (0.00%)
 Transitioned to:
 --> Symptom5_Subsides : 4 = 100.00%

Symptom3_Subsides:
 Total times entered: 4
 Population that ever hit this state: 1 (100.00%)
 Average # of hits per total population: 400.00
 Average # of hits per person that ever hit state: 400.00
 Population currently in state: 0 (0.00%)
 Transitioned to:
 --> Symptom4_Subsides : 4 = 100.00%

Symptom2_Subsides:
 Total times entered: 4
 Population that ever hit this state: 1 (100.00%)
 Average # of hits per total population: 400.00
 Average # of hits per person that ever hit state: 400.00
 Population currently in state: 0 (0.00%)
 Transitioned to:
 --> Symptom3_Subsides : 4 = 100.00%

Symptom1_Subsides:
 Total times entered: 4
 Population that ever hit this state: 1 (100.00%)
 Average # of hits per total population: 400.00
 Average # of hits per person that ever hit state: 400.00
 Population currently in state: 0 (0.00%)
 Transitioned to:
 --> Symptom2_Subsides : 4 = 100.00%

Sinusitis_Ends:
 Total times entered: 4
 Population that ever hit this state: 1 (100.00%)
 Average # of hits per total population: 400.00
 Average # of hits per person that ever hit state: 400.00
 Population currently in state: 0 (0.00%)
 Transitioned to:
 --> Symptom1_Subsides : 4 = 100.00%

Wait_for_condition_to_resolve:
 Total times entered: 4
 Population that ever hit this state: 1 (100.00%)
 Average # of hits per total population: 400.00
 Average # of hits per person that ever hit state: 400.00
 Population currently in state: 0 (0.00%)
 Total duration: 1 months 19 days
 Average duration per time entered: 12 days 6 hours
 Average duration per person that ever entered state: 1 months 19 days
 Transitioned to:
 --> Sinusitis_Ends : 4 = 100.00%

End_Encounter:
 Total times entered: 4
 Population that ever hit this state: 1 (100.00%)
 Average # of hits per total population: 400.00
 Average # of hits per person that ever hit state: 400.00
 Population currently in state: 0 (0.00%)
 Transitioned to:
 --> Wait_for_condition_to_resolve : 4 = 100.00%

Doctor_Visit:
 Total times entered: 4
 Population that ever hit this state: 1 (100.00%)
 Average # of hits per total population: 400.00
 Average # of hits per person that ever hit state: 400.00
 Population currently in state: 0 (0.00%)
 Transitioned to:
 --> End_Encounter : 4 = 100.00%

Wait_to_see_Dr:
 Total times entered: 4
 Population that ever hit this state: 1 (100.00%)
 Average # of hits per total population: 400.00
 Average # of hits per person that ever hit state: 400.00
 Population currently in state: 0 (0.00%)
 Total duration: 1 months 3 days
 Average duration per time entered: 8 days 6 hours
 Average duration per person that ever entered state: 1 months 3 days
 Transitioned to:
 --> Doctor_Visit : 4 = 100.00%

Common_Symptom7:
 Total times entered: 4
 Population that ever hit this state: 1 (100.00%)
 Average # of hits per total population: 400.00
 Average # of hits per person that ever hit state: 400.00
 Population currently in state: 0 (0.00%)
 Transitioned to:
 --> Wait_to_see_Dr : 4 = 100.00%

Common_Symptom6:
 Total times entered: 4
 Population that ever hit this state: 1 (100.00%)
 Average # of hits per total population: 400.00
 Average # of hits per person that ever hit state: 400.00
 Population currently in state: 0 (0.00%)
 Transitioned to:
 --> Common_Symptom7 : 4 = 100.00%

Common_Symptom5:
 Total times entered: 4
 Population that ever hit this state: 1 (100.00%)
 Average # of hits per total population: 400.00
 Average # of hits per person that ever hit state: 400.00
 Population currently in state: 0 (0.00%)
 Transitioned to:
 --> Common_Symptom6 : 4 = 100.00%

Common_Symptom4:
 Total times entered: 4
 Population that ever hit this state: 1 (100.00%)
 Average # of hits per total population: 400.00
 Average # of hits per person that ever hit state: 400.00
 Population currently in state: 0 (0.00%)
 Transitioned to:
 --> Common_Symptom5 : 4 = 100.00%

Common_Symptom3:
 Total times entered: 4
 Population that ever hit this state: 1 (100.00%)
 Average # of hits per total population: 400.00
 Average # of hits per person that ever hit state: 400.00
 Population currently in state: 0 (0.00%)
 Transitioned to:
 --> Common_Symptom4 : 4 = 100.00%

Common_Symptom2:
 Total times entered: 4
 Population that ever hit this state: 1 (100.00%)
 Average # of hits per total population: 400.00
 Average # of hits per person that ever hit state: 400.00
 Population currently in state: 0 (0.00%)
 Transitioned to:
 --> Common_Symptom3 : 4 = 100.00%

Common_Symptom1:
 Total times entered: 4
 Population that ever hit this state: 1 (100.00%)
 Average # of hits per total population: 400.00
 Average # of hits per person that ever hit state: 400.00
 Population currently in state: 0 (0.00%)
 Transitioned to:
 --> Common_Symptom2 : 4 = 100.00%

Common_Symptom:
 Total times entered: 4
 Population that ever hit this state: 1 (100.00%)
 Average # of hits per total population: 400.00
 Average # of hits per person that ever hit state: 400.00
 Population currently in state: 0 (0.00%)
 Transitioned to:
 --> Common_Symptom1 : 4 = 100.00%

Symptom_of_Infection:
 Total times entered: 4
 Population that ever hit this state: 1 (100.00%)
 Average # of hits per total population: 400.00
 Average # of hits per person that ever hit state: 400.00
 Population currently in state: 0 (0.00%)
 Transitioned to:
 --> Common_Symptom : 4 = 100.00%

Viral_Infection_Starts:
 Total times entered: 4
 Population that ever hit this state: 1 (100.00%)
 Average # of hits per total population: 400.00
 Average # of hits per person that ever hit state: 400.00
 Population currently in state: 0 (0.00%)
 Transitioned to:
 --> Symptom_of_Infection : 4 = 100.00%

Initial:
 Total times entered: 1
 Population that ever hit this state: 1 (100.00%)
 Average # of hits per total population: 100.00
 Average # of hits per person that ever hit state: 100.00
 Population currently in state: 0 (0.00%)
 Transitioned to:
 --> Potential_Onset : 1 = 100.00%

Bacterial_Infection_Starts: 
 Never reached 


Prescribe_Antibiotic: 
 Never reached 


Chronic_Sinusitis_Continues: 
 Never reached 


End_Chronic_Followup: 
 Never reached 


Chronic_Sinusitis_Followup: 
 Never reached 


Sinus_Surgery: 
 Never reached 


Chronic_Symptoms_Worsen: 
 Never reached 


Diagnose_Chronic_Sinusitis: 
 Never reached 


Chronic_Sinusisitis_Ends: 
 Never reached 


End_Antibiotic: 
 Never reached 


Inflammation_Starts: 
 Never reached 


Symptom_of_Inflammation: 
 Never reached 


Chronic_Sinusitis_Followup_without_action: 
 Never reached 


End_Surgery_Encounter: 
 Never reached 




DEMENTIA MODULE
PreAlzheimers:
 Total times entered: 1
 Population that ever hit this state: 1 (100.00%)
 Average # of hits per total population: 100.00
 Average # of hits per person that ever hit state: 100.00
 Population currently in state: 1 (100.00%)
 Total duration: 16 years 4 months
 Average duration per time entered: 16 years 4 months
 Average duration per person that ever entered state: 16 years 4 months

AlzheimersGene:
 Total times entered: 1
 Population that ever hit this state: 1 (100.00%)
 Average # of hits per total population: 100.00
 Average # of hits per person that ever hit state: 100.00
 Population currently in state: 0 (0.00%)
 Transitioned to:
 --> PreAlzheimers : 1 = 100.00%

Initial:
 Total times entered: 1
 Population that ever hit this state: 1 (100.00%)
 Average # of hits per total population: 100.00
 Average # of hits per person that ever hit state: 100.00
 Population currently in state: 0 (0.00%)
 Transitioned to:
 --> AlzheimersGene : 1 = 100.00%

ModeratelySevere_MMSE_Score: 
 Never reached 


Severe_Encounter: 
 Never reached 


Pneumonia: 
 Never reached 


MildMemoryLoss: 
 Never reached 


MildDecline: 
 Never reached 


AlzheimersOnset: 
 Never reached 


ModerateDecline: 
 Never reached 


Confusion: 
 Never reached 


EarlyOnsetAlzheimersOnset: 
 Never reached 


FirstPrescription2: 
 Never reached 


FirstPrescription3: 
 Never reached 


ModerateMemoryLoss: 
 Never reached 


ModeratelySevere_Encounter: 
 Never reached 


NoImpairment: 
 Never reached 


Severe_MMSE_Score: 
 Never reached 


DiagnosisEncounter: 
 Never reached 


PneumoniaEncounter: 
 Never reached 


SecondPrescription: 
 Never reached 


DecreasedVisualPerception: 
 Never reached 


FirstPrescription1: 
 Never reached 


Diagnosis_MMSE_Score: 
 Never reached 


VerySevere_MMSE_Score: 
 Never reached 


EducationDelay: 
 Never reached 


VeryMildDecline: 
 Never reached 


EndFirstPrescription: 
 Never reached 


End_Severe_Encounter: 
 Never reached 


SecondPrescription1: 
 Never reached 


DecreasedAttentiveness: 
 Never reached 


Terminal: 
 Never reached 


SecondPrescription2: 
 Never reached 


SevereDecline: 
 Never reached 


SecondPrescription3: 
 Never reached 


ModeratelySevereDecline: 
 Never reached 


Dementia_CarePlan: 
 Never reached 


PreEarlyOnsetAlzheimers: 
 Never reached 


PneumoniaDeath: 
 Never reached 


DecreasedCommunication: 
 Never reached 


Death: 
 Never reached 


End_ModeratelySevere_Encounter: 
 Never reached 


DecreasedJudgment: 
 Never reached 


FirstPrescription: 
 Never reached 


End_VerySevere_Encounter: 
 Never reached 


VerySevere_Encounter: 
 Never reached 


VerySevereDecline: 
 Never reached 




VETERAN HYPERLIPIDEMIA MODULE
age guard:
 Total times entered: 1
 Population that ever hit this state: 1 (100.00%)
 Average # of hits per total population: 100.00
 Average # of hits per person that ever hit state: 100.00
 Population currently in state: 1 (100.00%)
 Total duration: 16 years 4 months
 Average duration per time entered: 16 years 4 months
 Average duration per person that ever entered state: 16 years 4 months

Initial:
 Total times entered: 1
 Population that ever hit this state: 1 (100.00%)
 Average # of hits per total population: 100.00
 Average # of hits per person that ever hit state: 100.00
 Population currently in state: 0 (0.00%)
 Transitioned to:
 --> age guard : 1 = 100.00%

Hyperlipidemia initial workup encounter: 
 Never reached 


annual_hyperlipidemia_assessment: 
 Never reached 


Record_LipidPanel: 
 Never reached 


Record_LipidPanel_2: 
 Never reached 


initial encounter end: 
 Never reached 


followup_hyperlipidemia_encounter: 
 Never reached 


followup encounter end: 
 Never reached 


Terminal: 
 Never reached 


intra_encounter time gate: 
 Never reached 


end encounter: 
 Never reached 


veteran guard: 
 Never reached 


Hyperlipidemia Condition Start: 
 Never reached 


Record_CMP_2: 
 Never reached 


hyperlipidemia careplan: 
 Never reached 


Hyperlipidemia medication start: 
 Never reached 


Time Delay: 
 Never reached 


Record_CMP: 
 Never reached 


Hyperlipidemia_medication_renewal: 
 Never reached 


Hyperlipidemia symptom onset 1: 
 Never reached 


end old statin: 
 Never reached 




VETERAN MILD TBI  MODULE
veteran delay:
 Total times entered: 1
 Population that ever hit this state: 1 (100.00%)
 Average # of hits per total population: 100.00
 Average # of hits per person that ever hit state: 100.00
 Population currently in state: 1 (100.00%)
 Total duration: 16 years 4 months
 Average duration per time entered: 16 years 4 months
 Average duration per person that ever entered state: 16 years 4 months

Initial:
 Total times entered: 1
 Population that ever hit this state: 1 (100.00%)
 Average # of hits per total population: 100.00
 Average # of hits per person that ever hit state: 100.00
 Population currently in state: 0 (0.00%)
 Transitioned to:
 --> veteran delay : 1 = 100.00%

Loss of Consciousness: 
 Never reached 


Wellness Encounter: 
 Never reached 


Terminal: 
 Never reached 


end encounter: 
 Never reached 




METABOLIC SYNDROME DISEASE PROGRESSION MODULE
Age_Guard:
 Total times entered: 1
 Population that ever hit this state: 1 (100.00%)
 Average # of hits per total population: 100.00
 Average # of hits per person that ever hit state: 100.00
 Population currently in state: 1 (100.00%)
 Total duration: 16 years 4 months
 Average duration per time entered: 16 years 4 months
 Average duration per person that ever entered state: 16 years 4 months

Initial_Nerve_Health:
 Total times entered: 1
 Population that ever hit this state: 1 (100.00%)
 Average # of hits per total population: 100.00
 Average # of hits per person that ever hit state: 100.00
 Population currently in state: 0 (0.00%)
 Transitioned to:
 --> Age_Guard : 1 = 100.00%

Initial_Eye_Health:
 Total times entered: 1
 Population that ever hit this state: 1 (100.00%)
 Average # of hits per total population: 100.00
 Average # of hits per person that ever hit state: 100.00
 Population currently in state: 0 (0.00%)
 Transitioned to:
 --> Initial_Nerve_Health : 1 = 100.00%

Initial_Kidney_Health:
 Total times entered: 1
 Population that ever hit this state: 1 (100.00%)
 Average # of hits per total population: 100.00
 Average # of hits per person that ever hit state: 100.00
 Population currently in state: 0 (0.00%)
 Transitioned to:
 --> Initial_Eye_Health : 1 = 100.00%

Initial:
 Total times entered: 1
 Population that ever hit this state: 1 (100.00%)
 Average # of hits per total population: 100.00
 Average # of hits per person that ever hit state: 100.00
 Population currently in state: 0 (0.00%)
 Transitioned to:
 --> Initial_Kidney_Health : 1 = 100.00%

CKD5_Symptom_3: 
 Never reached 


No_Diabetes: 
 Never reached 


CKD5_Symptom_2: 
 Never reached 


Chance_to_Onset_Hypertension: 
 Never reached 


CKD5_Symptom_1: 
 Never reached 


Severe_Nerve_Damage_Symptom: 
 Never reached 


Chance_to_Onset_Hypertension_at_Diabetes_Onset: 
 Never reached 


Set_Mild_Nerve_Damage: 
 Never reached 


Set_Nonproliferative_Retinopathy: 
 Never reached 


Non_Veteran_Diabetes_Prevalence: 
 Never reached 


CKD5_Symptom_4: 
 Never reached 


Set_Mild_Eye_Damage: 
 Never reached 


CKD1_Symptom_1: 
 Never reached 


Set_Microalbuminuria: 
 Never reached 


CKD1_Symptom_2: 
 Never reached 


CKD1_Symptom_3: 
 Never reached 


Onset_Diabetes: 
 Never reached 


CKD1_Symptom_4: 
 Never reached 


Eventual_Prediabetes: 
 Never reached 


Set_Severe_Eye_Damage: 
 Never reached 


Set_Nephropathy: 
 Never reached 


Set_Blindness: 
 Never reached 


Set_CKD_4 Damage: 
 Never reached 


Severe_Eye_Damage_Symptom: 
 Never reached 


Set_CKD_2 Damage: 
 Never reached 


No_Hypertension: 
 Never reached 


Mild_Eye_Damage_Symptom: 
 Never reached 


CKD2_Symptom_4: 
 Never reached 


Set_Moderate_Eye_Damage: 
 Never reached 


CKD2_Symptom_3: 
 Never reached 


Diabetes_Progression: 
 Never reached 


CKD2_Symptom_2: 
 Never reached 


Set_Macular_Edema: 
 Never reached 


CKD2_Symptom_1: 
 Never reached 


Nephropathy_Progression: 
 Never reached 


Retinopathy_Progression: 
 Never reached 


Set_Neuropathy: 
 Never reached 


Veteran_Diabetes_Prevalence: 
 Never reached 


Set_Proteinuria: 
 Never reached 


Non_Veteran: 
 Never reached 


Eventual_Diabetes: 
 Never reached 


Delay_before_Diabetes: 
 Never reached 


Onset_Hypertension_with_Diabetes: 
 Never reached 


No_Hypertension_With_Diabetes: 
 Never reached 


Moderate_Nerve_Damage_Symptom: 
 Never reached 


Set_Proliferative_Retinopathy: 
 Never reached 


Loop_back_to_Start: 
 Never reached 


CKD3_Symptom_1: 
 Never reached 


Mild_Nerve_Damage_Symptom: 
 Never reached 


Veteran: 
 Never reached 


CKD3_Symptom_4: 
 Never reached 


Onset_Hypertension: 
 Never reached 


CKD3_Symptom_2: 
 Never reached 


CKD3_Symptom_3: 
 Never reached 


Set_CKD_5 Damage: 
 Never reached 


Onset_Prediabetes_Towards_Diabetes: 
 Never reached 


Onset_Prediabetes: 
 Never reached 


Set_CKD_1 Damage: 
 Never reached 


Set_CKD_3 Damage: 
 Never reached 


Chance_of_Blindness: 
 Never reached 


Set_Severe_Nerve_Damage: 
 Never reached 


Neuropathy_Progression: 
 Never reached 


Set_Moderate_Nerve_Damage: 
 Never reached 


CKD4_Symptom_3: 
 Never reached 


Set_Retinopathy: 
 Never reached 


Chance_of_Macular_Edema: 
 Never reached 


CKD4_Symptom_4: 
 Never reached 


CKD4_Symptom_1: 
 Never reached 


CKD4_Symptom_2: 
 Never reached 


Expected_Lifespan_for_ESRD: 
 Never reached 


Moderate_Eye_Damage_Symptom: 
 Never reached 




VETERAN PROSTATE CANCER MODULE
age_guard:
 Total times entered: 1
 Population that ever hit this state: 1 (100.00%)
 Average # of hits per total population: 100.00
 Average # of hits per person that ever hit state: 100.00
 Population currently in state: 1 (100.00%)
 Total duration: 16 years 4 months
 Average duration per time entered: 16 years 4 months
 Average duration per person that ever entered state: 16 years 4 months

Initial:
 Total times entered: 1
 Population that ever hit this state: 1 (100.00%)
 Average # of hits per total population: 100.00
 Average # of hits per person that ever hit state: 100.00
 Population currently in state: 0 (0.00%)
 Transitioned to:
 --> age_guard : 1 = 100.00%

Watchful_Waiting_Careplan: 
 Never reached 


end_chemo_med: 
 Never reached 


biopsy_visit: 
 Never reached 


Aggressive_Therapy_Careplan: 
 Never reached 


detect_abnormal results: 
 Never reached 


abnormal_DRE: 
 Never reached 


wellness_procedure: 
 Never reached 


Chemotherapy_Hormone Order: 
 Never reached 


annual_wellness_visit: 
 Never reached 


end_wellness_visit: 
 Never reached 


watchful_waiting_guard: 
 Never reached 


biopsy_results_normal: 
 Never reached 


Prostate_Cancer: 
 Never reached 


Prostate Symtpom 3: 
 Never reached 


In Situ Prostate Cancer: 
 Never reached 


biopsy procedure: 
 Never reached 


Prostate Cancer Symptom: 
 Never reached 


Record_CBC_Panel: 
 Never reached 


Prostate_Cancer_Therapy: 
 Never reached 


end_cancer_therapy encounter: 
 Never reached 


Prostate Cancer Symptom 2: 
 Never reached 


Chemotherapy_Hormone Order2: 
 Never reached 


Terminal: 
 Never reached 


normal_DRE: 
 Never reached 


detect_normal results: 
 Never reached 


Record_Urinalysis: 
 Never reached 


veteran_status: 
 Never reached 


male_guard: 
 Never reached 


wellness_visit_time_delay: 
 Never reached 


eventual_death: 
 Never reached 


Prostatectomy: 
 Never reached 


Stage 4 Prostate Cancer: 
 Never reached 


biopsy_results_abnormal: 
 Never reached 


Record_CMP: 
 Never reached 


biopsy_visit_end: 
 Never reached 




ALLERGIES AND TREATMENT MODULE
Allergist_Guard:
 Total times entered: 1
 Population that ever hit this state: 1 (100.00%)
 Average # of hits per total population: 100.00
 Average # of hits per person that ever hit state: 100.00
 Population currently in state: 1 (100.00%)
 Total duration: 16 years 4 months
 Average duration per time entered: 16 years 4 months
 Average duration per person that ever entered state: 16 years 4 months

Allergy_Incidence_Submodule:
 Total times entered: 2
 Population that ever hit this state: 1 (100.00%)
 Average # of hits per total population: 200.00
 Average # of hits per person that ever hit state: 200.00
 Population currently in state: 0 (0.00%)
 Transitioned to:
 --> Allergist_Guard : 1 = 50.00%
 --> Initial : 1 = 50.00%

Allergy_Incidence_Terminal:
 Total times entered: 1
 Population that ever hit this state: 1 (100.00%)
 Average # of hits per total population: 100.00
 Average # of hits per person that ever hit state: 100.00
 Population currently in state: 0 (0.00%)
 Transitioned to:
 --> Allergy_Incidence_Submodule : 1 = 100.00%

Chance_of_Latex_Allergy:
 Total times entered: 1
 Population that ever hit this state: 1 (100.00%)
 Average # of hits per total population: 100.00
 Average # of hits per person that ever hit state: 100.00
 Population currently in state: 0 (0.00%)
 Transitioned to:
 --> Allergy_Incidence_Terminal : 1 = 100.00%

Chance_of_Bee_Allergy:
 Total times entered: 1
 Population that ever hit this state: 1 (100.00%)
 Average # of hits per total population: 100.00
 Average # of hits per person that ever hit state: 100.00
 Population currently in state: 0 (0.00%)
 Transitioned to:
 --> Chance_of_Latex_Allergy : 1 = 100.00%

Chance_of_Mold_Allergy:
 Total times entered: 1
 Population that ever hit this state: 1 (100.00%)
 Average # of hits per total population: 100.00
 Average # of hits per person that ever hit state: 100.00
 Population currently in state: 0 (0.00%)
 Transitioned to:
 --> Chance_of_Bee_Allergy : 1 = 100.00%

Chance_of_Dust_Mite_Allergy:
 Total times entered: 1
 Population that ever hit this state: 1 (100.00%)
 Average # of hits per total population: 100.00
 Average # of hits per person that ever hit state: 100.00
 Population currently in state: 0 (0.00%)
 Transitioned to:
 --> Chance_of_Mold_Allergy : 1 = 100.00%

Chance_of_Pet_Dander_Allergy:
 Total times entered: 1
 Population that ever hit this state: 1 (100.00%)
 Average # of hits per total population: 100.00
 Average # of hits per person that ever hit state: 100.00
 Population currently in state: 0 (0.00%)
 Transitioned to:
 --> Chance_of_Dust_Mite_Allergy : 1 = 100.00%

Chance_of_Grass_Pollen_Allergy:
 Total times entered: 1
 Population that ever hit this state: 1 (100.00%)
 Average # of hits per total population: 100.00
 Average # of hits per person that ever hit state: 100.00
 Population currently in state: 0 (0.00%)
 Transitioned to:
 --> Chance_of_Pet_Dander_Allergy : 1 = 100.00%

Chance_of_Tree_Pollen_Allergy:
 Total times entered: 1
 Population that ever hit this state: 1 (100.00%)
 Average # of hits per total population: 100.00
 Average # of hits per person that ever hit state: 100.00
 Population currently in state: 0 (0.00%)
 Transitioned to:
 --> Chance_of_Grass_Pollen_Allergy : 1 = 100.00%

Chance_of_Dairy_Allergy:
 Total times entered: 1
 Population that ever hit this state: 1 (100.00%)
 Average # of hits per total population: 100.00
 Average # of hits per person that ever hit state: 100.00
 Population currently in state: 0 (0.00%)
 Transitioned to:
 --> Chance_of_Tree_Pollen_Allergy : 1 = 100.00%

Chance_of_Soy_Allergy:
 Total times entered: 1
 Population that ever hit this state: 1 (100.00%)
 Average # of hits per total population: 100.00
 Average # of hits per person that ever hit state: 100.00
 Population currently in state: 0 (0.00%)
 Transitioned to:
 --> Chance_of_Dairy_Allergy : 1 = 100.00%

Chance_of_Eggs_Allergy:
 Total times entered: 1
 Population that ever hit this state: 1 (100.00%)
 Average # of hits per total population: 100.00
 Average # of hits per person that ever hit state: 100.00
 Population currently in state: 0 (0.00%)
 Transitioned to:
 --> Chance_of_Soy_Allergy : 1 = 100.00%

Chance_of_Wheat_Allergy:
 Total times entered: 1
 Population that ever hit this state: 1 (100.00%)
 Average # of hits per total population: 100.00
 Average # of hits per person that ever hit state: 100.00
 Population currently in state: 0 (0.00%)
 Transitioned to:
 --> Chance_of_Eggs_Allergy : 1 = 100.00%

Chance_of_Shellfish_Allergy:
 Total times entered: 1
 Population that ever hit this state: 1 (100.00%)
 Average # of hits per total population: 100.00
 Average # of hits per person that ever hit state: 100.00
 Population currently in state: 0 (0.00%)
 Transitioned to:
 --> Chance_of_Wheat_Allergy : 1 = 100.00%

Chance_of_Fish_Allergy:
 Total times entered: 1
 Population that ever hit this state: 1 (100.00%)
 Average # of hits per total population: 100.00
 Average # of hits per person that ever hit state: 100.00
 Population currently in state: 0 (0.00%)
 Transitioned to:
 --> Chance_of_Shellfish_Allergy : 1 = 100.00%

Chance_of_TreeNut_Allergy:
 Total times entered: 1
 Population that ever hit this state: 1 (100.00%)
 Average # of hits per total population: 100.00
 Average # of hits per person that ever hit state: 100.00
 Population currently in state: 0 (0.00%)
 Transitioned to:
 --> Chance_of_Fish_Allergy : 1 = 100.00%

Chance_of_Peanut_Allergy:
 Total times entered: 1
 Population that ever hit this state: 1 (100.00%)
 Average # of hits per total population: 100.00
 Average # of hits per person that ever hit state: 100.00
 Population currently in state: 0 (0.00%)
 Transitioned to:
 --> Chance_of_TreeNut_Allergy : 1 = 100.00%

Initial:
 Total times entered: 2
 Population that ever hit this state: 1 (100.00%)
 Average # of hits per total population: 200.00
 Average # of hits per person that ever hit state: 200.00
 Population currently in state: 0 (0.00%)
 Transitioned to:
 --> Delay_For_Atopy : 1 = 50.00%
 --> Chance_of_Peanut_Allergy : 1 = 50.00%

Delay_For_Atopy:
 Total times entered: 1
 Population that ever hit this state: 1 (100.00%)
 Average # of hits per total population: 100.00
 Average # of hits per person that ever hit state: 100.00
 Population currently in state: 0 (0.00%)
 Total duration: 7 days
 Average duration per time entered: 7 days
 Average duration per person that ever entered state: 7 days
 Transitioned to:
 --> Allergy_Incidence_Submodule : 1 = 100.00%

Living_With_Allergies: 
 Never reached 


Allergy_Panel: 
 Never reached 


Prescribe_Epipen: 
 Never reached 


Prescribe_OTC_Antihistamine: 
 Never reached 


Delay_For_Allergist_Initial_Visit: 
 Never reached 


Allergist_Initial_Visit: 
 Never reached 


General_Allergy_CarePlan: 
 Never reached 


End_Allergist_Initial_Visit: 
 Never reached 


Administer_Allergy_Test: 
 Never reached 


Immunotherapy_Submodule: 
 Never reached 




ANEMIA - UNKNOWN ETIOLOGY MODULE
Terminal:
 Total times entered: 1
 Population that ever hit this state: 1 (100.00%)
 Average # of hits per total population: 100.00
 Average # of hits per person that ever hit state: 100.00
 Population currently in state: 1 (100.00%)

Black_Females:
 Total times entered: 1
 Population that ever hit this state: 1 (100.00%)
 Average # of hits per total population: 100.00
 Average # of hits per person that ever hit state: 100.00
 Population currently in state: 0 (0.00%)
 Transitioned to:
 --> Terminal : 1 = 100.00%

Initial:
 Total times entered: 1
 Population that ever hit this state: 1 (100.00%)
 Average # of hits per total population: 100.00
 Average # of hits per person that ever hit state: 100.00
 Population currently in state: 0 (0.00%)
 Transitioned to:
 --> Black_Females : 1 = 100.00%

White_Females: 
 Never reached 


Hispanic_Females: 
 Never reached 


SOB: 
 Never reached 


Delay_0_14: 
 Never reached 


Next_Symptom_1: 
 Never reached 


End_Encounter: 
 Never reached 


Fatigue: 
 Never reached 


Hispanic_Males: 
 Never reached 


Delay_80_85: 
 Never reached 


Anemia_Risk_Group: 
 Never reached 


Black_Males: 
 Never reached 


Delay_50_79: 
 Never reached 


Delay_15-49: 
 Never reached 


Anemia_Submodule: 
 Never reached 


Tachycardia: 
 Never reached 


White_Males: 
 Never reached 


Next_Symptom_2: 
 Never reached 


Anemia Encounter: 
 Never reached 




PRIMARY ATROPHIC HYPOTHYROIDISM MODULE
Age delay:
 Total times entered: 2
 Population that ever hit this state: 2 (200.00%)
 Average # of hits per total population: 200.00
 Average # of hits per person that ever hit state: 100.00
 Population currently in state: 2 (200.00%)
 Total duration: 32 years 9 months
 Average duration per time entered: 16 years 4 months
 Average duration per person that ever entered state: 16 years 4 months

Initial:
 Total times entered: 2
 Population that ever hit this state: 2 (200.00%)
 Average # of hits per total population: 200.00
 Average # of hits per person that ever hit state: 100.00
 Population currently in state: 0 (0.00%)
 Transitioned to:
 --> Age delay : 2 = 100.00%

Fatigue Symptom: 
 Never reached 


Hypothyroidism encounter: 
 Never reached 


Synthroid Medication Order: 
 Never reached 


Terminal: 
 Never reached 


Lab Panel Results: 
 Never reached 


encounter end: 
 Never reached 


Cold Symptom: 
 Never reached 


Hypothyroid Condition Onset: 
 Never reached 


Weight Gain: 
 Never reached 


Decreased Appetite: 
 Never reached 




URINARY TRACT INFECTIONS MODULE
Delay_Until_Right_Age:
 Total times entered: 1
 Population that ever hit this state: 1 (100.00%)
 Average # of hits per total population: 100.00
 Average # of hits per person that ever hit state: 100.00
 Population currently in state: 1 (100.00%)
 Total duration: 16 years 4 months
 Average duration per time entered: 16 years 4 months
 Average duration per person that ever entered state: 16 years 4 months

Initial:
 Total times entered: 1
 Population that ever hit this state: 1 (100.00%)
 Average # of hits per total population: 100.00
 Average # of hits per person that ever hit state: 100.00
 Population currently in state: 0 (0.00%)
 Transitioned to:
 --> Delay_Until_Right_Age : 1 = 100.00%

Wait_For_Old_Age: 
 Never reached 


End_Urinary_Tract_Infection: 
 Never reached 


UTI_Symptom1_Ends: 
 Never reached 


End_First_Round_Of_Antibiotics: 
 Never reached 


Followup_Encounter: 
 Never reached 


Symptom_Period: 
 Never reached 


Prescribe_OTC_Painkiller_For_UTIs: 
 Never reached 


UTI_CarePlan: 
 Never reached 


UTI_Symptom1: 
 Never reached 


Prescribe_Second_Round_Of_Antibiotics: 
 Never reached 


UTI_Symptom7_Ends: 
 Never reached 


UTI_Symptom4_Ends: 
 Never reached 


UTI_Symptom3: 
 Never reached 


UTI_Symptom2: 
 Never reached 


Recurrent_Urinary_Tract_Infections: 
 Never reached 


UTI_Diagnosis: 
 Never reached 


Urinary_Tract_Infection: 
 Never reached 


UTI_Symptom6_Ends: 
 Never reached 


Wait_For_Recurring_UTI: 
 Never reached 


End_Diagnosis_Encounter: 
 Never reached 


End_OTC_Painkiller: 
 Never reached 


UTI_Symptom3_Ends: 
 Never reached 


Cystitis: 
 Never reached 


Take_Antibiotics: 
 Never reached 


End_Followup: 
 Never reached 


Wait_For_Next_UTI: 
 Never reached 


UTI_Symptom2_Ends: 
 Never reached 


Take_More_Antibiotics: 
 Never reached 


Terminal: 
 Never reached 


UTI_Symptom5: 
 Never reached 


UTI_Symptom4: 
 Never reached 


UTI_Symptom7: 
 Never reached 


UTI_Symptom6: 
 Never reached 


End_UTI_CarePlan: 
 Never reached 


Prescribe_UTI_Antibiotic: 
 Never reached 


Pyelonephritis: 
 Never reached 


UTI_Symptom5_Ends: 
 Never reached 


End_Second_Round_Of_Antibiotics: 
 Never reached 


Get_Additional_UTIs: 
 Never reached 


Urethritis: 
 Never reached 




METABOLIC SYNDROME STANDARDS OF CARE MODULE
Wellness_Encounter:
 Total times entered: 27
 Population that ever hit this state: 1 (100.00%)
 Average # of hits per total population: 2700.00
 Average # of hits per person that ever hit state: 2700.00
 Population currently in state: 1 (100.00%)
 (duration metrics for wellness encounter omitted)
 Transitioned to:
 --> Check_Hypertension : 26 = 100.00%

Obese_Check:
 Total times entered: 26
 Population that ever hit this state: 1 (100.00%)
 Average # of hits per total population: 2600.00
 Average # of hits per person that ever hit state: 2600.00
 Population currently in state: 0 (0.00%)
 Transitioned to:
 --> Wellness_Encounter : 26 = 100.00%

Check_Diabetes:
 Total times entered: 26
 Population that ever hit this state: 1 (100.00%)
 Average # of hits per total population: 2600.00
 Average # of hits per person that ever hit state: 2600.00
 Population currently in state: 0 (0.00%)
 Transitioned to:
 --> Obese_Check : 26 = 100.00%

Check_Hypertension:
 Total times entered: 26
 Population that ever hit this state: 1 (100.00%)
 Average # of hits per total population: 2600.00
 Average # of hits per person that ever hit state: 2600.00
 Population currently in state: 0 (0.00%)
 Transitioned to:
 --> Check_Diabetes : 26 = 100.00%

Initial:
 Total times entered: 1
 Population that ever hit this state: 1 (100.00%)
 Average # of hits per total population: 100.00
 Average # of hits per person that ever hit state: 100.00
 Population currently in state: 0 (0.00%)
 Transitioned to:
 --> Wellness_Encounter : 1 = 100.00%

Tritherapy: 
 Never reached 


Potential_Amputation_of_Right_Hand: 
 Never reached 


Prescribe_Canagliflozin: 
 Never reached 


Potential_Amputation_of_Right_Foot: 
 Never reached 


Check_Nephropathy: 
 Never reached 


End_Hypertension_Medication: 
 Never reached 


Diagnose_End_Stage_Renal_Disease: 
 Never reached 


Hyperglycemia: 
 Never reached 


Diagnose_Macular_Edema: 
 Never reached 


Check_Hypertension_BP: 
 Never reached 


Diagnosis: 
 Never reached 


CKD1 Diagnosis: 
 Never reached 


Check_Low_Dose: 
 Never reached 


Obesity: 
 Never reached 


Record_HA1C: 
 Never reached 


Recovery_After_Amputation: 
 Never reached 


End_Insulin: 
 Never reached 


Diagnose_Proliferative_Retinopathy: 
 Never reached 


Insulin: 
 Never reached 


Check_Macular_Edema: 
 Never reached 


Metabolic_Check: 
 Never reached 


End_Blindness: 
 Never reached 


Diagnose_Blindness: 
 Never reached 


Diagnose_Microalbuminuria: 
 Never reached 


End_Proliferative_Retinopathy: 
 Never reached 


Check_Nonproliferative_Retinopathy: 
 Never reached 


End_Microalbuminuria: 
 Never reached 


Diagnose_Retinopathy: 
 Never reached 


Monotherapy: 
 Never reached 


Severe Obesity: 
 Never reached 


Check_CarePlan: 
 Never reached 


Set_Severity_2: 
 Never reached 


Set_Severity_1: 
 Never reached 


Set_Severity_4: 
 Never reached 


Hypertension_Medication_Low: 
 Never reached 


Set_Severity_3: 
 Never reached 


CKD2 Diagnosis: 
 Never reached 


Set_Severity_0: 
 Never reached 


Blood_Sugar_Check: 
 Never reached 


Amputation_of_Right_Leg: 
 Never reached 


Check_Blindness: 
 Never reached 


End_Basal_Insulin: 
 Never reached 


End_End_Stage_Renal_Disease: 
 Never reached 


Record_MetabolicPanel_5: 
 Never reached 


Diagnose_Neuropathy: 
 Never reached 


Check_Proteinuria: 
 Never reached 


Potential_Amputation_of_Left_Arm: 
 Never reached 


Record_MetabolicPanel_2: 
 Never reached 


Record_MetabolicPanel_4: 
 Never reached 


End_Proteinuria: 
 Never reached 


Record_MetabolicPanel_3: 
 Never reached 


Potential_Amputation_of_Left_Hand: 
 Never reached 


Potential_Amputation_of_Left_Foot: 
 Never reached 


Prescribe_Basal_Insulin: 
 Never reached 


Potential_Amputation: 
 Never reached 


check CKD: 
 Never reached 


End_Canagliflozin: 
 Never reached 


Check_End_Stage_Renal_Disease: 
 Never reached 


End_Neuropathy: 
 Never reached 


Record_Urinalysis: 
 Never reached 


Hypertriglyceridemia: 
 Never reached 


Amputation_Necessary: 
 Never reached 


Check_Neuropathy: 
 Never reached 


Diagnose_Diabetes: 
 Never reached 


History_of_Foot_Amputation: 
 Never reached 


End_Nephropathy: 
 Never reached 


CKD4 Diagnosis: 
 Never reached 


End_Basal_Insulin_Towards_Prandial: 
 Never reached 


Check_Microalbuminuria: 
 Never reached 


History_of_Lower_Limb_Amputation: 
 Never reached 


Schedule_Followup: 
 Never reached 


Prescribe_Metformin: 
 Never reached 


Amputation_of_Right_Foot: 
 Never reached 


Amputation_of_Right_Hand: 
 Never reached 


Amputation_of_Right_Arm: 
 Never reached 


End_Amputation_Encounter: 
 Never reached 


End_Macular_Edema: 
 Never reached 


Record_MetabolicPanel: 
 Never reached 


Amputation_of_Left_Arm: 
 Never reached 


Amputation_of_Left_Foot: 
 Never reached 


End_Retinopathy: 
 Never reached 


Triglyceride_Check: 
 Never reached 


Consider_Procedures: 
 Never reached 


Amputation_of_Left_Hand: 
 Never reached 


Amputation: 
 Never reached 


End_Prandial_Insulin: 
 Never reached 


Diabetic_CarePlan: 
 Never reached 


Diagnose_Prediabetes: 
 Never reached 


Prescribe_Prandial_Insulin: 
 Never reached 


Bitherapy: 
 Never reached 


Potential_Amputation_of_Right_Leg: 
 Never reached 


Hypertension_Medication_High: 
 Never reached 


Prescribe_Medications: 
 Never reached 


End_Liraglutide: 
 Never reached 


Prescribe_Insulin: 
 Never reached 


Metabolic_Syndrome: 
 Never reached 


Amputation_of_Left_Leg: 
 Never reached 


Record_Urinalysis_6: 
 Never reached 


Check_Complications: 
 Never reached 


Diagnose_Proteinuria: 
 Never reached 


Record_Urinalysis_5: 
 Never reached 


Record_Urinalysis_4: 
 Never reached 


Prescribe_Liraglutide: 
 Never reached 


History_of_Upper_Limb_Amputation: 
 Never reached 


Diagnose_Hypertension: 
 Never reached 


Check_High_Dose: 
 Never reached 


Living_With_Diabetes: 
 Never reached 


Potential_Amputation_of_Left_Leg: 
 Never reached 


History_of_Hand_Amputation: 
 Never reached 


Delay_Before_Amputation: 
 Never reached 


Diagnose_Nonproliferative_Retinopathy: 
 Never reached 


End_Nonproliferative_Retinopathy: 
 Never reached 


Diagnose_Nephropathy: 
 Never reached 


CKD3 Diagnosis: 
 Never reached 


Check_Retinopathy: 
 Never reached 


Check_Proliferative_Retinopathy: 
 Never reached 


No_Amputation_Necessary: 
 Never reached 


Potential_Amputation_of_Right_Arm: 
 Never reached 




PRIMARY ATROPHIC HYPOTHYROIDISM MODULE
Age delay:
 Total times entered: 2
 Population that ever hit this state: 2 (200.00%)
 Average # of hits per total population: 200.00
 Average # of hits per person that ever hit state: 100.00
 Population currently in state: 2 (200.00%)
 Total duration: 32 years 9 months
 Average duration per time entered: 16 years 4 months
 Average duration per person that ever entered state: 16 years 4 months

Initial:
 Total times entered: 2
 Population that ever hit this state: 2 (200.00%)
 Average # of hits per total population: 200.00
 Average # of hits per person that ever hit state: 100.00
 Population currently in state: 0 (0.00%)
 Transitioned to:
 --> Age delay : 2 = 100.00%

hypothyroidism: 
 Never reached 


Hypothyroid symptoms: 
 Never reached 


fT4 panel results: 
 Never reached 


Hypothyroidism: 
 Never reached 


Terminal: 
 Never reached 


encounter time delay: 
 Never reached 


Synthroid Medication Order: 
 Never reached 


end encounter: 
 Never reached 


Hypothyroid symptom: 
 Never reached 


Hypothyroidism followup encounter: 
 Never reached 


encounter end: 
 Never reached 


TSH panel result: 
 Never reached 


Hypothyroidism Encounter Workup: 
 Never reached 


Hypothyroid Condition Onset: 
 Never reached 




OSTEOARTHRITIS MODULE
Delay_Pre_Arthritis:
 Total times entered: 1
 Population that ever hit this state: 1 (100.00%)
 Average # of hits per total population: 100.00
 Average # of hits per person that ever hit state: 100.00
 Population currently in state: 1 (100.00%)
 Total duration: 16 years 4 months
 Average duration per time entered: 16 years 4 months
 Average duration per person that ever entered state: 16 years 4 months

Initial:
 Total times entered: 1
 Population that ever hit this state: 1 (100.00%)
 Average # of hits per total population: 100.00
 Average # of hits per person that ever hit state: 100.00
 Population currently in state: 0 (0.00%)
 Transitioned to:
 --> Delay_Pre_Arthritis : 1 = 100.00%

OA_CarePlan: 
 Never reached 


OA_Symptom2: 
 Never reached 


Setup_Knee_Replacement: 
 Never reached 


OA_Symptom1: 
 Never reached 


End_Encounter: 
 Never reached 


Delay_Until_Symptoms: 
 Never reached 


Setup_Hip_Replacement: 
 Never reached 


OA_Diagnosis: 
 Never reached 


Non_Veteran: 
 Never reached 


OA_Symptom2_Advances: 
 Never reached 


Delay_Until_Arthritis: 
 Never reached 


Veteran: 
 Never reached 


OA_Pain_Medication: 
 Never reached 


OA_Symptom1_Ends: 
 Never reached 


OA_Of_The_Hip: 
 Never reached 


OA_Of_The_Hand: 
 Never reached 


OA_Of_The_Knee: 
 Never reached 


Terminal: 
 Never reached 


OA_Symptom1_Advances: 
 Never reached 


Pain Vital: 
 Never reached 


OA_Symptom2_Ends: 
 Never reached 


Osteoarthritis: 
 Never reached 




APPENDICITIS MODULE
Terminal:
 Total times entered: 1
 Population that ever hit this state: 1 (100.00%)
 Average # of hits per total population: 100.00
 Average # of hits per person that ever hit state: 100.00
 Population currently in state: 1 (100.00%)

Female:
 Total times entered: 1
 Population that ever hit this state: 1 (100.00%)
 Average # of hits per total population: 100.00
 Average # of hits per person that ever hit state: 100.00
 Population currently in state: 0 (0.00%)
 Transitioned to:
 --> Terminal : 1 = 100.00%

Initial:
 Total times entered: 1
 Population that ever hit this state: 1 (100.00%)
 Average # of hits per total population: 100.00
 Average # of hits per person that ever hit state: 100.00
 Population currently in state: 0 (0.00%)
 Transitioned to:
 --> Female : 1 = 100.00%

Ages_1_17: 
 Never reached 


Appendectomy: 
 Never reached 


Symptom_Period: 
 Never reached 


Appendicitis_Symptom1: 
 Never reached 


Appendicitis_Symptom2: 
 Never reached 


Male: 
 Never reached 


Recovery: 
 Never reached 


End_Appendectomy_Encounter: 
 Never reached 


Ages_18_44: 
 Never reached 


Appendicitis_Symptom6_Ends: 
 Never reached 


Appendicitis_Symptom3_Ends: 
 Never reached 


Appendicitis_Symptom2_Ends: 
 Never reached 


Appendicitis_Symptom5_Ends: 
 Never reached 


Appendicitis_Encounter: 
 Never reached 


Appendicitis: 
 Never reached 


History_of_Appendectomy: 
 Never reached 


Ages_65_Plus: 
 Never reached 


Rupture: 
 Never reached 


Pre_appendicitis: 
 Never reached 


Appendicitis_Symptom7_Ends: 
 Never reached 


Ages_45_64: 
 Never reached 


Appendicitis_Symptom4_Ends: 
 Never reached 


Appendicitis_Symptom5: 
 Never reached 


Appendicitis_Symptom6: 
 Never reached 


Appendicitis_Symptom3: 
 Never reached 


Appendicitis_Symptom4: 
 Never reached 


Appendicitis_Symptom1_Ends: 
 Never reached 


Appendicitis_Symptom7: 
 Never reached 


Appendectomy_Encounter: 
 Never reached 




LUPUS MODULE
Terminal:
 Total times entered: 1
 Population that ever hit this state: 1 (100.00%)
 Average # of hits per total population: 100.00
 Average # of hits per person that ever hit state: 100.00
 Population currently in state: 1 (100.00%)

Initial:
 Total times entered: 1
 Population that ever hit this state: 1 (100.00%)
 Average # of hits per total population: 100.00
 Average # of hits per person that ever hit state: 100.00
 Population currently in state: 0 (0.00%)
 Transitioned to:
 --> Terminal : 1 = 100.00%

Lupus: 
 Never reached 


Corticosteroid: 
 Never reached 


Lupus_Flareup: 
 Never reached 


Flareup_Corticosteroid: 
 Never reached 


Lupus_Symptom4: 
 Never reached 


Lupus_Nonopioid_Pain_Medication: 
 Never reached 


Lupus_Symptom3: 
 Never reached 


Lupus_Symptom2: 
 Never reached 


Wait_For_Lupus_Flareup: 
 Never reached 


Lupus_Symptom1: 
 Never reached 


End_Flareup_Encounter: 
 Never reached 


End_Corticosteroid: 
 Never reached 


Delay_Until_Lupus: 
 Never reached 


Lupus_CarePlan: 
 Never reached 


Corticosteroid_Treatment: 
 Never reached 


Immune_Suppressant: 
 Never reached 


Lupus_Diagnosis: 
 Never reached 


End_Diagnosis_Encounter: 
 Never reached 


End_Immune_Suppressant: 
 Never reached 




COPD MODULE
Age_Guard:
 Total times entered: 1
 Population that ever hit this state: 1 (100.00%)
 Average # of hits per total population: 100.00
 Average # of hits per person that ever hit state: 100.00
 Population currently in state: 1 (100.00%)
 Total duration: 16 years 4 months
 Average duration per time entered: 16 years 4 months
 Average duration per person that ever entered state: 16 years 4 months

Initial:
 Total times entered: 1
 Population that ever hit this state: 1 (100.00%)
 Average # of hits per total population: 100.00
 Average # of hits per person that ever hit state: 100.00
 Population currently in state: 0 (0.00%)
 Transitioned to:
 --> Age_Guard : 1 = 100.00%

Lung_Volume_Reduction: 
 Never reached 


Emphysema_Symptom2: 
 Never reached 


Emphysema_Symptom1: 
 Never reached 


Potential_COPD_Smoker: 
 Never reached 


Wait_for_Surgery: 
 Never reached 


Surgery_Encounter: 
 Never reached 


Stage2_FEV_Result: 
 Never reached 


Loop_back_to_Living_with_COPD: 
 Never reached 


Initial_FEV_Result: 
 Never reached 


Chronic_Bronchitis: 
 Never reached 


Prescribe_Medication: 
 Never reached 


DiagnosisEncounter: 
 Never reached 


End_Diagnosis_Encounter: 
 Never reached 


Living_with_COPD_Active_Smoker: 
 Never reached 


Stage1_FEV_Result: 
 Never reached 


Nonsmoker_CarePlan: 
 Never reached 


Consider_Surgery: 
 Never reached 


Potential_COPD_Nonsmoker: 
 Never reached 


Stage3_FEV_Result: 
 Never reached 


Common_Symptom3: 
 Never reached 


Smoker_CarePlan: 
 Never reached 


Living_with_COPD_Nonsmoker: 
 Never reached 


Common_Symptom1: 
 Never reached 


Initial_FEV_Test: 
 Never reached 


Followup_FEV_Test: 
 Never reached 


Common_Symptom2: 
 Never reached 


Living_with_COPD: 
 Never reached 


Terminal: 
 Never reached 


End_Surgery_Encounter: 
 Never reached 


Stage4_FEV_Result: 
 Never reached 


Lung_Transplant: 
 Never reached 


Bronchitis_Symptom2: 
 Never reached 


Bronchitis_Symptom1: 
 Never reached 


Check_Medication: 
 Never reached 


Death: 
 Never reached 


COPD_Followup_Encounter: 
 Never reached 


Pulmonary_Rehab: 
 Never reached 


Emphysema: 
 Never reached 




ATTENTION DEFICIT DISORDER MODULE
Terminal:
 Total times entered: 1
 Population that ever hit this state: 1 (100.00%)
 Average # of hits per total population: 100.00
 Average # of hits per person that ever hit state: 100.00
 Population currently in state: 1 (100.00%)

Initial:
 Total times entered: 1
 Population that ever hit this state: 1 (100.00%)
 Average # of hits per total population: 100.00
 Average # of hits per person that ever hit state: 100.00
 Population currently in state: 0 (0.00%)
 Transitioned to:
 --> Terminal : 1 = 100.00%

ADHD: 
 Never reached 


ADHD_Medication_Selection: 
 Never reached 


ADHD_CarePlan: 
 Never reached 


ADD_Symptom5_Ends: 
 Never reached 


ADD_Symptom2_Ends: 
 Never reached 


ADD_Symptom3_Ends: 
 Never reached 


Delay_Until_ADHD: 
 Never reached 


End_ADHD_Medication: 
 Never reached 


ADD_Symptom4_Ends: 
 Never reached 


End_Behavior_Treatment_Encounter: 
 Never reached 


ADHD_Diagnosis: 
 Never reached 


ADHD_Ends: 
 Never reached 


Age_Guard: 
 Never reached 


ADD_Symptom1: 
 Never reached 


ADD_Symptom2: 
 Never reached 


Ritalin: 
 Never reached 


End_Diagnosis_Encounter_with_BT: 
 Never reached 


Behavior_Therapy: 
 Never reached 


End_Diagnosis_Encounter_without_BT: 
 Never reached 


Strattera: 
 Never reached 


Behavior_Treatment_Encounter: 
 Never reached 


Behavior_Treatment_Procedure: 
 Never reached 


ADD_Symptom5: 
 Never reached 


ADHD_CarePlan_Ends: 
 Never reached 


ADD_Symptom3: 
 Never reached 


ADD_Symptom1_Ends: 
 Never reached 


ADD_Symptom4: 
 Never reached 




CYSTIC FIBROSIS MODULE
Terminal:
 Total times entered: 1
 Population that ever hit this state: 1 (100.00%)
 Average # of hits per total population: 100.00
 Average # of hits per person that ever hit state: 100.00
 Population currently in state: 1 (100.00%)

Potential_Onset:
 Total times entered: 1
 Population that ever hit this state: 1 (100.00%)
 Average # of hits per total population: 100.00
 Average # of hits per person that ever hit state: 100.00
 Population currently in state: 0 (0.00%)
 Transitioned to:
 --> Terminal : 1 = 100.00%

Initial:
 Total times entered: 1
 Population that ever hit this state: 1 (100.00%)
 Average # of hits per total population: 100.00
 Average # of hits per person that ever hit state: 100.00
 Population currently in state: 0 (0.00%)
 Transitioned to:
 --> Potential_Onset : 1 = 100.00%

no_double_infection: 
 Never reached 


difficulty_breathing: 
 Never reached 


startDiseaseChain: 
 Never reached 


chronic_cough: 
 Never reached 


symptoms_dont_improve: 
 Never reached 


Set_Gene_Mutation: 
 Never reached 


GlucoseTest: 
 Never reached 


Sepsis_of_Staphylococcus_aureus: 
 Never reached 


wheezing: 
 Never reached 


Recovery: 
 Never reached 


Gene_mutation_test: 
 Never reached 


diseaseSupplier: 
 Never reached 


Diabetes_Guard: 
 Never reached 


diatbetesState: 
 Never reached 


Lung_Transplant_Considered: 
 Never reached 


Prescribe_Ciprofloxacin: 
 Never reached 


no_double_infection_2: 
 Never reached 


Pancreatin: 
 Never reached 


Quarterly_Checkup: 
 Never reached 


Enema: 
 Never reached 


Lung_Transplant: 
 Never reached 


patient_dies: 
 Never reached 


Pulmonary_Function_Test: 
 Never reached 


Prescribe_Mucus_Thinner: 
 Never reached 


Emergency_Room: 
 Never reached 


Age Less Than 1: 
 Never reached 


Sweat_Test: 
 Never reached 


setTransplant: 
 Never reached 


Female_Infertility: 
 Never reached 


Lung_Transplant_Denied: 
 Never reached 


Oropharyngeal_Culture: 
 Never reached 


Cystic_Fibrosis: 
 Never reached 


Intravenous_Infusion: 
 Never reached 


death: 
 Never reached 


EndCheckup: 
 Never reached 


fever: 
 Never reached 


Prescribe_Ivacaftor: 
 Never reached 


Antibiotic_Therapy: 
 Never reached 


Chest_XRay: 
 Never reached 


Meconium Ileus: 
 Never reached 


16_plus: 
 Never reached 


Develop_Diabetes: 
 Never reached 


Take_Blood_Sample: 
 Never reached 


pulmonary_exacerbation: 
 Never reached 


Male_Infertility: 
 Never reached 


Life_With_Cystic_Fibrosis: 
 Never reached 


Develop_Infection_1: 
 Never reached 


Release_From_Hospital: 
 Never reached 


DiabetesCarePlan: 
 Never reached 


Oxygen_Therapy: 
 Never reached 


Getting_Diagnosed: 
 Never reached 


Develop_Infection_2: 
 Never reached 


Lung_Transplant_End: 
 Never reached 


Ages_2_15: 
 Never reached 


Meconium_Ileus_Resolved: 
 Never reached 


CF_CarePlan: 
 Never reached 


Neonatal_screening: 
 Never reached 


End_Screening: 
 Never reached 


Salty_Skin: 
 Never reached 


death_2: 
 Never reached 


Age 1: 
 Never reached 


Prescribe_Vancomycin: 
 Never reached 


Lung_Transplant_Wait: 
 Never reached 


Tracheostomy: 
 Never reached 


Fibrosis_Screening: 
 Never reached 


low_blood_pressure: 
 Never reached 


patient_lives: 
 Never reached 


death_3: 
 Never reached 


Sepsis_Of_Paeruginosa: 
 Never reached 




CONTRACEPTIVE MAINTENANCE MODULE
Contraceptive_Type_Guard:
 Total times entered: 1
 Population that ever hit this state: 1 (100.00%)
 Average # of hits per total population: 100.00
 Average # of hits per person that ever hit state: 100.00
 Population currently in state: 1 (100.00%)
 Total duration: 16 years 4 months
 Average duration per time entered: 16 years 4 months
 Average duration per person that ever entered state: 16 years 4 months

Initial:
 Total times entered: 1
 Population that ever hit this state: 1 (100.00%)
 Average # of hits per total population: 100.00
 Average # of hits per person that ever hit state: 100.00
 Population currently in state: 0 (0.00%)
 Transitioned to:
 --> Contraceptive_Type_Guard : 1 = 100.00%

Renew_IUD_Encounter: 
 Never reached 


End_IUD_Removal_Encounter: 
 Never reached 


IUD_Replacement: 
 Never reached 


Remove_IUD_Encounter: 
 Never reached 


Clear_Contraceptive: 
 Never reached 


IUD_Removal: 
 Never reached 


Remove_Implant_Encounter: 
 Never reached 


IUD_Maintenance: 
 Never reached 


End_Remove_Implant_Encounter: 
 Never reached 


Terminal: 
 Never reached 


End_Regular_Injection_Encounter: 
 Never reached 


End_IUD_Replacement_Encounter: 
 Never reached 


Renew_Implant_Encounter: 
 Never reached 


Implant_Maintenance: 
 Never reached 


Remove_Implant: 
 Never reached 


Injectable_Maintenance: 
 Never reached 


End_Renew_Implant_Encounter: 
 Never reached 


Regular_Contraceptive_Injection: 
 Never reached 


Regular_Injection_Encounter: 
 Never reached 


Renew_Contraceptive_Implant: 
 Never reached 




DERMATITIS MODULE
Terminal:
 Total times entered: 1
 Population that ever hit this state: 1 (100.00%)
 Average # of hits per total population: 100.00
 Average # of hits per person that ever hit state: 100.00
 Population currently in state: 1 (100.00%)

Not_Atopic:
 Total times entered: 1
 Population that ever hit this state: 1 (100.00%)
 Average # of hits per total population: 100.00
 Average # of hits per person that ever hit state: 100.00
 Population currently in state: 0 (0.00%)
 Transitioned to:
 --> Terminal : 1 = 100.00%

Delay_For_Atopy:
 Total times entered: 1
 Population that ever hit this state: 1 (100.00%)
 Average # of hits per total population: 100.00
 Average # of hits per person that ever hit state: 100.00
 Population currently in state: 0 (0.00%)
 Total duration: 7 days
 Average duration per time entered: 7 days
 Average duration per person that ever entered state: 7 days
 Transitioned to:
 --> Not_Atopic : 1 = 100.00%

Initial:
 Total times entered: 1
 Population that ever hit this state: 1 (100.00%)
 Average # of hits per total population: 100.00
 Average # of hits per person that ever hit state: 100.00
 Population currently in state: 0 (0.00%)
 Transitioned to:
 --> Delay_For_Atopy : 1 = 100.00%

Dermatitis_Resolves: 
 Never reached 


Dermatitis_Careplan: 
 Never reached 


Delay_Until_Adulthood: 
 Never reached 


End_Immunosuppressant: 
 Never reached 


Living_With_Dermatitis: 
 Never reached 


Prescribe_Corticosteroid: 
 Never reached 


End_Dermatologist_Visit: 
 Never reached 


Dermatitis_Symptom2_Ends: 
 Never reached 


Mid_Childhood_AD_Severe_Observations: 
 Never reached 


Treating_Flare_Up: 
 Never reached 


Atopic: 
 Never reached 


Advise_To_Visit_Allergist: 
 Never reached 


Dermatitis_Symptom2: 
 Never reached 


Dermatitis_Symptom3: 
 Never reached 


Atopic_Dermatitis_Incidence: 
 Never reached 


Potential_CD_Resolves: 
 Never reached 


Late_Childhood_AD: 
 Never reached 


Dermatitis_Symptom1: 
 Never reached 


Delay_For_Dermatologist: 
 Never reached 


Mid_Childhood_AD: 
 Never reached 


End_Dermatitis_CarePlan: 
 Never reached 


End_Diagnosis_Encounter: 
 Never reached 


Prescribe_Corticosteroid_For_Flare_Up: 
 Never reached 


Dermatologist_Visit_For_Flare_Up: 
 Never reached 


Dermatitis_Symptom1_Ends: 
 Never reached 


Moderate_Contact_Dermatitis_Observations: 
 Never reached 


Dermatitis_Symptom3_Ends: 
 Never reached 


PCP_Encounter: 
 Never reached 


Early_Childhood_AD: 
 Never reached 


Severe_Contact_Dermatitis_Observations: 
 Never reached 


Early_Childhood_AD_Severe_Observations: 
 Never reached 


Prescribe_Immunosuppressant: 
 Never reached 


Adult_Contact_Dermatitis: 
 Never reached 


AD_Flare_Up: 
 Never reached 


Early_Childhood_AD_Moderate_Observations: 
 Never reached 


Dermatologist_Visit: 
 Never reached 


End_Corticosteroid: 
 Never reached 


Potential_AD_Flare_Up: 
 Never reached 


Childhood_Atopic_Dermatitis: 
 Never reached 


Mid_Childhood_AD_Moderate_Observations: 
 Never reached 


Potentially_Outgrow_AD: 
 Never reached 




FOOD ALLERGIES MODULE
Terminal:
 Total times entered: 1
 Population that ever hit this state: 1 (100.00%)
 Average # of hits per total population: 100.00
 Average # of hits per person that ever hit state: 100.00
 Population currently in state: 1 (100.00%)

Delay_For_Allergic_Reaction_To_Food:
 Total times entered: 1
 Population that ever hit this state: 1 (100.00%)
 Average # of hits per total population: 100.00
 Average # of hits per person that ever hit state: 100.00
 Population currently in state: 0 (0.00%)
 Total duration: 1 years 3 months
 Average duration per time entered: 1 years 3 months
 Average duration per person that ever entered state: 1 years 3 months
 Transitioned to:
 --> Terminal : 1 = 100.00%

Initial:
 Total times entered: 1
 Population that ever hit this state: 1 (100.00%)
 Average # of hits per total population: 100.00
 Average # of hits per person that ever hit state: 100.00
 Population currently in state: 0 (0.00%)
 Transitioned to:
 --> Delay_For_Allergic_Reaction_To_Food : 1 = 100.00%

Severe_Reaction_To_Food: 
 Never reached 


Potential_Allergic_Reaction_To_Food: 
 Never reached 


Allergic_Reaction_To_Food: 
 Never reached 


Advise_To_Visit_Allergist: 
 Never reached 


PCP_Visit_For_Food_Allergy: 
 Never reached 


Potential_To_Outgrow_Allergies: 
 Never reached 


Delay_For_PCP_Visit: 
 Never reached 


End_PCP_Visit_For_Food_Allergy: 
 Never reached 


Moderate_Reaction_To_Food: 
 Never reached 


Living_With_Food_Allergies: 
 Never reached 


Food_Allergy_CarePlan: 
 Never reached 




FIBROMYALGIA MODULE
Terminal:
 Total times entered: 1
 Population that ever hit this state: 1 (100.00%)
 Average # of hits per total population: 100.00
 Average # of hits per person that ever hit state: 100.00
 Population currently in state: 1 (100.00%)

Initial:
 Total times entered: 1
 Population that ever hit this state: 1 (100.00%)
 Average # of hits per total population: 100.00
 Average # of hits per person that ever hit state: 100.00
 Population currently in state: 0 (0.00%)
 Transitioned to:
 --> Terminal : 1 = 100.00%

Prescribe_Opioid: 
 Never reached 


Take_Prescription: 
 Never reached 


End_Episode_Encounter: 
 Never reached 


Delay_Until_Fibromyalgia: 
 Never reached 


Fibromyalgia: 
 Never reached 


Fibromyalgia_Episode: 
 Never reached 


Delay_Until_Fibromyalgia_Episode: 
 Never reached 


Pain_Vital: 
 Never reached 


Fibromyalgia_Diagnosis: 
 Never reached 


End_Diagnosis_Encounter: 
 Never reached 


Fibromyalgia_Symptom1: 
 Never reached 


Fibromyalgia_Symptom2: 
 Never reached 


Fibromyalgia_Symptom3: 
 Never reached 


Fibromyalgia_Symptom4: 
 Never reached 


Fibromyalgia_Symptom5: 
 Never reached 


Fibromyalgia_Symptom6: 
 Never reached 


Strong_NSAID: 
 Never reached 


Prescribe_Savella: 
 Never reached 


Prescribe_Cymbalta: 
 Never reached 


Prescribe_Lyrica: 
 Never reached 


Fibromyalgia_Guard: 
 Never reached 


Fibromyalgia_CarePlan: 
 Never reached 


End_Fibromyalgia_Prescription: 
 Never reached 




VETERAN SUBSTANCE ABUSE TREATMENT MODULE
Veteran Guard:
 Total times entered: 1
 Population that ever hit this state: 1 (100.00%)
 Average # of hits per total population: 100.00
 Average # of hits per person that ever hit state: 100.00
 Population currently in state: 1 (100.00%)
 Total duration: 16 years 4 months
 Average duration per time entered: 16 years 4 months
 Average duration per person that ever entered state: 16 years 4 months

Initial:
 Total times entered: 1
 Population that ever hit this state: 1 (100.00%)
 Average # of hits per total population: 100.00
 Average # of hits per person that ever hit state: 100.00
 Population currently in state: 0 (0.00%)
 Transitioned to:
 --> Veteran Guard : 1 = 100.00%

Smoking Medication: 
 Never reached 


Opioid Abuse Diagnosis: 
 Never reached 


Alcoholism_Care_Plan: 
 Never reached 


Opioid Addiction Care Plan: 
 Never reached 


alcoholism post treatment: 
 Never reached 


Wellness Encounter: 
 Never reached 


SUD check: 
 Never reached 


Loop_Back_To_Encounter: 
 Never reached 


smoking symptom post treatment: 
 Never reached 


encounter_end: 
 Never reached 


smoking post treatment: 
 Never reached 


Smoking_Check: 
 Never reached 


Alcohol Check: 
 Never reached 


Alcohol Diagnosis: 
 Never reached 


Smoking_Careplan: 
 Never reached 


alcoholism symptom post treatment: 
 Never reached 


Smoking_Condition: 
 Never reached 




VETERAN LUNG CANCER MODULE
Veteran_Guard:
 Total times entered: 1
 Population that ever hit this state: 1 (100.00%)
 Average # of hits per total population: 100.00
 Average # of hits per person that ever hit state: 100.00
 Population currently in state: 1 (100.00%)
 Total duration: 16 years 4 months
 Average duration per time entered: 16 years 4 months
 Average duration per person that ever entered state: 16 years 4 months

Initial:
 Total times entered: 1
 Population that ever hit this state: 1 (100.00%)
 Average # of hits per total population: 100.00
 Average # of hits per person that ever hit state: 100.00
 Population currently in state: 0 (0.00%)
 Transitioned to:
 --> Veteran_Guard : 1 = 100.00%

End_SCLC_Treatment_Encounter: 
 Never reached 


NSCLC Chemotheraphy IIB: 
 Never reached 


Small Cell Lung Cancer: 
 Never reached 


veteran_smoker: 
 Never reached 


Diagnosis Encounter IV: 
 Never reached 


NSCLC Treatment Encounter: 
 Never reached 


NSCLC III: 
 Never reached 


NSCLC Chemotheraphy II: 
 Never reached 


Non-Small Cell Lung Cancer: 
 Never reached 


SCLC Treatment Delay: 
 Never reached 


Undiagnosed_Lung_Cancer: 
 Never reached 


Stage II: 
 Never reached 


SCLC Radiation: 
 Never reached 


Stage I: 
 Never reached 


Onset_Lung_Cancer: 
 Never reached 


Stage IV: 
 Never reached 


NSCLC Chemotheraphy IB: 
 Never reached 


Thoracentesis (Fluid): 
 Never reached 


End_Diagnosis_Encounter_II: 
 Never reached 


NSCLC Chemotheraphy I: 
 Never reached 


Chest X-Ray: 
 Never reached 


NSCLC Radiation: 
 Never reached 


Suspected Lung Cancer: 
 Never reached 


Stage III: 
 Never reached 


MRI Brain: 
 Never reached 


Ages_45_65: 
 Never reached 


SCLC Chemotheraphy I: 
 Never reached 


Bronchoscopy (Tube): 
 Never reached 


smoking_status: 
 Never reached 


SCLC I: 
 Never reached 


Schedule Follow Up I: 
 Never reached 


Needle Biopsy (Cells): 
 Never reached 


Diagnosis Encounter I: 
 Never reached 


SCLC Chemotheraphy II: 
 Never reached 


SCLC Chemotheraphy IIB: 
 Never reached 


NSCLC Treatment Path: 
 Never reached 


SCLC Chemotheraphy IB: 
 Never reached 


smoker_Lung Cancer Probabilities: 
 Never reached 


End_Diagnosis_Encounter_IV: 
 Never reached 


Increment_Counter: 
 Never reached 


Lung_Cancer_CarePlan: 
 Never reached 


SCLC Treatment Path: 
 Never reached 


non_smoker_Lung Cancer Probabilities: 
 Never reached 


SCLC II: 
 Never reached 


End_Diagnosis_Encounter_III: 
 Never reached 


End_NSCLC_Treatment_Encounter: 
 Never reached 


SCLC: 
 Never reached 


SCLC IV: 
 Never reached 


NSCLC Treatment Delay: 
 Never reached 


SCLC III: 
 Never reached 


NSCLC: 
 Never reached 


SCLC Treatment Encounter: 
 Never reached 


Sputum Cytology (Phelgm): 
 Never reached 


NSCLC I: 
 Never reached 


End_Diagnosis_Encounter_I: 
 Never reached 


NSCLC II: 
 Never reached 


Schedule Follow Up III: 
 Never reached 


Terminal: 
 Never reached 


Cough: 
 Never reached 


veteran_non_smoker: 
 Never reached 


Chest CT Scan: 
 Never reached 


Init_Lung_Cancer_Counter: 
 Never reached 


Chest Pain: 
 Never reached 


Diagnosis Encounter III: 
 Never reached 


Diagnosis Encounter II: 
 Never reached 


Schedule Follow Up II: 
 Never reached 


NSCLC IV: 
 Never reached 




TOTAL JOINT REPLACEMENT MODULE
Joint_Replacement_Guard:
 Total times entered: 1
 Population that ever hit this state: 1 (100.00%)
 Average # of hits per total population: 100.00
 Average # of hits per person that ever hit state: 100.00
 Population currently in state: 1 (100.00%)
 Total duration: 16 years 4 months
 Average duration per time entered: 16 years 4 months
 Average duration per person that ever entered state: 16 years 4 months

Initial:
 Total times entered: 1
 Population that ever hit this state: 1 (100.00%)
 Average # of hits per total population: 100.00
 Average # of hits per person that ever hit state: 100.00
 Population currently in state: 0 (0.00%)
 Transitioned to:
 --> Joint_Replacement_Guard : 1 = 100.00%

Post_Procedure_Encounter_End: 
 Never reached 


Hip_Replacement_Procedure: 
 Never reached 


Functional_Status_Assessments_2: 
 Never reached 


In_Hospital_Post_Surgery_Recovery: 
 Never reached 


Delay_After_Assessments_2: 
 Never reached 


Knee_Replacement_Procedure: 
 Never reached 


End_Encounter: 
 Never reached 


Functional_Status_Assessments: 
 Never reached 


Post_Op_CarePlan: 
 Never reached 


Delay_After_Assessments: 
 Never reached 


Delay_For_Recovery: 
 Never reached 


Joint_Replacement_Encounter: 
 Never reached 


Delay_Until_New_Replacement_Needed: 
 Never reached 


Post_Op_Prescribe_Pain_Reliever: 
 Never reached 


Post_Procedure_Encounter: 
 Never reached 


Delay_For_Post_Assessment_Hip: 
 Never reached 


Terminal: 
 Never reached 


Delay_For_Post_Assessment_Knee: 
 Never reached 


Delay_For_Joint_Replacement: 
 Never reached 


Pre_Procedure_Encounter_End: 
 Never reached 


Pre_Procedure_Encounter: 
 Never reached 


End_Post_Op_CarePlan: 
 Never reached 




VETERAN PTSD MODULE
age guard:
 Total times entered: 1
 Population that ever hit this state: 1 (100.00%)
 Average # of hits per total population: 100.00
 Average # of hits per person that ever hit state: 100.00
 Population currently in state: 1 (100.00%)
 Total duration: 16 years 4 months
 Average duration per time entered: 16 years 4 months
 Average duration per person that ever entered state: 16 years 4 months

Initial:
 Total times entered: 1
 Population that ever hit this state: 1 (100.00%)
 Average # of hits per total population: 100.00
 Average # of hits per person that ever hit state: 100.00
 Population currently in state: 0 (0.00%)
 Transitioned to:
 --> age guard : 1 = 100.00%

Inpatient Suicide Risk Assessment: 
 Never reached 


PHQ2_Q9_Assessment: 
 Never reached 


Pain_Vital_3: 
 Never reached 


Pain_Vital_2: 
 Never reached 


Onset_age_60_to_99_Male: 
 Never reached 


therapy delay: 
 Never reached 


PTSD Chronic Pain Med: 
 Never reached 


Inpatient Suicide Care Plan_2: 
 Never reached 


Male: 
 Never reached 


telehealth delay: 
 Never reached 


emergency_encounter end: 
 Never reached 


time gate: 
 Never reached 


Pain_Vital_4: 
 Never reached 


end_Psych_encounter: 
 Never reached 


PTSD_Careplan_Psych_and_Rx: 
 Never reached 


PTSD_Encounter: 
 Never reached 


Therapy Note: 
 Never reached 


Inpatient Suicide Assessment: 
 Never reached 


Columbia_Suicide_Risk_Assessment: 
 Never reached 


Inpatient Suicide Care Plan: 
 Never reached 


Onset_age_50_to_59_Female: 
 Never reached 


time delay: 
 Never reached 


Onset_age_30_to_39_Male: 
 Never reached 


PC-PTSD Screen: 
 Never reached 


end_PTSD_Encounter: 
 Never reached 


Telehealth_Visit: 
 Never reached 


end_PTSD_Re_evaluation_Encounter: 
 Never reached 


Evaluation Gate delay: 
 Never reached 


PTSD_Careplan_Rx_ONLY: 
 Never reached 


PTSD_Initial_Careplan: 
 Never reached 


Onset_age_40_to_49_Male: 
 Never reached 


Onset_age_40_to_49_Female: 
 Never reached 


PTSD Episode: 
 Never reached 


Non_Veteran: 
 Never reached 


end_follow_up_careplan: 
 Never reached 


Onset_age_21_to_29_Male: 
 Never reached 


Therapy_Visit: 
 Never reached 


Columbia Suicide Risk Assessment: 
 Never reached 


end re_evaluation_medication: 
 Never reached 


Pain_Vital: 
 Never reached 


PTSD Diagnosis: 
 Never reached 


At Risk for suicide: 
 Never reached 


Female: 
 Never reached 


mTBI check: 
 Never reached 


Veteran: 
 Never reached 


Onset_age_60_to_99_Female: 
 Never reached 


PHQ2_Q9 Assessment: 
 Never reached 


Inpatient_admission: 
 Never reached 


PTSD_Re_evaluation Encounter: 
 Never reached 


Onset_age_30_to_39_Female: 
 Never reached 


end therapy visit: 
 Never reached 


Terminal: 
 Never reached 


Initial_Psychiatric_PTSD_Encounter: 
 Never reached 


end telehealth: 
 Never reached 


PTSD Medication Order: 
 Never reached 


Change_Dx_Not_PTSD: 
 Never reached 


Telehealth_Observations: 
 Never reached 


Onset_age_50_to_59_Male: 
 Never reached 


Onset_age_21_to_29_Female: 
 Never reached 


PTSD_Careplan_Psych: 
 Never reached 




RHEUMATOID ARTHRITIS MODULE
Terminal:
 Total times entered: 1
 Population that ever hit this state: 1 (100.00%)
 Average # of hits per total population: 100.00
 Average # of hits per person that ever hit state: 100.00
 Population currently in state: 1 (100.00%)

Initial:
 Total times entered: 1
 Population that ever hit this state: 1 (100.00%)
 Average # of hits per total population: 100.00
 Average # of hits per person that ever hit state: 100.00
 Population currently in state: 0 (0.00%)
 Transitioned to:
 --> Terminal : 1 = 100.00%

End_RA_Nonopioid: 
 Never reached 


RA_Diagnosis: 
 Never reached 


End_RA_CarePlan: 
 Never reached 


Encounter_Ends_After_DMARD: 
 Never reached 


Setup_Knee_Replacement: 
 Never reached 


RA_Symptom4_Ends: 
 Never reached 


DMARD_Treatment_Period: 
 Never reached 


Setup_Hip_Replacement: 
 Never reached 


RA_Symptom1_Ends: 
 Never reached 


Encounter_Ends_After_Corticosteroids: 
 Never reached 


Delay_Until_Arthritis: 
 Never reached 


RA_Symptom1: 
 Never reached 


Corticosteroid_Treatment: 
 Never reached 


Living_With_RA: 
 Never reached 


RA_Symptom2: 
 Never reached 


RA_Symptom3: 
 Never reached 


RA_Symptom4: 
 Never reached 


RA_Symptom5: 
 Never reached 


Corticosteroid: 
 Never reached 


RA_Symptom3_Ends: 
 Never reached 


End_DMARD: 
 Never reached 


DMARD: 
 Never reached 


RA_Ends: 
 Never reached 


RA_Symptom5_Ends: 
 Never reached 


End_Corticosteroid: 
 Never reached 


RA_Symptom2_Ends: 
 Never reached 


RA_Nonopioid_Pain_Medication: 
 Never reached 


Rheumatoid_Arthritis: 
 Never reached 


RA_CarePlan: 
 Never reached 




SORE THROAT MODULE
Potential_Infection:
 Total times entered: 199
 Population that ever hit this state: 1 (100.00%)
 Average # of hits per total population: 19900.00
 Average # of hits per person that ever hit state: 19900.00
 Population currently in state: 1 (100.00%)
 Total duration: 16 years 4 months
 Average duration per time entered: 30 days 0 hours 7 minutes 14 seconds
 Average duration per person that ever entered state: 16 years 4 months
 Transitioned to:
 --> Potential_Infection : 197 = 99.49%
 --> Acquire_Viral_Infection : 1 = 0.51%

Condition_Resolves:
 Total times entered: 1
 Population that ever hit this state: 1 (100.00%)
 Average # of hits per total population: 100.00
 Average # of hits per person that ever hit state: 100.00
 Population currently in state: 0 (0.00%)
 Transitioned to:
 --> Potential_Infection : 1 = 100.00%

Symptom_10_Ends:
 Total times entered: 1
 Population that ever hit this state: 1 (100.00%)
 Average # of hits per total population: 100.00
 Average # of hits per person that ever hit state: 100.00
 Population currently in state: 0 (0.00%)
 Transitioned to:
 --> Condition_Resolves : 1 = 100.00%

Symptom_9_Ends:
 Total times entered: 1
 Population that ever hit this state: 1 (100.00%)
 Average # of hits per total population: 100.00
 Average # of hits per person that ever hit state: 100.00
 Population currently in state: 0 (0.00%)
 Transitioned to:
 --> Symptom_10_Ends : 1 = 100.00%

Symptom_8_Ends:
 Total times entered: 1
 Population that ever hit this state: 1 (100.00%)
 Average # of hits per total population: 100.00
 Average # of hits per person that ever hit state: 100.00
 Population currently in state: 0 (0.00%)
 Transitioned to:
 --> Symptom_9_Ends : 1 = 100.00%

Symptom_7_Ends:
 Total times entered: 1
 Population that ever hit this state: 1 (100.00%)
 Average # of hits per total population: 100.00
 Average # of hits per person that ever hit state: 100.00
 Population currently in state: 0 (0.00%)
 Transitioned to:
 --> Symptom_8_Ends : 1 = 100.00%

Symptom_6_Ends:
 Total times entered: 1
 Population that ever hit this state: 1 (100.00%)
 Average # of hits per total population: 100.00
 Average # of hits per person that ever hit state: 100.00
 Population currently in state: 0 (0.00%)
 Transitioned to:
 --> Symptom_7_Ends : 1 = 100.00%

Symptom_5_Ends:
 Total times entered: 1
 Population that ever hit this state: 1 (100.00%)
 Average # of hits per total population: 100.00
 Average # of hits per person that ever hit state: 100.00
 Population currently in state: 0 (0.00%)
 Transitioned to:
 --> Symptom_6_Ends : 1 = 100.00%

Symptom_4_Ends:
 Total times entered: 1
 Population that ever hit this state: 1 (100.00%)
 Average # of hits per total population: 100.00
 Average # of hits per person that ever hit state: 100.00
 Population currently in state: 0 (0.00%)
 Transitioned to:
 --> Symptom_5_Ends : 1 = 100.00%

Symptom_3_Ends:
 Total times entered: 1
 Population that ever hit this state: 1 (100.00%)
 Average # of hits per total population: 100.00
 Average # of hits per person that ever hit state: 100.00
 Population currently in state: 0 (0.00%)
 Transitioned to:
 --> Symptom_4_Ends : 1 = 100.00%

Symptom_2_Ends:
 Total times entered: 1
 Population that ever hit this state: 1 (100.00%)
 Average # of hits per total population: 100.00
 Average # of hits per person that ever hit state: 100.00
 Population currently in state: 0 (0.00%)
 Transitioned to:
 --> Symptom_3_Ends : 1 = 100.00%

Symptom_1_Ends:
 Total times entered: 1
 Population that ever hit this state: 1 (100.00%)
 Average # of hits per total population: 100.00
 Average # of hits per person that ever hit state: 100.00
 Population currently in state: 0 (0.00%)
 Transitioned to:
 --> Symptom_2_Ends : 1 = 100.00%

Time_Passes:
 Total times entered: 1
 Population that ever hit this state: 1 (100.00%)
 Average # of hits per total population: 100.00
 Average # of hits per person that ever hit state: 100.00
 Population currently in state: 0 (0.00%)
 Total duration: 12 days
 Average duration per time entered: 12 days
 Average duration per person that ever entered state: 12 days
 Transitioned to:
 --> Symptom_1_Ends : 1 = 100.00%

End_Encounter:
 Total times entered: 1
 Population that ever hit this state: 1 (100.00%)
 Average # of hits per total population: 100.00
 Average # of hits per person that ever hit state: 100.00
 Population currently in state: 0 (0.00%)
 Transitioned to:
 --> Time_Passes : 1 = 100.00%

Throat_Culture:
 Total times entered: 1
 Population that ever hit this state: 1 (100.00%)
 Average # of hits per total population: 100.00
 Average # of hits per person that ever hit state: 100.00
 Population currently in state: 0 (0.00%)
 Transitioned to:
 --> End_Encounter : 1 = 100.00%

Determine_if_Bacterial:
 Total times entered: 1
 Population that ever hit this state: 1 (100.00%)
 Average # of hits per total population: 100.00
 Average # of hits per person that ever hit state: 100.00
 Population currently in state: 0 (0.00%)
 Transitioned to:
 --> Throat_Culture : 1 = 100.00%

Take_Temperature_Low:
 Total times entered: 1
 Population that ever hit this state: 1 (100.00%)
 Average # of hits per total population: 100.00
 Average # of hits per person that ever hit state: 100.00
 Population currently in state: 0 (0.00%)
 Transitioned to:
 --> Determine_if_Bacterial : 1 = 100.00%

Doctor_Visit:
 Total times entered: 1
 Population that ever hit this state: 1 (100.00%)
 Average # of hits per total population: 100.00
 Average # of hits per person that ever hit state: 100.00
 Population currently in state: 0 (0.00%)
 Transitioned to:
 --> Take_Temperature_Low : 1 = 100.00%

Symptoms_dont_resolve:
 Total times entered: 1
 Population that ever hit this state: 1 (100.00%)
 Average # of hits per total population: 100.00
 Average # of hits per person that ever hit state: 100.00
 Population currently in state: 0 (0.00%)
 Total duration: 2 days
 Average duration per time entered: 2 days
 Average duration per person that ever entered state: 2 days
 Transitioned to:
 --> Doctor_Visit : 1 = 100.00%

Common_Symptom_7:
 Total times entered: 1
 Population that ever hit this state: 1 (100.00%)
 Average # of hits per total population: 100.00
 Average # of hits per person that ever hit state: 100.00
 Population currently in state: 0 (0.00%)
 Transitioned to:
 --> Symptoms_dont_resolve : 1 = 100.00%

Common_Symptom_6:
 Total times entered: 1
 Population that ever hit this state: 1 (100.00%)
 Average # of hits per total population: 100.00
 Average # of hits per person that ever hit state: 100.00
 Population currently in state: 0 (0.00%)
 Transitioned to:
 --> Common_Symptom_7 : 1 = 100.00%

Common_Symptom_5:
 Total times entered: 1
 Population that ever hit this state: 1 (100.00%)
 Average # of hits per total population: 100.00
 Average # of hits per person that ever hit state: 100.00
 Population currently in state: 0 (0.00%)
 Transitioned to:
 --> Common_Symptom_6 : 1 = 100.00%

Common_Symptom_4:
 Total times entered: 1
 Population that ever hit this state: 1 (100.00%)
 Average # of hits per total population: 100.00
 Average # of hits per person that ever hit state: 100.00
 Population currently in state: 0 (0.00%)
 Transitioned to:
 --> Common_Symptom_5 : 1 = 100.00%

Common_Symptom_3:
 Total times entered: 1
 Population that ever hit this state: 1 (100.00%)
 Average # of hits per total population: 100.00
 Average # of hits per person that ever hit state: 100.00
 Population currently in state: 0 (0.00%)
 Transitioned to:
 --> Common_Symptom_4 : 1 = 100.00%

Common_Symptom_2:
 Total times entered: 1
 Population that ever hit this state: 1 (100.00%)
 Average # of hits per total population: 100.00
 Average # of hits per person that ever hit state: 100.00
 Population currently in state: 0 (0.00%)
 Transitioned to:
 --> Common_Symptom_3 : 1 = 100.00%

Common_Symptom_1:
 Total times entered: 1
 Population that ever hit this state: 1 (100.00%)
 Average # of hits per total population: 100.00
 Average # of hits per person that ever hit state: 100.00
 Population currently in state: 0 (0.00%)
 Transitioned to:
 --> Common_Symptom_2 : 1 = 100.00%

Viral_Symptom_3:
 Total times entered: 1
 Population that ever hit this state: 1 (100.00%)
 Average # of hits per total population: 100.00
 Average # of hits per person that ever hit state: 100.00
 Population currently in state: 0 (0.00%)
 Transitioned to:
 --> Common_Symptom_1 : 1 = 100.00%

Viral_Symptom_2:
 Total times entered: 1
 Population that ever hit this state: 1 (100.00%)
 Average # of hits per total population: 100.00
 Average # of hits per person that ever hit state: 100.00
 Population currently in state: 0 (0.00%)
 Transitioned to:
 --> Viral_Symptom_3 : 1 = 100.00%

Viral_Symptom_1:
 Total times entered: 1
 Population that ever hit this state: 1 (100.00%)
 Average # of hits per total population: 100.00
 Average # of hits per person that ever hit state: 100.00
 Population currently in state: 0 (0.00%)
 Transitioned to:
 --> Viral_Symptom_2 : 1 = 100.00%

Acquire_Viral_Infection:
 Total times entered: 1
 Population that ever hit this state: 1 (100.00%)
 Average # of hits per total population: 100.00
 Average # of hits per person that ever hit state: 100.00
 Population currently in state: 0 (0.00%)
 Transitioned to:
 --> Viral_Symptom_1 : 1 = 100.00%

Initial:
 Total times entered: 1
 Population that ever hit this state: 1 (100.00%)
 Average # of hits per total population: 100.00
 Average # of hits per person that ever hit state: 100.00
 Population currently in state: 0 (0.00%)
 Transitioned to:
 --> Potential_Infection : 1 = 100.00%

Bacterial_Symptom_2: 
 Never reached 


Bacterial_Symptom_3: 
 Never reached 


Bacterial_Symptom_1: 
 Never reached 


End_Antibiotics: 
 Never reached 


Take_Temperature_High: 
 Never reached 


Prescribe_Antibiotics: 
 Never reached 


Prescribe_Antibiotics_Adult: 
 Never reached 


Prescribe_Antibiotics_Child: 
 Never reached 


Acquire_Bacterial_Infection: 
 Never reached 




VETERAN SUBSTANCE ABUSE CONDITIONS MODULE
Age_Guard:
 Total times entered: 1
 Population that ever hit this state: 1 (100.00%)
 Average # of hits per total population: 100.00
 Average # of hits per person that ever hit state: 100.00
 Population currently in state: 1 (100.00%)
 Total duration: 16 years 4 months
 Average duration per time entered: 16 years 4 months
 Average duration per person that ever entered state: 16 years 4 months

Initial:
 Total times entered: 1
 Population that ever hit this state: 1 (100.00%)
 Average # of hits per total population: 100.00
 Average # of hits per person that ever hit state: 100.00
 Population currently in state: 0 (0.00%)
 Transitioned to:
 --> Age_Guard : 1 = 100.00%

Veteran_Status: 
 Never reached 


Opioid Dependance: 
 Never reached 


non_smoker: 
 Never reached 


Opioid Abuse check: 
 Never reached 


Terminal: 
 Never reached 


No Alcohol Dependence: 
 Never reached 


smoker: 
 Never reached 


Alcohol Check: 
 Never reached 


Alcohol Dependence: 
 Never reached 


No Opioid Dependence: 
 Never reached 


Smoking Check: 
 Never reached 




GALLSTONES MODULE
Terminal:
 Total times entered: 1
 Population that ever hit this state: 1 (100.00%)
 Average # of hits per total population: 100.00
 Average # of hits per person that ever hit state: 100.00
 Population currently in state: 1 (100.00%)

Female:
 Total times entered: 1
 Population that ever hit this state: 1 (100.00%)
 Average # of hits per total population: 100.00
 Average # of hits per person that ever hit state: 100.00
 Population currently in state: 0 (0.00%)
 Transitioned to:
 --> Terminal : 1 = 100.00%

Initial:
 Total times entered: 1
 Population that ever hit this state: 1 (100.00%)
 Average # of hits per total population: 100.00
 Average # of hits per person that ever hit state: 100.00
 Population currently in state: 0 (0.00%)
 Transitioned to:
 --> Female : 1 = 100.00%

Cholecystitis_Encounter: 
 Never reached 


Cefotaxime: 
 Never reached 


Male_Gallstone_Formation: 
 Never reached 


Death_from_Acute_Cholecystitis: 
 Never reached 


Comprehensive_Metabolic_Panel: 
 Never reached 


Male: 
 Never reached 


Morphine: 
 Never reached 


Age_60-74: 
 Never reached 


Acute_Cholecystitis: 
 Never reached 


Cholecystitis_Encounter_End: 
 Never reached 


Age_20-29: 
 Never reached 


Death_after_Cholecystectomy: 
 Never reached 


Penicillin: 
 Never reached 


Anesthesia: 
 Never reached 


Delay_for_Surgical_Appointment: 
 Never reached 


Postoperative_Care_Plan: 
 Never reached 


Age_30-39: 
 Never reached 


Laparoscopic_Recovery: 
 Never reached 


Cefotaxime_End: 
 Never reached 


Chole_Symptom2_Ends: 
 Never reached 


Home_Recovery: 
 Never reached 


Female_Gallstone_Formation: 
 Never reached 


Penicillin_End: 
 Never reached 


RUQ_Murphy_Sign: 
 Never reached 


Antiemetic: 
 Never reached 


Acute_Cholecystitis_Ends: 
 Never reached 


LC_Postoperative_Follow-up: 
 Never reached 


Symptom_Period: 
 Never reached 


OC_Postoperative_Follow_up: 
 Never reached 


Saline_End: 
 Never reached 


Symptom_Onset_Delay: 
 Never reached 


Age_40-49: 
 Never reached 


Saline: 
 Never reached 


Antiemetic_End: 
 Never reached 


Age_50-59: 
 Never reached 


Prescribe_Opioids: 
 Never reached 


Chole_Symptom4: 
 Never reached 


Chole_Symptom3_Ends: 
 Never reached 


Postoperative_Care_Plan_Ends: 
 Never reached 


Chole_Symptom3: 
 Never reached 


Chole_Symptom2: 
 Never reached 


Chole_Symptom1: 
 Never reached 


Laparoscopic_Cholecystectomy: 
 Never reached 


Morphine_End: 
 Never reached 


Gall_Bladder_Imaging: 
 Never reached 


Open_Recovery: 
 Never reached 


Gallstones_Removed: 
 Never reached 


Gallstones: 
 Never reached 


ECG: 
 Never reached 


Continue_Low_Fat_Diet: 
 Never reached 


Open_Cholecystectomy: 
 Never reached 


Chole_Symptom4_Ends: 
 Never reached 


Complete_Blood_Count: 
 Never reached 


Chole_Symptom1_Ends: 
 Never reached 


Heparin_End: 
 Never reached 


Ready_for_Surgery: 
 Never reached 


Heparin: 
 Never reached 


End_Postoperative_Follow-up: 
 Never reached 




BRONCHITIS MODULE
Potential_Infection:
 Total times entered: 197
 Population that ever hit this state: 1 (100.00%)
 Average # of hits per total population: 19700.00
 Average # of hits per person that ever hit state: 19700.00
 Population currently in state: 1 (100.00%)
 Total duration: 16 years 1 months
 Average duration per time entered: 29 days 21 hours 11 minutes 52 seconds
 Average duration per person that ever entered state: 16 years 1 months
 Transitioned to:
 --> Potential_Infection : 194 = 98.98%
 --> Bronchitis_Infection : 2 = 1.02%

End_Bronchitis_CarePlan:
 Total times entered: 2
 Population that ever hit this state: 1 (100.00%)
 Average # of hits per total population: 200.00
 Average # of hits per person that ever hit state: 200.00
 Population currently in state: 0 (0.00%)
 Transitioned to:
 --> Potential_Infection : 2 = 100.00%

Next_Well_Visit:
 Total times entered: 2
 Population that ever hit this state: 1 (100.00%)
 Average # of hits per total population: 200.00
 Average # of hits per person that ever hit state: 200.00
 Population currently in state: 0 (0.00%)
 (duration metrics for wellness encounter omitted)
 Transitioned to:
 --> End_Bronchitis_CarePlan : 2 = 100.00%

End_OTC_Medication:
 Total times entered: 2
 Population that ever hit this state: 1 (100.00%)
 Average # of hits per total population: 200.00
 Average # of hits per person that ever hit state: 200.00
 Population currently in state: 0 (0.00%)
 Transitioned to:
 --> Next_Well_Visit : 2 = 100.00%

Bronchitis_Symptom3_Subsides:
 Total times entered: 2
 Population that ever hit this state: 1 (100.00%)
 Average # of hits per total population: 200.00
 Average # of hits per person that ever hit state: 200.00
 Population currently in state: 0 (0.00%)
 Transitioned to:
 --> End_OTC_Medication : 2 = 100.00%

Bronchitis_Symptom10_Subsides:
 Total times entered: 2
 Population that ever hit this state: 1 (100.00%)
 Average # of hits per total population: 200.00
 Average # of hits per person that ever hit state: 200.00
 Population currently in state: 0 (0.00%)
 Transitioned to:
 --> Bronchitis_Symptom3_Subsides : 2 = 100.00%

Bronchitis_Symptom9_Subsides:
 Total times entered: 2
 Population that ever hit this state: 1 (100.00%)
 Average # of hits per total population: 200.00
 Average # of hits per person that ever hit state: 200.00
 Population currently in state: 0 (0.00%)
 Transitioned to:
 --> Bronchitis_Symptom10_Subsides : 2 = 100.00%

Bronchitis_Symptom8_Subsides:
 Total times entered: 2
 Population that ever hit this state: 1 (100.00%)
 Average # of hits per total population: 200.00
 Average # of hits per person that ever hit state: 200.00
 Population currently in state: 0 (0.00%)
 Transitioned to:
 --> Bronchitis_Symptom9_Subsides : 2 = 100.00%

Bronchitis_Symptom7_Subsides:
 Total times entered: 2
 Population that ever hit this state: 1 (100.00%)
 Average # of hits per total population: 200.00
 Average # of hits per person that ever hit state: 200.00
 Population currently in state: 0 (0.00%)
 Transitioned to:
 --> Bronchitis_Symptom8_Subsides : 2 = 100.00%

Bronchitis_Symptom6_Subsides:
 Total times entered: 2
 Population that ever hit this state: 1 (100.00%)
 Average # of hits per total population: 200.00
 Average # of hits per person that ever hit state: 200.00
 Population currently in state: 0 (0.00%)
 Transitioned to:
 --> Bronchitis_Symptom7_Subsides : 2 = 100.00%

Bronchitis_Symptom5_Subsides:
 Total times entered: 2
 Population that ever hit this state: 1 (100.00%)
 Average # of hits per total population: 200.00
 Average # of hits per person that ever hit state: 200.00
 Population currently in state: 0 (0.00%)
 Transitioned to:
 --> Bronchitis_Symptom6_Subsides : 2 = 100.00%

Bronchitis_Symptom4_Subsides:
 Total times entered: 2
 Population that ever hit this state: 1 (100.00%)
 Average # of hits per total population: 200.00
 Average # of hits per person that ever hit state: 200.00
 Population currently in state: 0 (0.00%)
 Transitioned to:
 --> Bronchitis_Symptom5_Subsides : 2 = 100.00%

Bronchitis_Symptom2_Subsides:
 Total times entered: 2
 Population that ever hit this state: 1 (100.00%)
 Average # of hits per total population: 200.00
 Average # of hits per person that ever hit state: 200.00
 Population currently in state: 0 (0.00%)
 Transitioned to:
 --> Bronchitis_Symptom4_Subsides : 2 = 100.00%

Bronchitis_Symptom1_Subsides:
 Total times entered: 2
 Population that ever hit this state: 1 (100.00%)
 Average # of hits per total population: 200.00
 Average # of hits per person that ever hit state: 200.00
 Population currently in state: 0 (0.00%)
 Transitioned to:
 --> Bronchitis_Symptom2_Subsides : 2 = 100.00%

Bronchitis_Subsides:
 Total times entered: 2
 Population that ever hit this state: 1 (100.00%)
 Average # of hits per total population: 200.00
 Average # of hits per person that ever hit state: 200.00
 Population currently in state: 0 (0.00%)
 Transitioned to:
 --> Bronchitis_Symptom1_Subsides : 2 = 100.00%

Wait_for_condition_to_resolve:
 Total times entered: 2
 Population that ever hit this state: 1 (100.00%)
 Average # of hits per total population: 200.00
 Average # of hits per person that ever hit state: 200.00
 Population currently in state: 0 (0.00%)
 Total duration: 21 days
 Average duration per time entered: 10 days 12 hours
 Average duration per person that ever entered state: 21 days
 Transitioned to:
 --> Bronchitis_Subsides : 2 = 100.00%

End_Doctor_Visit:
 Total times entered: 2
 Population that ever hit this state: 1 (100.00%)
 Average # of hits per total population: 200.00
 Average # of hits per person that ever hit state: 200.00
 Population currently in state: 0 (0.00%)
 Transitioned to:
 --> Wait_for_condition_to_resolve : 2 = 100.00%

Cough_suppressant:
 Total times entered: 2
 Population that ever hit this state: 1 (100.00%)
 Average # of hits per total population: 200.00
 Average # of hits per person that ever hit state: 200.00
 Population currently in state: 0 (0.00%)
 Transitioned to:
 --> End_Doctor_Visit : 2 = 100.00%

OTC_Medicine:
 Total times entered: 2
 Population that ever hit this state: 1 (100.00%)
 Average # of hits per total population: 200.00
 Average # of hits per person that ever hit state: 200.00
 Population currently in state: 0 (0.00%)
 Transitioned to:
 --> Cough_suppressant : 2 = 100.00%

Nonsmoker_CarePlan:
 Total times entered: 2
 Population that ever hit this state: 1 (100.00%)
 Average # of hits per total population: 200.00
 Average # of hits per person that ever hit state: 200.00
 Population currently in state: 0 (0.00%)
 Transitioned to:
 --> OTC_Medicine : 2 = 100.00%

Bronchitis_CarePlan_Selector:
 Total times entered: 2
 Population that ever hit this state: 1 (100.00%)
 Average # of hits per total population: 200.00
 Average # of hits per person that ever hit state: 200.00
 Population currently in state: 0 (0.00%)
 Transitioned to:
 --> Nonsmoker_CarePlan : 2 = 100.00%

Sputum_Test:
 Total times entered: 1
 Population that ever hit this state: 1 (100.00%)
 Average # of hits per total population: 100.00
 Average # of hits per person that ever hit state: 100.00
 Population currently in state: 0 (0.00%)
 Transitioned to:
 --> Bronchitis_CarePlan_Selector : 1 = 100.00%

Doctor_Visit:
 Total times entered: 2
 Population that ever hit this state: 1 (100.00%)
 Average # of hits per total population: 200.00
 Average # of hits per person that ever hit state: 200.00
 Population currently in state: 0 (0.00%)
 Transitioned to:
 --> Lung_Function_Test : 1 = 50.00%
 --> Sputum_Test : 1 = 50.00%

Symptoms_Dont_improve:
 Total times entered: 2
 Population that ever hit this state: 1 (100.00%)
 Average # of hits per total population: 200.00
 Average # of hits per person that ever hit state: 200.00
 Population currently in state: 0 (0.00%)
 Total duration: 4 days
 Average duration per time entered: 2 days
 Average duration per person that ever entered state: 4 days
 Transitioned to:
 --> Doctor_Visit : 2 = 100.00%

Bronchitis_Symptom10:
 Total times entered: 2
 Population that ever hit this state: 1 (100.00%)
 Average # of hits per total population: 200.00
 Average # of hits per person that ever hit state: 200.00
 Population currently in state: 0 (0.00%)
 Transitioned to:
 --> Symptoms_Dont_improve : 2 = 100.00%

Bronchitis_Symptom9:
 Total times entered: 2
 Population that ever hit this state: 1 (100.00%)
 Average # of hits per total population: 200.00
 Average # of hits per person that ever hit state: 200.00
 Population currently in state: 0 (0.00%)
 Transitioned to:
 --> Bronchitis_Symptom10 : 2 = 100.00%

Bronchitis_Symptom8:
 Total times entered: 2
 Population that ever hit this state: 1 (100.00%)
 Average # of hits per total population: 200.00
 Average # of hits per person that ever hit state: 200.00
 Population currently in state: 0 (0.00%)
 Transitioned to:
 --> Bronchitis_Symptom9 : 2 = 100.00%

Bronchitis_Symptom7:
 Total times entered: 2
 Population that ever hit this state: 1 (100.00%)
 Average # of hits per total population: 200.00
 Average # of hits per person that ever hit state: 200.00
 Population currently in state: 0 (0.00%)
 Transitioned to:
 --> Bronchitis_Symptom8 : 2 = 100.00%

Bronchitis_Symptom6:
 Total times entered: 2
 Population that ever hit this state: 1 (100.00%)
 Average # of hits per total population: 200.00
 Average # of hits per person that ever hit state: 200.00
 Population currently in state: 0 (0.00%)
 Transitioned to:
 --> Bronchitis_Symptom7 : 2 = 100.00%

Bronchitis_Symptom5:
 Total times entered: 2
 Population that ever hit this state: 1 (100.00%)
 Average # of hits per total population: 200.00
 Average # of hits per person that ever hit state: 200.00
 Population currently in state: 0 (0.00%)
 Transitioned to:
 --> Bronchitis_Symptom6 : 2 = 100.00%

Bronchitis_Symptom4:
 Total times entered: 2
 Population that ever hit this state: 1 (100.00%)
 Average # of hits per total population: 200.00
 Average # of hits per person that ever hit state: 200.00
 Population currently in state: 0 (0.00%)
 Transitioned to:
 --> Bronchitis_Symptom5 : 2 = 100.00%

Bronchitis_Symptom3:
 Total times entered: 2
 Population that ever hit this state: 1 (100.00%)
 Average # of hits per total population: 200.00
 Average # of hits per person that ever hit state: 200.00
 Population currently in state: 0 (0.00%)
 Transitioned to:
 --> Bronchitis_Symptom4 : 2 = 100.00%

Bronchitis_Symptom2:
 Total times entered: 2
 Population that ever hit this state: 1 (100.00%)
 Average # of hits per total population: 200.00
 Average # of hits per person that ever hit state: 200.00
 Population currently in state: 0 (0.00%)
 Transitioned to:
 --> Bronchitis_Symptom3 : 2 = 100.00%

Bronchitis_Symptom1:
 Total times entered: 2
 Population that ever hit this state: 1 (100.00%)
 Average # of hits per total population: 200.00
 Average # of hits per person that ever hit state: 200.00
 Population currently in state: 0 (0.00%)
 Transitioned to:
 --> Bronchitis_Symptom2 : 2 = 100.00%

Bronchitis_Infection:
 Total times entered: 2
 Population that ever hit this state: 1 (100.00%)
 Average # of hits per total population: 200.00
 Average # of hits per person that ever hit state: 200.00
 Population currently in state: 0 (0.00%)
 Transitioned to:
 --> Bronchitis_Symptom1 : 2 = 100.00%

Lung_Function_Test:
 Total times entered: 1
 Population that ever hit this state: 1 (100.00%)
 Average # of hits per total population: 100.00
 Average # of hits per person that ever hit state: 100.00
 Population currently in state: 0 (0.00%)
 Transitioned to:
 --> Bronchitis_CarePlan_Selector : 1 = 100.00%

Initial:
 Total times entered: 1
 Population that ever hit this state: 1 (100.00%)
 Average # of hits per total population: 100.00
 Average # of hits per person that ever hit state: 100.00
 Population currently in state: 0 (0.00%)
 Transitioned to:
 --> Potential_Infection : 1 = 100.00%

Smoker_CarePlan: 
 Never reached 


Chest_Xray: 
 Never reached 


Acetaminophen: 
 Never reached 




SEXUAL ACTIVITY MODULE
Female_Sexual_Activity:
 Total times entered: 3
 Population that ever hit this state: 1 (100.00%)
 Average # of hits per total population: 300.00
 Average # of hits per person that ever hit state: 300.00
 Population currently in state: 1 (100.00%)
 Total duration: 2 years 4 months
 Average duration per time entered: 9 months 21 days
 Average duration per person that ever entered state: 2 years 4 months
 Transitioned to:
 --> Not_Sexually_Active : 2 = 100.00%

Old_Age_Check:
 Total times entered: 2
 Population that ever hit this state: 1 (100.00%)
 Average # of hits per total population: 200.00
 Average # of hits per person that ever hit state: 200.00
 Population currently in state: 0 (0.00%)
 Transitioned to:
 --> Female_Sexual_Activity : 2 = 100.00%

Not_Sexually_Active:
 Total times entered: 2
 Population that ever hit this state: 1 (100.00%)
 Average # of hits per total population: 200.00
 Average # of hits per person that ever hit state: 200.00
 Population currently in state: 0 (0.00%)
 Transitioned to:
 --> Old_Age_Check : 2 = 100.00%

Delay_For_Sexual_Activity:
 Total times entered: 1
 Population that ever hit this state: 1 (100.00%)
 Average # of hits per total population: 100.00
 Average # of hits per person that ever hit state: 100.00
 Population currently in state: 0 (0.00%)
 Total duration: 14 years 0 months
 Average duration per time entered: 14 years 0 months
 Average duration per person that ever entered state: 14 years 0 months
 Transitioned to:
 --> Female_Sexual_Activity : 1 = 100.00%

Initially_Inactive:
 Total times entered: 1
 Population that ever hit this state: 1 (100.00%)
 Average # of hits per total population: 100.00
 Average # of hits per person that ever hit state: 100.00
 Population currently in state: 0 (0.00%)
 Transitioned to:
 --> Delay_For_Sexual_Activity : 1 = 100.00%

Initial:
 Total times entered: 1
 Population that ever hit this state: 1 (100.00%)
 Average # of hits per total population: 100.00
 Average # of hits per person that ever hit state: 100.00
 Population currently in state: 0 (0.00%)
 Transitioned to:
 --> Initially_Inactive : 1 = 100.00%

Sexually_Active: 
 Never reached 


Terminal: 
 Never reached 


Male_Sexual_Activity: 
 Never reached 




HOMELESSNESS MODULE
Potential_Homelessness:
 Total times entered: 17
 Population that ever hit this state: 1 (100.00%)
 Average # of hits per total population: 1700.00
 Average # of hits per person that ever hit state: 1700.00
 Population currently in state: 1 (100.00%)
 Total duration: 16 years 1 months
 Average duration per time entered: 11 months 16 days
 Average duration per person that ever entered state: 16 years 1 months
 Transitioned to:
 --> Potential_Homelessness : 15 = 93.75%
 --> Begin_Homelessness : 1 = 6.25%

End_Homelessness:
 Total times entered: 1
 Population that ever hit this state: 1 (100.00%)
 Average # of hits per total population: 100.00
 Average # of hits per person that ever hit state: 100.00
 Population currently in state: 0 (0.00%)
 Transitioned to:
 --> Potential_Homelessness : 1 = 100.00%

Living_Homeless:
 Total times entered: 3
 Population that ever hit this state: 1 (100.00%)
 Average # of hits per total population: 300.00
 Average # of hits per person that ever hit state: 300.00
 Population currently in state: 0 (0.00%)
 Total duration: 3 months 0 days
 Average duration per time entered: 30 days
 Average duration per person that ever entered state: 3 months 0 days
 Transitioned to:
 --> Visit_Homeless_Shelter : 2 = 66.67%
 --> End_Homelessness : 1 = 33.33%

End_Shelter_Visit:
 Total times entered: 2
 Population that ever hit this state: 1 (100.00%)
 Average # of hits per total population: 200.00
 Average # of hits per person that ever hit state: 200.00
 Population currently in state: 0 (0.00%)
 Transitioned to:
 --> Living_Homeless : 2 = 100.00%

Question_6:
 Total times entered: 2
 Population that ever hit this state: 1 (100.00%)
 Average # of hits per total population: 200.00
 Average # of hits per person that ever hit state: 200.00
 Population currently in state: 0 (0.00%)
 Transitioned to:
 --> End_Shelter_Visit : 2 = 100.00%

Question_5_No:
 Total times entered: 2
 Population that ever hit this state: 1 (100.00%)
 Average # of hits per total population: 200.00
 Average # of hits per person that ever hit state: 200.00
 Population currently in state: 0 (0.00%)
 Transitioned to:
 --> Question_6 : 2 = 100.00%

Question_5:
 Total times entered: 2
 Population that ever hit this state: 1 (100.00%)
 Average # of hits per total population: 200.00
 Average # of hits per person that ever hit state: 200.00
 Population currently in state: 0 (0.00%)
 Transitioned to:
 --> Question_5_No : 2 = 100.00%

Question_4:
 Total times entered: 2
 Population that ever hit this state: 1 (100.00%)
 Average # of hits per total population: 200.00
 Average # of hits per person that ever hit state: 200.00
 Population currently in state: 0 (0.00%)
 Transitioned to:
 --> Question_5 : 2 = 100.00%

Question_3_Nonabuser:
 Total times entered: 2
 Population that ever hit this state: 1 (100.00%)
 Average # of hits per total population: 200.00
 Average # of hits per person that ever hit state: 200.00
 Population currently in state: 0 (0.00%)
 Transitioned to:
 --> Question_4 : 2 = 100.00%

Question_3:
 Total times entered: 2
 Population that ever hit this state: 1 (100.00%)
 Average # of hits per total population: 200.00
 Average # of hits per person that ever hit state: 200.00
 Population currently in state: 0 (0.00%)
 Transitioned to:
 --> Question_3_Nonabuser : 2 = 100.00%

Question_2_Negative:
 Total times entered: 2
 Population that ever hit this state: 1 (100.00%)
 Average # of hits per total population: 200.00
 Average # of hits per person that ever hit state: 200.00
 Population currently in state: 0 (0.00%)
 Transitioned to:
 --> Question_3 : 2 = 100.00%

Question_2:
 Total times entered: 2
 Population that ever hit this state: 1 (100.00%)
 Average # of hits per total population: 200.00
 Average # of hits per person that ever hit state: 200.00
 Population currently in state: 0 (0.00%)
 Transitioned to:
 --> Question_2_Negative : 2 = 100.00%

Question_1:
 Total times entered: 2
 Population that ever hit this state: 1 (100.00%)
 Average # of hits per total population: 200.00
 Average # of hits per person that ever hit state: 200.00
 Population currently in state: 0 (0.00%)
 Transitioned to:
 --> Question_2 : 2 = 100.00%

Information_Gathering:
 Total times entered: 2
 Population that ever hit this state: 1 (100.00%)
 Average # of hits per total population: 200.00
 Average # of hits per person that ever hit state: 200.00
 Population currently in state: 0 (0.00%)
 Transitioned to:
 --> Question_1 : 2 = 100.00%

Visit_Homeless_Shelter:
 Total times entered: 2
 Population that ever hit this state: 1 (100.00%)
 Average # of hits per total population: 200.00
 Average # of hits per person that ever hit state: 200.00
 Population currently in state: 0 (0.00%)
 Transitioned to:
 --> Information_Gathering : 2 = 100.00%

Temporary_Homelessness:
 Total times entered: 1
 Population that ever hit this state: 1 (100.00%)
 Average # of hits per total population: 100.00
 Average # of hits per person that ever hit state: 100.00
 Population currently in state: 0 (0.00%)
 Transitioned to:
 --> Living_Homeless : 1 = 100.00%

Homelessness_Counter:
 Total times entered: 1
 Population that ever hit this state: 1 (100.00%)
 Average # of hits per total population: 100.00
 Average # of hits per person that ever hit state: 100.00
 Population currently in state: 0 (0.00%)
 Transitioned to:
 --> Temporary_Homelessness : 1 = 100.00%

Begin_Homelessness:
 Total times entered: 1
 Population that ever hit this state: 1 (100.00%)
 Average # of hits per total population: 100.00
 Average # of hits per person that ever hit state: 100.00
 Population currently in state: 0 (0.00%)
 Transitioned to:
 --> Homelessness_Counter : 1 = 100.00%

Initial:
 Total times entered: 1
 Population that ever hit this state: 1 (100.00%)
 Average # of hits per total population: 100.00
 Average # of hits per person that ever hit state: 100.00
 Population currently in state: 0 (0.00%)
 Transitioned to:
 --> Potential_Homelessness : 1 = 100.00%

Question_2_Positive: 
 Never reached 


Chronic_Homelessness: 
 Never reached 


Question_3_Abuser: 
 Never reached 


Question_5_Yes: 
 Never reached 




Running with options:
Population: 2
Seed: 1551093361875
Location: South Gate, California
Min Age: 0
Max Age: 140
Running with options:
Population: 2
Seed: 1551093366306
Location: Bedford, Massachusetts
Min Age: 0
Max Age: 140
Running with options:
Population: 2
Seed: 1551093368084
Location: Massachusetts
Min Age: 0
Max Age: 140
Waiting for threads to finish... java.util.concurrent.ThreadPoolExecutor@268f6b6f[Shutting down, pool size = 1, active threads = 1, queued tasks = 0, completed tasks = 1]
{alive=0, dead=2}
Running with options:
Population: 1
Seed: 0
Location: Massachusetts
Min Age: 0
Max Age: 140
{alive=1, dead=0}
Running with options:
Population: 1
Seed: 1551093430696
Location: Massachusetts
Min Age: 0
Max Age: 140
{alive=1, dead=0}
Running with options:
Population: 3
Seed: 1551093431289
Location: Massachusetts
Min Age: 0
Max Age: 140
{alive=3, dead=0}
Running with options:
Population: 1
Seed: 0
Location: Massachusetts
Min Age: 0
Max Age: 140
1 -- Brigitte394 Jaskolski867 (16 y/o F) Chelsea, Massachusetts 
ATTRIBUTES
  * birthdate = 1034278684818
  * education = less_than_hs
  * Metabolic Syndrome Disease Progression Module = [Guard 'Age_Guard', SetAttribute 'Initial_Nerve_Health', SetAttribute 'Initial_Eye_Health', SetAttribute 'Initial_Kidney_Health', Initial 'Initial']
  * Contraceptives Module = [Delay 'Route_To_Guard', Simple 'Contraceptive_Prescribed?', CallSubmodule 'Using_Patch', Terminal 'Terminal', EncounterEnd 'End_Consultation_Encounter', MedicationOrder 'Prescribe_Xulane', Encounter 'Patch_Contraceptive_Consultation', SetAttribute 'Set_Contraceptive_Type', Initial 'Initial', CallSubmodule 'Using_Patch', Simple 'Young_Contraceptive_Use', Simple 'Female_Contraceptive_Use', CallSubmodule 'Reset_Contraceptive_Use', Terminal 'Terminal', SetAttribute 'Clear_Contraceptive_Type', SetAttribute 'Clear_Contraceptive', MedicationEnd 'End_Contraceptive_Med', Simple 'Clear_Contraceptive_Med', Initial 'Initial', CallSubmodule 'Reset_Contraceptive_Use', Delay 'Route_To_Guard', Simple 'Contraceptive_Prescribed?', CallSubmodule 'Using_Oral_Contraceptive', Terminal 'Terminal', EncounterEnd 'End_Encounter', MedicationOrder 'Prescribe_Natazia', Simple 'Prescribe_Combination_Pill', Simple 'Combination_Or_Minipill', Encounter 'Encounter_For_Oral_Contraceptive', SetAttribute 'Set_Contraceptive_Type', Initial 'Initial', CallSubmodule 'Using_Oral_Contraceptive', Simple 'Young_Contraceptive_Use', Simple 'Female_Contraceptive_Use', CallSubmodule 'Reset_Contraceptive_Use', Terminal 'Terminal', SetAttribute 'Clear_Contraceptive_Type', SetAttribute 'Clear_Contraceptive', MedicationEnd 'End_Contraceptive_Med', Simple 'Clear_Contraceptive_Med', Initial 'Initial', CallSubmodule 'Reset_Contraceptive_Use', Delay 'Route_To_Guard', Simple 'Contraceptive_Prescribed?', CallSubmodule 'Using_Oral_Contraceptive', Terminal 'Terminal', EncounterEnd 'End_Encounter', MedicationOrder 'Prescribe_Trinessa', Simple 'Prescribe_Combination_Pill', Simple 'Combination_Or_Minipill', Encounter 'Encounter_For_Oral_Contraceptive', SetAttribute 'Set_Contraceptive_Type', Initial 'Initial', CallSubmodule 'Using_Oral_Contraceptive', Simple 'Young_Contraceptive_Use', Simple 'Female_Contraceptive_Use', Delay 'Delay_Until_Reproductive_Age', Initial 'Initial']
  * Lupus Module = [Terminal 'Terminal', Initial 'Initial']
  * Sexual Activity Module = [Delay 'Female_Sexual_Activity', Simple 'Old_Age_Check', SetAttribute 'Not_Sexually_Active', Delay 'Female_Sexual_Activity', Simple 'Old_Age_Check', SetAttribute 'Not_Sexually_Active', Delay 'Female_Sexual_Activity', Delay 'Delay_For_Sexual_Activity', SetAttribute 'Initially_Inactive', Initial 'Initial']
  * Veteran Prostate Cancer Module = [Delay 'age_guard', Initial 'Initial']
  * Medication Reconciliation Module = [Encounter 'Wellness_Encounter', Initial 'Initial', Encounter 'Wellness_Encounter', Initial 'Initial', Encounter 'Wellness_Encounter', Initial 'Initial', Procedure 'Med_Rec', Encounter 'Wellness_Encounter', Initial 'Initial', Procedure 'Med_Rec', Encounter 'Wellness_Encounter', Initial 'Initial', Procedure 'Med_Rec', Encounter 'Wellness_Encounter', Initial 'Initial', Encounter 'Wellness_Encounter', Initial 'Initial', Encounter 'Wellness_Encounter', Initial 'Initial', Procedure 'Med_Rec', Encounter 'Wellness_Encounter', Initial 'Initial', Procedure 'Med_Rec', Encounter 'Wellness_Encounter', Initial 'Initial', Encounter 'Wellness_Encounter', Initial 'Initial', Procedure 'Med_Rec', Encounter 'Wellness_Encounter', Initial 'Initial', Encounter 'Wellness_Encounter', Initial 'Initial', Procedure 'Med_Rec', Encounter 'Wellness_Encounter', Initial 'Initial', Procedure 'Med_Rec', Encounter 'Wellness_Encounter', Initial 'Initial', Procedure 'Med_Rec', Encounter 'Wellness_Encounter', Initial 'Initial', Procedure 'Med_Rec', Encounter 'Wellness_Encounter', Initial 'Initial', Encounter 'Wellness_Encounter', Initial 'Initial', Encounter 'Wellness_Encounter', Initial 'Initial', Encounter 'Wellness_Encounter', Initial 'Initial', Procedure 'Med_Rec', Encounter 'Wellness_Encounter', Initial 'Initial', Encounter 'Wellness_Encounter', Initial 'Initial', Encounter 'Wellness_Encounter', Initial 'Initial', Procedure 'Med_Rec', Encounter 'Wellness_Encounter', Initial 'Initial', Procedure 'Med_Rec', Encounter 'Wellness_Encounter', Initial 'Initial', Procedure 'Med_Rec', Encounter 'Wellness_Encounter', Initial 'Initial', Procedure 'Med_Rec', Encounter 'Wellness_Encounter', Initial 'Initial']
  * id = 09625139-81b6-4d07-9b78-1e41ecb396f9
  * state = Massachusetts
  * socioeconomic_score = 0.13630855849908174
  * current-encounters = {Metabolic Syndrome Standards of Care Module=2019-01-03T19:38:04.818Z wellness, Over-The-Counter Pain Reliever Module=2016-05-29T19:38:04.818Z emergency, Bronchitis Module=2017-12-28T19:38:04.818Z wellness, Wellness Encounters Module=2019-01-03T19:38:04.818Z wellness, Medication Reconciliation Module=2019-01-03T19:38:04.818Z wellness, Ear Infections Module=2003-09-18T19:38:04.818Z wellness, Ear Infection Antibiotic Module=2003-05-08T19:38:04.818Z outpatient}
  * zip = 02149
  * name_mother = Darcy899 Kertzmann286
  * Gout Module = [Terminal 'Terminal', Initial 'Initial']
  * Veteran Substance Abuse Treatment Module = [Guard 'Veteran Guard', Initial 'Initial']
  * knee_injury = 2016-05-29T19:38:04.818Z 239720000
  * Lung Cancer Module = [Delay 'Ages_45_65', Initial 'Initial']
  * Veteran PTSD Module = [Delay 'age guard', Initial 'Initial']
  * Appendicitis Module = [Terminal 'Terminal', Simple 'Female', Initial 'Initial']
  * Veteran MDD Module = [Guard 'age guard', Initial 'Initial']
  * birthplace = Brockton, Massachusetts, US
  * Cystic Fibrosis Module = [Terminal 'Terminal', Simple 'Potential_Onset', Initial 'Initial']
  * preferredProviderambulatory = org.mitre.synthea.world.agents.Provider@4b75531
  * preferredProvideroutpatient = org.mitre.synthea.world.agents.Provider@4b75531
  * Allergic Rhinitis Module = [Terminal 'Terminal', Simple 'Not_Atopic', Delay 'Delay_For_Atopy', Initial 'Initial']
  * Homelessness Module = [Delay 'Potential_Homelessness', Delay 'Potential_Homelessness', Delay 'Potential_Homelessness', Delay 'Potential_Homelessness', Delay 'Potential_Homelessness', Delay 'Potential_Homelessness', Delay 'Potential_Homelessness', Delay 'Potential_Homelessness', Delay 'Potential_Homelessness', Delay 'Potential_Homelessness', Delay 'Potential_Homelessness', Delay 'Potential_Homelessness', Delay 'Potential_Homelessness', Delay 'Potential_Homelessness', Delay 'Potential_Homelessness', Delay 'Potential_Homelessness', SetAttribute 'End_Homelessness', Delay 'Living_Homeless', EncounterEnd 'End_Shelter_Visit', Observation 'Question_6', Observation 'Question_5_No', Simple 'Question_5', Observation 'Question_4', Observation 'Question_3_Nonabuser', Simple 'Question_3', Observation 'Question_2_Negative', Simple 'Question_2', Observation 'Question_1', Procedure 'Information_Gathering', Encounter 'Visit_Homeless_Shelter', Delay 'Living_Homeless', EncounterEnd 'End_Shelter_Visit', Observation 'Question_6', Observation 'Question_5_No', Simple 'Question_5', Observation 'Question_4', Observation 'Question_3_Nonabuser', Simple 'Question_3', Observation 'Question_2_Negative', Simple 'Question_2', Observation 'Question_1', Procedure 'Information_Gathering', Encounter 'Visit_Homeless_Shelter', Delay 'Living_Homeless', SetAttribute 'Temporary_Homelessness', Counter 'Homelessness_Counter', SetAttribute 'Begin_Homelessness', Delay 'Potential_Homelessness', Initial 'Initial']
  * last_visit_symptom_total = 312
  * birth_city = Brockton
  * ethnicity = african
  * gender = F
  * city = Chelsea
  * Dialysis Module = [Guard 'CKD guard', Initial 'Initial']
  * income_level = 0.0
  * birth_state = Massachusetts
  * bronchitis_careplan = 2017-10-02T19:38:04.818Z 53950000
  * target_age = 16
  * Osteoporosis Module = [Delay 'Onset_Age_90', Simple 'Female', Initial 'Initial']
  * immunizations = {hib=[1042745884818, 1048189084818, 1071776284818], zoster=[], var=[1071776284818, 1187293084818], tdap=[1411673884818], rv_mono=[1139513884818, 1155238684818], ipv=[1042745884818, 1048189084818, 1056051484818, 1187293084818], flu=[1056051484818, 1092339484818, 1123789084818, 1155238684818, 1187293084818, 1219347484818, 1251401884818, 1283456284818, 1315510684818, 1347565084818, 1379619484818, 1411673884818, 1443728284818, 1482435484818, 1514489884818, 1546544284818], hpv=[1411673884818, 1443728284818, 1450381084818], dtap=[1042745884818, 1048189084818, 1056051484818, 1076614684818, 1187293084818], td=[], hepa_adult=[], mmr=[1071776284818, 1187293084818], hepb_adult=[], men=[1411673884818, 1546544284818], ppsv23=[], pcv13=[], hepa=[1071776284818, 1108064284818], hepb=[1034278684818, 1037302684818, 1056051484818]}
  * adherence probability = 0.05
  * opioid_prescription = 2018-09-19T19:38:04.818Z 1860154
  * telecom = 555-495-6199
  * address = 848 Jerde Heights
  * COPD Module = [Guard 'Age_Guard', Initial 'Initial']
  * contraceptive_type = patch
  * Asthma Module = [Terminal 'Terminal', Simple 'Not_Atopic', Delay 'Delay_For_Atopy', Initial 'Initial']
  * last_name = Jaskolski867
  * Sinusitis Module = [Delay 'Potential_Onset', Delay 'Potential_Onset', Delay 'Potential_Onset', Delay 'Potential_Onset', Delay 'Potential_Onset', Delay 'Potential_Onset', Delay 'Potential_Onset', Delay 'Potential_Onset', Delay 'Potential_Onset', Delay 'Potential_Onset', Delay 'Potential_Onset', Symptom 'Symptom9_Subsides', Symptom 'Symptom8_Subsides', Symptom 'Symptom7_Subsides', Symptom 'Symptom6_Subsides', Symptom 'Symptom5_Subsides', Symptom 'Symptom4_Subsides', Symptom 'Symptom3_Subsides', Symptom 'Symptom2_Subsides', Symptom 'Symptom1_Subsides', ConditionEnd 'Sinusitis_Ends', Delay 'Wait_for_condition_to_resolve', EncounterEnd 'End_Encounter', Encounter 'Doctor_Visit', Delay 'Wait_to_see_Dr', Symptom 'Common_Symptom7', Symptom 'Common_Symptom6', Symptom 'Common_Symptom5', Symptom 'Common_Symptom4', Symptom 'Common_Symptom3', Symptom 'Common_Symptom2', Symptom 'Common_Symptom1', Symptom 'Common_Symptom', Symptom 'Symptom_of_Infection', ConditionOnset 'Viral_Infection_Starts', Delay 'Potential_Onset', Delay 'Potential_Onset', Delay 'Potential_Onset', Delay 'Potential_Onset', Delay 'Potential_Onset', Delay 'Potential_Onset', Delay 'Potential_Onset', Delay 'Potential_Onset', Delay 'Potential_Onset', Delay 'Potential_Onset', Delay 'Potential_Onset', Delay 'Potential_Onset', Delay 'Potential_Onset', Delay 'Potential_Onset', Delay 'Potential_Onset', Delay 'Potential_Onset', Delay 'Potential_Onset', Delay 'Potential_Onset', Delay 'Potential_Onset', Delay 'Potential_Onset', Delay 'Potential_Onset', Delay 'Potential_Onset', Delay 'Potential_Onset', Delay 'Potential_Onset', Delay 'Potential_Onset', Delay 'Potential_Onset', Delay 'Potential_Onset', Symptom 'Symptom9_Subsides', Symptom 'Symptom8_Subsides', Symptom 'Symptom7_Subsides', Symptom 'Symptom6_Subsides', Symptom 'Symptom5_Subsides', Symptom 'Symptom4_Subsides', Symptom 'Symptom3_Subsides', Symptom 'Symptom2_Subsides', Symptom 'Symptom1_Subsides', ConditionEnd 'Sinusitis_Ends', Delay 'Wait_for_condition_to_resolve', EncounterEnd 'End_Encounter', Encounter 'Doctor_Visit', Delay 'Wait_to_see_Dr', Symptom 'Common_Symptom7', Symptom 'Common_Symptom6', Symptom 'Common_Symptom5', Symptom 'Common_Symptom4', Symptom 'Common_Symptom3', Symptom 'Common_Symptom2', Symptom 'Common_Symptom1', Symptom 'Common_Symptom', Symptom 'Symptom_of_Infection', ConditionOnset 'Viral_Infection_Starts', Delay 'Potential_Onset', Delay 'Potential_Onset', Delay 'Potential_Onset', Delay 'Potential_Onset', Delay 'Potential_Onset', Delay 'Potential_Onset', Delay 'Potential_Onset', Delay 'Potential_Onset', Delay 'Potential_Onset', Delay 'Potential_Onset', Delay 'Potential_Onset', Delay 'Potential_Onset', Delay 'Potential_Onset', Delay 'Potential_Onset', Delay 'Potential_Onset', Delay 'Potential_Onset', Delay 'Potential_Onset', Delay 'Potential_Onset', Delay 'Potential_Onset', Delay 'Potential_Onset', Delay 'Potential_Onset', Delay 'Potential_Onset', Delay 'Potential_Onset', Delay 'Potential_Onset', Delay 'Potential_Onset', Delay 'Potential_Onset', Delay 'Potential_Onset', Delay 'Potential_Onset', Delay 'Potential_Onset', Delay 'Potential_Onset', Delay 'Potential_Onset', Delay 'Potential_Onset', Delay 'Potential_Onset', Delay 'Potential_Onset', Delay 'Potential_Onset', Delay 'Potential_Onset', Delay 'Potential_Onset', Delay 'Potential_Onset', Delay 'Potential_Onset', Symptom 'Symptom9_Subsides', Symptom 'Symptom8_Subsides', Symptom 'Symptom7_Subsides', Symptom 'Symptom6_Subsides', Symptom 'Symptom5_Subsides', Symptom 'Symptom4_Subsides', Symptom 'Symptom3_Subsides', Symptom 'Symptom2_Subsides', Symptom 'Symptom1_Subsides', ConditionEnd 'Sinusitis_Ends', Delay 'Wait_for_condition_to_resolve', EncounterEnd 'End_Encounter', Encounter 'Doctor_Visit', Delay 'Wait_to_see_Dr', Symptom 'Common_Symptom7', Symptom 'Common_Symptom6', Symptom 'Common_Symptom5', Symptom 'Common_Symptom4', Symptom 'Common_Symptom3', Symptom 'Common_Symptom2', Symptom 'Common_Symptom1', Symptom 'Common_Symptom', Symptom 'Symptom_of_Infection', ConditionOnset 'Viral_Infection_Starts', Delay 'Potential_Onset', Delay 'Potential_Onset', Delay 'Potential_Onset', Delay 'Potential_Onset', Delay 'Potential_Onset', Delay 'Potential_Onset', Delay 'Potential_Onset', Delay 'Potential_Onset', Delay 'Potential_Onset', Delay 'Potential_Onset', Delay 'Potential_Onset', Delay 'Potential_Onset', Delay 'Potential_Onset', Delay 'Potential_Onset', Delay 'Potential_Onset', Delay 'Potential_Onset', Delay 'Potential_Onset', Delay 'Potential_Onset', Delay 'Potential_Onset', Delay 'Potential_Onset', Delay 'Potential_Onset', Delay 'Potential_Onset', Delay 'Potential_Onset', Delay 'Potential_Onset', Delay 'Potential_Onset', Delay 'Potential_Onset', Delay 'Potential_Onset', Delay 'Potential_Onset', Delay 'Potential_Onset', Delay 'Potential_Onset', Delay 'Potential_Onset', Delay 'Potential_Onset', Delay 'Potential_Onset', Delay 'Potential_Onset', Delay 'Potential_Onset', Delay 'Potential_Onset', Delay 'Potential_Onset', Delay 'Potential_Onset', Delay 'Potential_Onset', Delay 'Potential_Onset', Delay 'Potential_Onset', Delay 'Potential_Onset', Delay 'Potential_Onset', Delay 'Potential_Onset', Delay 'Potential_Onset', Delay 'Potential_Onset', Delay 'Potential_Onset', Delay 'Potential_Onset', Delay 'Potential_Onset', Delay 'Potential_Onset', Delay 'Potential_Onset', Delay 'Potential_Onset', Delay 'Potential_Onset', Delay 'Potential_Onset', Delay 'Potential_Onset', Delay 'Potential_Onset', Delay 'Potential_Onset', Delay 'Potential_Onset', Delay 'Potential_Onset', Delay 'Potential_Onset', Delay 'Potential_Onset', Delay 'Potential_Onset', Delay 'Potential_Onset', Delay 'Potential_Onset', Delay 'Potential_Onset', Delay 'Potential_Onset', Delay 'Potential_Onset', Delay 'Potential_Onset', Delay 'Potential_Onset', Delay 'Potential_Onset', Delay 'Potential_Onset', Delay 'Potential_Onset', Delay 'Potential_Onset', Delay 'Potential_Onset', Delay 'Potential_Onset', Delay 'Potential_Onset', Delay 'Potential_Onset', Delay 'Potential_Onset', Delay 'Potential_Onset', Delay 'Potential_Onset', Delay 'Potential_Onset', Delay 'Potential_Onset', Delay 'Potential_Onset', Delay 'Potential_Onset', Delay 'Potential_Onset', Delay 'Potential_Onset', Delay 'Potential_Onset', Delay 'Potential_Onset', Delay 'Potential_Onset', Delay 'Potential_Onset', Delay 'Potential_Onset', Delay 'Potential_Onset', Delay 'Potential_Onset', Delay 'Potential_Onset', Delay 'Potential_Onset', Delay 'Potential_Onset', Delay 'Potential_Onset', Delay 'Potential_Onset', Delay 'Potential_Onset', Delay 'Potential_Onset', Delay 'Potential_Onset', Delay 'Potential_Onset', Delay 'Potential_Onset', Delay 'Potential_Onset', Delay 'Potential_Onset', Delay 'Potential_Onset', Symptom 'Symptom9_Subsides', Symptom 'Symptom8_Subsides', Symptom 'Symptom7_Subsides', Symptom 'Symptom6_Subsides', Symptom 'Symptom5_Subsides', Symptom 'Symptom4_Subsides', Symptom 'Symptom3_Subsides', Symptom 'Symptom2_Subsides', Symptom 'Symptom1_Subsides', ConditionEnd 'Sinusitis_Ends', Delay 'Wait_for_condition_to_resolve', EncounterEnd 'End_Encounter', Encounter 'Doctor_Visit', Delay 'Wait_to_see_Dr', Symptom 'Common_Symptom7', Symptom 'Common_Symptom6', Symptom 'Common_Symptom5', Symptom 'Common_Symptom4', Symptom 'Common_Symptom3', Symptom 'Common_Symptom2', Symptom 'Common_Symptom1', Symptom 'Common_Symptom', Symptom 'Symptom_of_Infection', ConditionOnset 'Viral_Infection_Starts', Delay 'Potential_Onset', Delay 'Potential_Onset', Delay 'Potential_Onset', Delay 'Potential_Onset', Delay 'Potential_Onset', Delay 'Potential_Onset', Delay 'Potential_Onset', Delay 'Potential_Onset', Delay 'Potential_Onset', Delay 'Potential_Onset', Delay 'Potential_Onset', Delay 'Potential_Onset', Delay 'Potential_Onset', Delay 'Potential_Onset', Initial 'Initial']
  * Injuries Module = [Delay 'Wait_For_Injury', Simple 'Child_Incidence_Rates', Delay 'Wait_For_Injury', Simple 'Child_Incidence_Rates', Delay 'Wait_For_Injury', Simple 'End_Injury_Medications', SetAttribute 'Unset_Non_Opioid_Prescription_Attribute', MedicationEnd 'End_Non_Opioid_Prescription', Simple 'End_Injury_Medications', CarePlanEnd 'End_Injury_CarePlan', Simple 'Conclude_Injury', ConditionEnd 'End_Knee_Injury', Delay 'Knee_Injury_Recovery_Period', EncounterEnd 'End_Knee_Injury_Encounter_I', CallSubmodule 'Knee_Injury_Prescribe_Non_Opioid', Terminal 'OTC_Pain_Reliever_Terminal', MedicationOrder 'Adult_Acetaminophen', Simple 'Prescribe_Acetaminophen', Simple 'Prescribe_OTC_Pain_Reliever', Initial 'Initial', CallSubmodule 'Knee_Injury_Prescribe_Non_Opioid', ImagingStudy 'Knee_X_Ray', CarePlanStart 'Knee_Injury_CarePlan', ConditionOnset 'Torn_Meniscus', Encounter 'ED_Visit_For_Knee_Injury', Simple 'Knee_Injury', Simple 'Child_Incidence_Rates', Delay 'Wait_For_Injury', Simple 'Child_Incidence_Rates', Delay 'Wait_For_Injury', Simple 'Child_Incidence_Rates', Delay 'Wait_For_Injury', Simple 'Child_Incidence_Rates', Delay 'Wait_For_Injury', Simple 'Child_Incidence_Rates', Delay 'Wait_For_Injury', Simple 'End_Injury_Medications', CarePlanEnd 'End_Injury_CarePlan', Simple 'Conclude_Injury', EncounterEnd 'End_Shoulder_Followup', ConditionEnd 'End_Shoulder_Injury', Encounter 'Shoulder_Injury_Followup', Delay 'Shoulder_Injury_Recovery_Period', EncounterEnd 'End_Shoulder_Injury_Encounter', CarePlanStart 'Shoulder_Injury_CarePlan', Encounter 'Encounter_For_Shoulder_Injury', ConditionOnset 'Torn_Rotator_Cuff', Simple 'Shoulder_Injury', Simple 'Child_Incidence_Rates', Delay 'Wait_For_Injury', Simple 'Child_Incidence_Rates', Delay 'Wait_For_Injury', Simple 'Child_Incidence_Rates', Delay 'Wait_For_Injury', Simple 'Child_Incidence_Rates', Delay 'Wait_For_Injury', Simple 'Child_Incidence_Rates', Delay 'Wait_For_Injury', Simple 'Child_Incidence_Rates', Delay 'Wait_For_Injury', Simple 'Child_Incidence_Rates', Delay 'Wait_For_Injury', Simple 'Child_Incidence_Rates', Delay 'Wait_For_Injury', Simple 'Child_Incidence_Rates', Delay 'Wait_For_Injury', Initial 'Initial']
  * first_language = english
  * Anemia - Unknown Etiology Module = [Terminal 'Terminal', Simple 'Black_Females', Initial 'Initial']
  * Female Reproduction Module = [Delay 'Female_Reproductive_Cycle', Simple 'Next_Reproductive_Cycle', Simple 'Not_Sexually_Active', Simple 'Reproductive_Cycle_Outcome', Delay 'Female_Reproductive_Cycle', Simple 'Next_Reproductive_Cycle', Simple 'Not_Sexually_Active', Simple 'Reproductive_Cycle_Outcome', Delay 'Female_Reproductive_Cycle', Simple 'Next_Reproductive_Cycle', Simple 'Not_Sexually_Active', Simple 'Reproductive_Cycle_Outcome', Delay 'Female_Reproductive_Cycle', Simple 'Next_Reproductive_Cycle', Simple 'Not_Sexually_Active', Simple 'Reproductive_Cycle_Outcome', Delay 'Female_Reproductive_Cycle', Simple 'Next_Reproductive_Cycle', Simple 'Not_Sexually_Active', Simple 'Reproductive_Cycle_Outcome', Delay 'Female_Reproductive_Cycle', Simple 'Next_Reproductive_Cycle', Simple 'Not_Sexually_Active', Simple 'Reproductive_Cycle_Outcome', Delay 'Female_Reproductive_Cycle', Simple 'Next_Reproductive_Cycle', Simple 'Not_Sexually_Active', Simple 'Reproductive_Cycle_Outcome', Delay 'Female_Reproductive_Cycle', Simple 'Next_Reproductive_Cycle', Simple 'Not_Sexually_Active', Simple 'Reproductive_Cycle_Outcome', Delay 'Female_Reproductive_Cycle', Simple 'Next_Reproductive_Cycle', Simple 'Not_Sexually_Active', Simple 'Reproductive_Cycle_Outcome', Delay 'Female_Reproductive_Cycle', Simple 'Next_Reproductive_Cycle', Simple 'Not_Sexually_Active', Simple 'Reproductive_Cycle_Outcome', Delay 'Female_Reproductive_Cycle', Simple 'Next_Reproductive_Cycle', Simple 'Not_Sexually_Active', Simple 'Reproductive_Cycle_Outcome', Delay 'Female_Reproductive_Cycle', Simple 'Next_Reproductive_Cycle', Simple 'Not_Sexually_Active', Simple 'Reproductive_Cycle_Outcome', Delay 'Female_Reproductive_Cycle', Simple 'Next_Reproductive_Cycle', Simple 'Not_Sexually_Active', Simple 'Reproductive_Cycle_Outcome', Delay 'Female_Reproductive_Cycle', Simple 'Next_Reproductive_Cycle', Simple 'Not_Sexually_Active', Simple 'Reproductive_Cycle_Outcome', Delay 'Female_Reproductive_Cycle', Simple 'Next_Reproductive_Cycle', Simple 'Not_Sexually_Active', Simple 'Reproductive_Cycle_Outcome', Delay 'Female_Reproductive_Cycle', Simple 'Next_Reproductive_Cycle', Simple 'Not_Sexually_Active', Simple 'Reproductive_Cycle_Outcome', Delay 'Female_Reproductive_Cycle', Simple 'Next_Reproductive_Cycle', Simple 'Not_Sexually_Active', Simple 'Reproductive_Cycle_Outcome', Delay 'Female_Reproductive_Cycle', Simple 'Next_Reproductive_Cycle', Simple 'Not_Sexually_Active', Simple 'Reproductive_Cycle_Outcome', Delay 'Female_Reproductive_Cycle', Simple 'Next_Reproductive_Cycle', Simple 'Not_Sexually_Active', Simple 'Reproductive_Cycle_Outcome', Delay 'Female_Reproductive_Cycle', Simple 'Next_Reproductive_Cycle', Simple 'Not_Sexually_Active', Simple 'Reproductive_Cycle_Outcome', Delay 'Female_Reproductive_Cycle', Simple 'Next_Reproductive_Cycle', Simple 'Not_Sexually_Active', Simple 'Reproductive_Cycle_Outcome', Delay 'Female_Reproductive_Cycle', Simple 'Next_Reproductive_Cycle', Simple 'Not_Sexually_Active', Simple 'Reproductive_Cycle_Outcome', Delay 'Female_Reproductive_Cycle', Simple 'Next_Reproductive_Cycle', Simple 'Not_Sexually_Active', Simple 'Reproductive_Cycle_Outcome', Delay 'Female_Reproductive_Cycle', Simple 'Next_Reproductive_Cycle', Simple 'Not_Sexually_Active', Simple 'Reproductive_Cycle_Outcome', Delay 'Female_Reproductive_Cycle', Simple 'Next_Reproductive_Cycle', Simple 'Not_Sexually_Active', Simple 'Reproductive_Cycle_Outcome', Delay 'Female_Reproductive_Cycle', Simple 'Next_Reproductive_Cycle', Simple 'Not_Sexually_Active', Simple 'Reproductive_Cycle_Outcome', Delay 'Female_Reproductive_Cycle', Simple 'Next_Reproductive_Cycle', Simple 'Not_Sexually_Active', Simple 'Reproductive_Cycle_Outcome', Delay 'Female_Reproductive_Cycle', Simple 'Next_Reproductive_Cycle', Simple 'Not_Sexually_Active', Simple 'Reproductive_Cycle_Outcome', Delay 'Female_Reproductive_Cycle', Simple 'Next_Reproductive_Cycle', Simple 'Not_Sexually_Active', Simple 'Reproductive_Cycle_Outcome', Delay 'Female_Reproductive_Cycle', Simple 'Next_Reproductive_Cycle', Simple 'Not_Sexually_Active', Simple 'Reproductive_Cycle_Outcome', Delay 'Female_Reproductive_Cycle', Delay 'Delay_For_Reproductive_Age', Initial 'Initial']
  * quit smoking probability = 0.01
  * insurance = [medicaid, medicaid, medicaid, medicaid, medicaid, medicaid, medicaid, medicaid, medicaid, medicaid, medicaid, medicaid, medicaid, medicaid, medicaid, medicaid, medicaid, null, null, null, null, null, null, null, null, null, null, null, null, null, null, null, null, null, null, null, null, null, null, null, null, null, null, null, null, null, null, null, null, null, null, null, null, null, null, null, null, null, null, null, null, null, null, null, null, null, null, null, null, null, null, null, null, null, null, null, null, null, null, null, null, null, null, null, null, null, null, null, null, null, null, null, null, null, null, null, null, null, null, null, null, null, null, null, null, null, null, null, null, null, null, null, null, null, null, null, null, null, null, null, null, null, null, null, null, null, null, null]
  * Food Allergies Module = [Terminal 'Terminal', Delay 'Delay_For_Allergic_Reaction_To_Food', Initial 'Initial']
  * Sinusitis Condition = 2018-04-04T19:38:04.818Z 444814009
  * name_father = Dwayne786 Jaskolski867
  * birth_country = US
  * preferredProvideremergency = org.mitre.synthea.world.agents.Provider@4b75531
  * most-recent-daly = 1.3031326707013862
  * smoker = false
  * Pregnancy Module = [Guard 'Become_Pregnant_Guard', SetAttribute 'Initially_No_Children', SetAttribute 'Initially_Not_Pregnant', Initial 'Initial']
  * Epilepsy Module = [Terminal 'Terminal', Initial 'Initial']
  * Contraceptive Maintenance Module = [Guard 'Contraceptive_Type_Guard', Initial 'Initial']
  * Fibromyalgia Module = [Terminal 'Terminal', Initial 'Initial']
  * number_of_children = 0
  * pregnant = false
  * Osteoarthritis Module = [Delay 'Delay_Pre_Arthritis', Initial 'Initial']
  * coordinate = POINT(-71.031348 42.396824)
  * most-recent-qaly = 14.696867329298614
  * Total Joint Replacement Module = [Guard 'Joint_Replacement_Guard', Initial 'Initial']
  * Veteran Self Harm Module = [Guard 'Veteran Guard', Initial 'Initial']
  * Self Harm Module = [Terminal 'Terminal', Initial 'Initial']
  * Ear Infections Module = [Delay 'No_Infection', Delay 'No_Infection', Delay 'No_Infection', Delay 'No_Infection', Delay 'No_Infection', Delay 'No_Infection', Delay 'No_Infection', Delay 'No_Infection', Delay 'No_Infection', Delay 'No_Infection', Delay 'No_Infection', Delay 'No_Infection', Delay 'No_Infection', Delay 'No_Infection', Delay 'No_Infection', Delay 'No_Infection', Delay 'No_Infection', Delay 'No_Infection', Delay 'No_Infection', Delay 'No_Infection', Delay 'No_Infection', Delay 'No_Infection', Delay 'No_Infection', Delay 'No_Infection', Delay 'No_Infection', Delay 'No_Infection', Delay 'No_Infection', Delay 'No_Infection', Delay 'No_Infection', Delay 'No_Infection', Delay 'No_Infection', Delay 'No_Infection', Delay 'No_Infection', Delay 'No_Infection', Delay 'No_Infection', Delay 'No_Infection', Delay 'No_Infection', Delay 'No_Infection', Delay 'No_Infection', Delay 'No_Infection', Delay 'No_Infection', Delay 'No_Infection', Delay 'No_Infection', Delay 'No_Infection', Delay 'No_Infection', Delay 'No_Infection', Delay 'No_Infection', Delay 'No_Infection', Delay 'No_Infection', Delay 'No_Infection', Delay 'No_Infection', Delay 'No_Infection', Delay 'No_Infection', Delay 'No_Infection', Delay 'No_Infection', Delay 'No_Infection', Delay 'No_Infection', Delay 'No_Infection', Delay 'No_Infection', Delay 'No_Infection', Delay 'No_Infection', Delay 'No_Infection', Delay 'No_Infection', Delay 'No_Infection', Delay 'No_Infection', Delay 'No_Infection', Delay 'No_Infection', Delay 'No_Infection', Delay 'No_Infection', Delay 'No_Infection', Delay 'No_Infection', Delay 'No_Infection', Delay 'No_Infection', Delay 'No_Infection', Delay 'No_Infection', Delay 'No_Infection', Delay 'No_Infection', Delay 'No_Infection', Delay 'No_Infection', Delay 'No_Infection', Delay 'No_Infection', Delay 'No_Infection', Delay 'No_Infection', Delay 'No_Infection', Delay 'No_Infection', Delay 'No_Infection', Delay 'No_Infection', Delay 'No_Infection', Delay 'No_Infection', Delay 'No_Infection', Delay 'No_Infection', Delay 'No_Infection', Delay 'No_Infection', Delay 'No_Infection', Delay 'No_Infection', Delay 'No_Infection', Delay 'No_Infection', Delay 'No_Infection', Delay 'No_Infection', Delay 'No_Infection', Delay 'No_Infection', Delay 'No_Infection', Delay 'No_Infection', Delay 'No_Infection', Delay 'No_Infection', Delay 'No_Infection', Delay 'No_Infection', Delay 'No_Infection', Delay 'No_Infection', Delay 'No_Infection', Delay 'No_Infection', Delay 'No_Infection', Delay 'No_Infection', Delay 'No_Infection', Delay 'No_Infection', Delay 'No_Infection', Delay 'No_Infection', Delay 'No_Infection', Delay 'No_Infection', Delay 'No_Infection', Delay 'No_Infection', Delay 'No_Infection', Delay 'No_Infection', Delay 'No_Infection', Delay 'No_Infection', Delay 'No_Infection', Delay 'No_Infection', Delay 'No_Infection', Delay 'No_Infection', Delay 'No_Infection', Delay 'No_Infection', Delay 'No_Infection', Delay 'No_Infection', Delay 'No_Infection', Delay 'No_Infection', Delay 'No_Infection', Delay 'No_Infection', Delay 'No_Infection', Delay 'No_Infection', Delay 'No_Infection', Delay 'No_Infection', Delay 'No_Infection', Delay 'No_Infection', Delay 'No_Infection', Delay 'No_Infection', Delay 'No_Infection', Delay 'No_Infection', Delay 'No_Infection', Delay 'No_Infection', Delay 'No_Infection', Delay 'No_Infection', Delay 'No_Infection', Delay 'No_Infection', Delay 'No_Infection', Delay 'No_Infection', Delay 'No_Infection', Delay 'No_Infection', Delay 'No_Infection', Delay 'No_Infection', Delay 'No_Infection', Delay 'No_Infection', Delay 'No_Infection', Delay 'No_Infection', Delay 'No_Infection', Delay 'No_Infection', Delay 'No_Infection', Delay 'No_Infection', Delay 'No_Infection', Delay 'No_Infection', Delay 'No_Infection', Delay 'No_Infection', Delay 'No_Infection', Delay 'No_Infection', Delay 'No_Infection', Delay 'No_Infection', Delay 'No_Infection', Delay 'No_Infection', Delay 'No_Infection', Delay 'No_Infection', Delay 'No_Infection', Delay 'No_Infection', Delay 'No_Infection', Delay 'No_Infection', Delay 'No_Infection', Delay 'No_Infection', Delay 'No_Infection', Delay 'No_Infection', Delay 'No_Infection', Simple 'Loopback_No_Infection', ConditionEnd 'Ear_Infection_End', Encounter 'Next_Wellness_Encounter', Simple 'End_Ear_Infection_Medications', SetAttribute 'Unset_Non_Opioid_Prescription_Attribute', MedicationEnd 'End_Non_Opioid_Prescription', Simple 'End_Ear_Infection_Medications', Delay 'Ear_Infection_Prescription_Taken', EncounterEnd 'End_Encounter', CallSubmodule 'Ear_Infection_Prescribed_OTC_Painkiller', Terminal 'OTC_Pain_Reliever_Terminal', MedicationOrder 'Pediatric_Ibuprofen', Simple 'Prescribe_Ibuprofen', Simple 'Prescribe_Naproxen_Sodium', Simple 'Prescribe_OTC_Pain_Reliever', Initial 'Initial', CallSubmodule 'Ear_Infection_Prescribed_OTC_Painkiller', Encounter 'Ear_Infection_Encounter', ConditionOnset 'Gets_Ear_Infection', Delay 'No_Infection', Delay 'No_Infection', Simple 'Loopback_No_Infection', ConditionEnd 'Ear_Infection_End', Encounter 'Next_Wellness_Encounter', Simple 'End_Ear_Infection_Medications', SetAttribute 'Unset_Non_Opioid_Prescription_Attribute', MedicationEnd 'End_Non_Opioid_Prescription', Simple 'End_Ear_Infection_Medications', SetAttribute 'Unset_Antibiotic_Prescription_Attribute', MedicationEnd 'End_Antibiotic_Prescription', Simple 'End_Ear_Infection_Medications', Delay 'Ear_Infection_Prescription_Taken', EncounterEnd 'End_Encounter', CallSubmodule 'Ear_Infection_Prescribed_OTC_Painkiller', Terminal 'OTC_Pain_Reliever_Terminal', MedicationOrder 'Pediatric_Acetaminophen', Simple 'Prescribe_Acetaminophen', Simple 'Prescribe_OTC_Pain_Reliever', Initial 'Initial', CallSubmodule 'Ear_Infection_Prescribed_OTC_Painkiller', CallSubmodule 'Ear_Infection_Prescribed_Antibiotic', Terminal 'Ear_Infection_Antibiotic_Terminal', MedicationOrder 'Pediatric_Amoxicillin', Simple 'Prescribe_Amoxicillin', Simple 'Prescribe_Ear_Infection_Antibiotic', Initial 'Initial', CallSubmodule 'Ear_Infection_Prescribed_Antibiotic', Encounter 'Ear_Infection_Encounter', ConditionOnset 'Gets_Ear_Infection', Delay 'No_Infection', Delay 'No_Infection', Delay 'No_Infection', Delay 'No_Infection', Delay 'No_Infection', Delay 'No_Infection', Delay 'No_Infection', Initial 'Initial']
  * Colorectal Cancer Module = [Delay 'Delay_For_Smoking_History', Initial 'Initial']
  * Opioid Addiction Module = [Delay 'Active_Addiction', Delay 'Active_Addiction', Delay 'Active_Addiction', Delay 'Active_Addiction', Delay 'Active_Addiction', Delay 'Active_Addiction', Delay 'Active_Addiction', Delay 'Active_Addiction', Delay 'Active_Addiction', Delay 'Active_Addiction', Delay 'Active_Addiction', Delay 'Active_Addiction', Delay 'Active_Addiction', Delay 'Active_Addiction', Delay 'Active_Addiction', Delay 'Active_Addiction', Delay 'Active_Addiction', Delay 'Active_Addiction', Delay 'Active_Addiction', Delay 'Active_Addiction', Delay 'Active_Addiction', Symptom 'Opioid_Addiction_Symptom10', Symptom 'Opioid_Addiction_Symptom9', Symptom 'Opioid_Addiction_Symptom8', Symptom 'Opioid_Addiction_Symptom7', Symptom 'Opioid_Addiction_Symptom6', Symptom 'Opioid_Addiction_Symptom5', Symptom 'Opioid_Addiction_Symptom4', Symptom 'Opioid_Addiction_Symptom3', Symptom 'Opioid_Addiction_Symptom2', Symptom 'Opioid_Addiction_Symptom1', Simple 'Active_Addiction_Symptom_Onset', Delay 'Misuse', MedicationEnd 'End_Prescription_Towards_Misuse', Delay 'Directed_Use', EncounterEnd 'End_Directed_Use_Encounter', MedicationOrder 'Directed_Use_Prescription2', Observation 'Pain_Vital_2', Encounter 'Enter_Directed_Use_Encounter2', ConditionOnset 'Enter_Directed_Use_Condition2', Simple 'Enter_Directed_Use', Delay 'General_Population', SetAttribute 'Reset_Opioid_var_Towards_Gen_Pop', MedicationEnd 'End_Prescription_Towards_Gen_Pop', Delay 'Directed_Use', EncounterEnd 'End_Directed_Use_Encounter', MedicationOrder 'Directed_Use_Prescription3', Observation 'Pain_Vital', Encounter 'Enter_Directed_Use_Encounter3', ConditionOnset 'Enter_Directed_Use_Condition3', Simple 'Enter_Directed_Use', Delay 'General_Population', SetAttribute 'Reset_Opioid_var_Towards_Gen_Pop', MedicationEnd 'End_Prescription_Towards_Gen_Pop', Delay 'Directed_Use', EncounterEnd 'End_Directed_Use_Encounter', MedicationOrder 'Directed_Use_Prescription3', Observation 'Pain_Vital', Encounter 'Enter_Directed_Use_Encounter3', ConditionOnset 'Enter_Directed_Use_Condition3', Simple 'Enter_Directed_Use', Delay 'General_Population', Delay 'General_Population', SetAttribute 'Reset_Opioid_var_Towards_Gen_Pop', MedicationEnd 'End_Prescription_Towards_Gen_Pop', Delay 'Directed_Use', Delay 'Directed_Use', EncounterEnd 'End_Directed_Use_Encounter', MedicationOrder 'Directed_Use_Prescription2', Observation 'Pain_Vital_2', Encounter 'Enter_Directed_Use_Encounter2', ConditionOnset 'Enter_Directed_Use_Condition2', Simple 'Enter_Directed_Use', Delay 'General_Population', SetAttribute 'Reset_Opioid_var_Towards_Gen_Pop', MedicationEnd 'End_Prescription_Towards_Gen_Pop', Delay 'Directed_Use', Delay 'Directed_Use', Delay 'Directed_Use', Delay 'Directed_Use', Delay 'Directed_Use', Delay 'Directed_Use', Delay 'Directed_Use', Delay 'Directed_Use', EncounterEnd 'End_Directed_Use_Encounter', MedicationOrder 'Directed_Use_Prescription1', Procedure 'Enter_Directed_Use_Procedure1', Observation 'Pain_Vital_3', Encounter 'Enter_Directed_Use_Encounter1', ConditionOnset 'Enter_Directed_Use_Condition1', Simple 'Enter_Directed_Use', Delay 'General_Population', SetAttribute 'Reset_Opioid_var_Towards_Gen_Pop', MedicationEnd 'End_Prescription_Towards_Gen_Pop', Delay 'Directed_Use', Delay 'Directed_Use', Delay 'Directed_Use', Delay 'Directed_Use', EncounterEnd 'End_Directed_Use_Encounter', MedicationOrder 'Directed_Use_Prescription2', Observation 'Pain_Vital_2', Encounter 'Enter_Directed_Use_Encounter2', ConditionOnset 'Enter_Directed_Use_Condition2', Simple 'Enter_Directed_Use', Delay 'General_Population', SetAttribute 'Reset_Opioid_var_Towards_Gen_Pop', MedicationEnd 'End_Prescription_Towards_Gen_Pop', Delay 'Directed_Use', EncounterEnd 'End_Directed_Use_Encounter', MedicationOrder 'Directed_Use_Prescription3', Observation 'Pain_Vital', Encounter 'Enter_Directed_Use_Encounter3', ConditionOnset 'Enter_Directed_Use_Condition3', Simple 'Enter_Directed_Use', Delay 'General_Population', SetAttribute 'Reset_Opioid_var_Towards_Gen_Pop', MedicationEnd 'End_Prescription_Towards_Gen_Pop', Delay 'Directed_Use', Delay 'Directed_Use', Delay 'Directed_Use', Delay 'Directed_Use', EncounterEnd 'End_Directed_Use_Encounter', MedicationOrder 'Directed_Use_Prescription2', Observation 'Pain_Vital_2', Encounter 'Enter_Directed_Use_Encounter2', ConditionOnset 'Enter_Directed_Use_Condition2', Simple 'Enter_Directed_Use', Delay 'General_Population', Delay 'General_Population', Delay 'General_Population', Delay 'General_Population', Delay 'General_Population', SetAttribute 'Reset_Opioid_var_Towards_Gen_Pop', MedicationEnd 'End_Prescription_Towards_Gen_Pop', Delay 'Directed_Use', Delay 'Directed_Use', Delay 'Directed_Use', EncounterEnd 'End_Directed_Use_Encounter', MedicationOrder 'Directed_Use_Prescription3', Observation 'Pain_Vital', Encounter 'Enter_Directed_Use_Encounter3', ConditionOnset 'Enter_Directed_Use_Condition3', Simple 'Enter_Directed_Use', Delay 'General_Population', Delay 'General_Population', SetAttribute 'Reset_Opioid_var_Towards_Gen_Pop', Delay 'Misuse', MedicationEnd 'End_Prescription_Towards_Misuse', Delay 'Directed_Use', EncounterEnd 'End_Directed_Use_Encounter', MedicationOrder 'Directed_Use_Prescription1', Procedure 'Enter_Directed_Use_Procedure1', Observation 'Pain_Vital_3', Encounter 'Enter_Directed_Use_Encounter1', ConditionOnset 'Enter_Directed_Use_Condition1', Simple 'Enter_Directed_Use', Delay 'General_Population', SetAttribute 'Reset_Opioid_var_Towards_Gen_Pop', MedicationEnd 'End_Prescription_Towards_Gen_Pop', Delay 'Directed_Use', Delay 'Directed_Use', EncounterEnd 'End_Directed_Use_Encounter', MedicationOrder 'Directed_Use_Prescription2', Observation 'Pain_Vital_2', Encounter 'Enter_Directed_Use_Encounter2', ConditionOnset 'Enter_Directed_Use_Condition2', Simple 'Enter_Directed_Use', Delay 'General_Population', Guard 'Guard', Initial 'Initial']
  * socioeconomic_category = Low
  * Gallstones Module = [Terminal 'Terminal', Simple 'Female', Initial 'Initial']
  * diabetic_eye_damage = 0
  * identifier_ssn = 999-25-1773
  * name = Brigitte394 Jaskolski867
  * QALY = {2002=0.0, 2003=0.0, 2004=1.0, 2005=2.0, 2006=3.0, 2007=4.0, 2008=5.0, 2009=6.0, 2010=7.0, 2011=8.0, 2012=9.0, 2013=10.0, 2014=11.0, 2015=12.0, 2016=13.0, 2017=14.0, 2018=14.355152581106855, 2019=14.696867329298614}
  * homelessness_category = temporary
  * education_level = 0.10404040991977875
  * Attention Deficit Disorder Module = [Terminal 'Terminal', Initial 'Initial']
  * income = 6727
  * Veteran mild TBI  Module = [Delay 'veteran delay', Initial 'Initial']
  * sexually_active = false
  * cardio_risk = 9.613047702528021E-6
  * Rheumatoid Arthritis Module = [Terminal 'Terminal', Initial 'Initial']
  * Bronchitis Module = [Delay 'Potential_Infection', Delay 'Potential_Infection', Delay 'Potential_Infection', Delay 'Potential_Infection', Delay 'Potential_Infection', Delay 'Potential_Infection', Delay 'Potential_Infection', Delay 'Potential_Infection', Delay 'Potential_Infection', Delay 'Potential_Infection', Delay 'Potential_Infection', Delay 'Potential_Infection', Delay 'Potential_Infection', Delay 'Potential_Infection', Delay 'Potential_Infection', CarePlanEnd 'End_Bronchitis_CarePlan', Encounter 'Next_Well_Visit', MedicationEnd 'End_OTC_Medication', Symptom 'Bronchitis_Symptom3_Subsides', Symptom 'Bronchitis_Symptom10_Subsides', Symptom 'Bronchitis_Symptom9_Subsides', Symptom 'Bronchitis_Symptom8_Subsides', Symptom 'Bronchitis_Symptom7_Subsides', Symptom 'Bronchitis_Symptom6_Subsides', Symptom 'Bronchitis_Symptom5_Subsides', Symptom 'Bronchitis_Symptom4_Subsides', Symptom 'Bronchitis_Symptom2_Subsides', Symptom 'Bronchitis_Symptom1_Subsides', ConditionEnd 'Bronchitis_Subsides', Delay 'Wait_for_condition_to_resolve', EncounterEnd 'End_Doctor_Visit', MedicationOrder 'Cough_suppressant', Simple 'OTC_Medicine', CarePlanStart 'Nonsmoker_CarePlan', Simple 'Bronchitis_CarePlan_Selector', Procedure 'Sputum_Test', Encounter 'Doctor_Visit', Delay 'Symptoms_Dont_improve', Symptom 'Bronchitis_Symptom10', Symptom 'Bronchitis_Symptom9', Symptom 'Bronchitis_Symptom8', Symptom 'Bronchitis_Symptom7', Symptom 'Bronchitis_Symptom6', Symptom 'Bronchitis_Symptom5', Symptom 'Bronchitis_Symptom4', Symptom 'Bronchitis_Symptom3', Symptom 'Bronchitis_Symptom2', Symptom 'Bronchitis_Symptom1', ConditionOnset 'Bronchitis_Infection', Delay 'Potential_Infection', Delay 'Potential_Infection', Delay 'Potential_Infection', Delay 'Potential_Infection', Delay 'Potential_Infection', Delay 'Potential_Infection', Delay 'Potential_Infection', Delay 'Potential_Infection', Delay 'Potential_Infection', Delay 'Potential_Infection', Delay 'Potential_Infection', Delay 'Potential_Infection', Delay 'Potential_Infection', Delay 'Potential_Infection', Delay 'Potential_Infection', Delay 'Potential_Infection', Delay 'Potential_Infection', Delay 'Potential_Infection', Delay 'Potential_Infection', Delay 'Potential_Infection', Delay 'Potential_Infection', Delay 'Potential_Infection', Delay 'Potential_Infection', Delay 'Potential_Infection', Delay 'Potential_Infection', Delay 'Potential_Infection', Delay 'Potential_Infection', Delay 'Potential_Infection', Delay 'Potential_Infection', Delay 'Potential_Infection', Delay 'Potential_Infection', Delay 'Potential_Infection', Delay 'Potential_Infection', Delay 'Potential_Infection', Delay 'Potential_Infection', Delay 'Potential_Infection', Delay 'Potential_Infection', Delay 'Potential_Infection', Delay 'Potential_Infection', Delay 'Potential_Infection', Delay 'Potential_Infection', Delay 'Potential_Infection', Delay 'Potential_Infection', Delay 'Potential_Infection', Delay 'Potential_Infection', Delay 'Potential_Infection', Delay 'Potential_Infection', Delay 'Potential_Infection', Delay 'Potential_Infection', Delay 'Potential_Infection', Delay 'Potential_Infection', Delay 'Potential_Infection', Delay 'Potential_Infection', Delay 'Potential_Infection', Delay 'Potential_Infection', Delay 'Potential_Infection', Delay 'Potential_Infection', Delay 'Potential_Infection', Delay 'Potential_Infection', Delay 'Potential_Infection', Delay 'Potential_Infection', Delay 'Potential_Infection', Delay 'Potential_Infection', Delay 'Potential_Infection', Delay 'Potential_Infection', Delay 'Potential_Infection', Delay 'Potential_Infection', Delay 'Potential_Infection', Delay 'Potential_Infection', Delay 'Potential_Infection', Delay 'Potential_Infection', Delay 'Potential_Infection', Delay 'Potential_Infection', Delay 'Potential_Infection', Delay 'Potential_Infection', Delay 'Potential_Infection', Delay 'Potential_Infection', Delay 'Potential_Infection', Delay 'Potential_Infection', Delay 'Potential_Infection', Delay 'Potential_Infection', Delay 'Potential_Infection', Delay 'Potential_Infection', Delay 'Potential_Infection', Delay 'Potential_Infection', Delay 'Potential_Infection', Delay 'Potential_Infection', Delay 'Potential_Infection', Delay 'Potential_Infection', Delay 'Potential_Infection', Delay 'Potential_Infection', Delay 'Potential_Infection', Delay 'Potential_Infection', Delay 'Potential_Infection', Delay 'Potential_Infection', Delay 'Potential_Infection', Delay 'Potential_Infection', Delay 'Potential_Infection', Delay 'Potential_Infection', Delay 'Potential_Infection', Delay 'Potential_Infection', Delay 'Potential_Infection', Delay 'Potential_Infection', Delay 'Potential_Infection', Delay 'Potential_Infection', Delay 'Potential_Infection', Delay 'Potential_Infection', Delay 'Potential_Infection', Delay 'Potential_Infection', Delay 'Potential_Infection', Delay 'Potential_Infection', Delay 'Potential_Infection', Delay 'Potential_Infection', Delay 'Potential_Infection', Delay 'Potential_Infection', Delay 'Potential_Infection', Delay 'Potential_Infection', Delay 'Potential_Infection', Delay 'Potential_Infection', Delay 'Potential_Infection', Delay 'Potential_Infection', Delay 'Potential_Infection', Delay 'Potential_Infection', Delay 'Potential_Infection', Delay 'Potential_Infection', Delay 'Potential_Infection', Delay 'Potential_Infection', Delay 'Potential_Infection', Delay 'Potential_Infection', Delay 'Potential_Infection', Delay 'Potential_Infection', Delay 'Potential_Infection', Delay 'Potential_Infection', Delay 'Potential_Infection', Delay 'Potential_Infection', Delay 'Potential_Infection', Delay 'Potential_Infection', Delay 'Potential_Infection', Delay 'Potential_Infection', Delay 'Potential_Infection', Delay 'Potential_Infection', Delay 'Potential_Infection', Delay 'Potential_Infection', Delay 'Potential_Infection', Delay 'Potential_Infection', Delay 'Potential_Infection', Delay 'Potential_Infection', Delay 'Potential_Infection', Delay 'Potential_Infection', Delay 'Potential_Infection', Delay 'Potential_Infection', Delay 'Potential_Infection', Delay 'Potential_Infection', Delay 'Potential_Infection', Delay 'Potential_Infection', Delay 'Potential_Infection', Delay 'Potential_Infection', Delay 'Potential_Infection', Delay 'Potential_Infection', Delay 'Potential_Infection', Delay 'Potential_Infection', Delay 'Potential_Infection', Delay 'Potential_Infection', Delay 'Potential_Infection', Delay 'Potential_Infection', Delay 'Potential_Infection', CarePlanEnd 'End_Bronchitis_CarePlan', Encounter 'Next_Well_Visit', MedicationEnd 'End_OTC_Medication', Symptom 'Bronchitis_Symptom3_Subsides', Symptom 'Bronchitis_Symptom10_Subsides', Symptom 'Bronchitis_Symptom9_Subsides', Symptom 'Bronchitis_Symptom8_Subsides', Symptom 'Bronchitis_Symptom7_Subsides', Symptom 'Bronchitis_Symptom6_Subsides', Symptom 'Bronchitis_Symptom5_Subsides', Symptom 'Bronchitis_Symptom4_Subsides', Symptom 'Bronchitis_Symptom2_Subsides', Symptom 'Bronchitis_Symptom1_Subsides', ConditionEnd 'Bronchitis_Subsides', Delay 'Wait_for_condition_to_resolve', EncounterEnd 'End_Doctor_Visit', MedicationOrder 'Cough_suppressant', Simple 'OTC_Medicine', CarePlanStart 'Nonsmoker_CarePlan', Simple 'Bronchitis_CarePlan_Selector', Procedure 'Lung_Function_Test', Encounter 'Doctor_Visit', Delay 'Symptoms_Dont_improve', Symptom 'Bronchitis_Symptom10', Symptom 'Bronchitis_Symptom9', Symptom 'Bronchitis_Symptom8', Symptom 'Bronchitis_Symptom7', Symptom 'Bronchitis_Symptom6', Symptom 'Bronchitis_Symptom5', Symptom 'Bronchitis_Symptom4', Symptom 'Bronchitis_Symptom3', Symptom 'Bronchitis_Symptom2', Symptom 'Bronchitis_Symptom1', ConditionOnset 'Bronchitis_Infection', Delay 'Potential_Infection', Delay 'Potential_Infection', Delay 'Potential_Infection', Delay 'Potential_Infection', Delay 'Potential_Infection', Delay 'Potential_Infection', Delay 'Potential_Infection', Delay 'Potential_Infection', Delay 'Potential_Infection', Delay 'Potential_Infection', Delay 'Potential_Infection', Delay 'Potential_Infection', Delay 'Potential_Infection', Delay 'Potential_Infection', Delay 'Potential_Infection', Delay 'Potential_Infection', Initial 'Initial']
  * Sore Throat Condition = 2014-09-09T19:38:04.818Z 195662009
  * Sore Throat Module = [Delay 'Potential_Infection', Delay 'Potential_Infection', Delay 'Potential_Infection', Delay 'Potential_Infection', Delay 'Potential_Infection', Delay 'Potential_Infection', Delay 'Potential_Infection', Delay 'Potential_Infection', Delay 'Potential_Infection', Delay 'Potential_Infection', Delay 'Potential_Infection', Delay 'Potential_Infection', Delay 'Potential_Infection', Delay 'Potential_Infection', Delay 'Potential_Infection', Delay 'Potential_Infection', Delay 'Potential_Infection', Delay 'Potential_Infection', Delay 'Potential_Infection', Delay 'Potential_Infection', Delay 'Potential_Infection', Delay 'Potential_Infection', Delay 'Potential_Infection', Delay 'Potential_Infection', Delay 'Potential_Infection', Delay 'Potential_Infection', Delay 'Potential_Infection', Delay 'Potential_Infection', Delay 'Potential_Infection', Delay 'Potential_Infection', Delay 'Potential_Infection', Delay 'Potential_Infection', Delay 'Potential_Infection', Delay 'Potential_Infection', Delay 'Potential_Infection', Delay 'Potential_Infection', Delay 'Potential_Infection', Delay 'Potential_Infection', Delay 'Potential_Infection', Delay 'Potential_Infection', Delay 'Potential_Infection', Delay 'Potential_Infection', Delay 'Potential_Infection', Delay 'Potential_Infection', Delay 'Potential_Infection', Delay 'Potential_Infection', Delay 'Potential_Infection', Delay 'Potential_Infection', Delay 'Potential_Infection', Delay 'Potential_Infection', Delay 'Potential_Infection', Delay 'Potential_Infection', Delay 'Potential_Infection', Delay 'Potential_Infection', ConditionEnd 'Condition_Resolves', Symptom 'Symptom_10_Ends', Symptom 'Symptom_9_Ends', Symptom 'Symptom_8_Ends', Symptom 'Symptom_7_Ends', Symptom 'Symptom_6_Ends', Symptom 'Symptom_5_Ends', Symptom 'Symptom_4_Ends', Symptom 'Symptom_3_Ends', Symptom 'Symptom_2_Ends', Symptom 'Symptom_1_Ends', Delay 'Time_Passes', EncounterEnd 'End_Encounter', Procedure 'Throat_Culture', Simple 'Determine_if_Bacterial', Observation 'Take_Temperature_Low', Encounter 'Doctor_Visit', Delay 'Symptoms_dont_resolve', Symptom 'Common_Symptom_7', Symptom 'Common_Symptom_6', Symptom 'Common_Symptom_5', Symptom 'Common_Symptom_4', Symptom 'Common_Symptom_3', Symptom 'Common_Symptom_2', Symptom 'Common_Symptom_1', Symptom 'Viral_Symptom_3', Symptom 'Viral_Symptom_2', Symptom 'Viral_Symptom_1', ConditionOnset 'Acquire_Viral_Infection', Delay 'Potential_Infection', Delay 'Potential_Infection', Delay 'Potential_Infection', Delay 'Potential_Infection', Delay 'Potential_Infection', Delay 'Potential_Infection', Delay 'Potential_Infection', Delay 'Potential_Infection', Delay 'Potential_Infection', Delay 'Potential_Infection', Delay 'Potential_Infection', Delay 'Potential_Infection', Delay 'Potential_Infection', Delay 'Potential_Infection', Delay 'Potential_Infection', Delay 'Potential_Infection', Delay 'Potential_Infection', Delay 'Potential_Infection', Delay 'Potential_Infection', Delay 'Potential_Infection', Delay 'Potential_Infection', Delay 'Potential_Infection', Delay 'Potential_Infection', Delay 'Potential_Infection', Delay 'Potential_Infection', Delay 'Potential_Infection', Delay 'Potential_Infection', Delay 'Potential_Infection', Delay 'Potential_Infection', Delay 'Potential_Infection', Delay 'Potential_Infection', Delay 'Potential_Infection', Delay 'Potential_Infection', Delay 'Potential_Infection', Delay 'Potential_Infection', Delay 'Potential_Infection', Delay 'Potential_Infection', Delay 'Potential_Infection', Delay 'Potential_Infection', Delay 'Potential_Infection', Delay 'Potential_Infection', Delay 'Potential_Infection', Delay 'Potential_Infection', Delay 'Potential_Infection', Delay 'Potential_Infection', Delay 'Potential_Infection', Delay 'Potential_Infection', Delay 'Potential_Infection', Delay 'Potential_Infection', Delay 'Potential_Infection', Delay 'Potential_Infection', Delay 'Potential_Infection', Delay 'Potential_Infection', Delay 'Potential_Infection', Delay 'Potential_Infection', Delay 'Potential_Infection', Delay 'Potential_Infection', Delay 'Potential_Infection', Delay 'Potential_Infection', Delay 'Potential_Infection', Delay 'Potential_Infection', Delay 'Potential_Infection', Delay 'Potential_Infection', Delay 'Potential_Infection', Delay 'Potential_Infection', Delay 'Potential_Infection', Delay 'Potential_Infection', Delay 'Potential_Infection', Delay 'Potential_Infection', Delay 'Potential_Infection', Delay 'Potential_Infection', Delay 'Potential_Infection', Delay 'Potential_Infection', Delay 'Potential_Infection', Delay 'Potential_Infection', Delay 'Potential_Infection', Delay 'Potential_Infection', Delay 'Potential_Infection', Delay 'Potential_Infection', Delay 'Potential_Infection', Delay 'Potential_Infection', Delay 'Potential_Infection', Delay 'Potential_Infection', Delay 'Potential_Infection', Delay 'Potential_Infection', Delay 'Potential_Infection', Delay 'Potential_Infection', Delay 'Potential_Infection', Delay 'Potential_Infection', Delay 'Potential_Infection', Delay 'Potential_Infection', Delay 'Potential_Infection', Delay 'Potential_Infection', Delay 'Potential_Infection', Delay 'Potential_Infection', Delay 'Potential_Infection', Delay 'Potential_Infection', Delay 'Potential_Infection', Delay 'Potential_Infection', Delay 'Potential_Infection', Delay 'Potential_Infection', Delay 'Potential_Infection', Delay 'Potential_Infection', Delay 'Potential_Infection', Delay 'Potential_Infection', Delay 'Potential_Infection', Delay 'Potential_Infection', Delay 'Potential_Infection', Delay 'Potential_Infection', Delay 'Potential_Infection', Delay 'Potential_Infection', Delay 'Potential_Infection', Delay 'Potential_Infection', Delay 'Potential_Infection', Delay 'Potential_Infection', Delay 'Potential_Infection', Delay 'Potential_Infection', Delay 'Potential_Infection', Delay 'Potential_Infection', Delay 'Potential_Infection', Delay 'Potential_Infection', Delay 'Potential_Infection', Delay 'Potential_Infection', Delay 'Potential_Infection', Delay 'Potential_Infection', Delay 'Potential_Infection', Delay 'Potential_Infection', Delay 'Potential_Infection', Delay 'Potential_Infection', Delay 'Potential_Infection', Delay 'Potential_Infection', Delay 'Potential_Infection', Delay 'Potential_Infection', Delay 'Potential_Infection', Delay 'Potential_Infection', Delay 'Potential_Infection', Delay 'Potential_Infection', Delay 'Potential_Infection', Delay 'Potential_Infection', Delay 'Potential_Infection', Delay 'Potential_Infection', Delay 'Potential_Infection', Delay 'Potential_Infection', Delay 'Potential_Infection', Delay 'Potential_Infection', Initial 'Initial']
  * Veteran Substance Abuse Conditions Module = [Delay 'Age_Guard', Initial 'Initial']
  * injury_careplan = 2016-05-29T19:38:04.818Z 91251008
  * Primary atrophic hypothyroidism Module = [Delay 'Age delay', Initial 'Initial']
  * Allergies and Treatment Module = [Guard 'Allergist_Guard', CallSubmodule 'Allergy_Incidence_Submodule', Terminal 'Allergy_Incidence_Terminal', Simple 'Chance_of_Latex_Allergy', Simple 'Chance_of_Bee_Allergy', Simple 'Chance_of_Mold_Allergy', Simple 'Chance_of_Dust_Mite_Allergy', Simple 'Chance_of_Pet_Dander_Allergy', Simple 'Chance_of_Grass_Pollen_Allergy', Simple 'Chance_of_Tree_Pollen_Allergy', Simple 'Chance_of_Dairy_Allergy', Simple 'Chance_of_Soy_Allergy', Simple 'Chance_of_Eggs_Allergy', Simple 'Chance_of_Wheat_Allergy', Simple 'Chance_of_Shellfish_Allergy', Simple 'Chance_of_Fish_Allergy', Simple 'Chance_of_TreeNut_Allergy', Simple 'Chance_of_Peanut_Allergy', Initial 'Initial', CallSubmodule 'Allergy_Incidence_Submodule', Delay 'Delay_For_Atopy', Initial 'Initial']
  * preferredProviderinpatient = org.mitre.synthea.world.agents.Provider@4b75531
  * DALY = {2002=0.0, 2003=0.0, 2004=0.0, 2005=0.0, 2006=0.0, 2007=0.0, 2008=0.0, 2009=0.0, 2010=0.0, 2011=0.0, 2012=0.0, 2013=0.0, 2014=0.0, 2015=0.0, 2016=0.0, 2017=0.0, 2018=0.644847418893145, 2019=1.3031326707013862}
  * occupation_level = 0.6348027155523663
  * diabetic_nerve_damage = 0
  * first_name = Brigitte394
  * AGE = 16
  * race = black
  * Veteran Module = [Guard 'Wait_Until_18', Initial 'Initial']
  * Dementia Module = [Delay 'PreAlzheimers', Simple 'AlzheimersGene', Initial 'Initial']
  * identifier_drivers = S99975013
  * preferredProviderwellness = org.mitre.synthea.world.agents.Provider@3bf7888a
  * Congestive Heart Failure Module = [Guard 'Age Guard', Initial 'Initial']
  * instances_of_homelessness = 1
  * homeless = false
  * OTC_Bronchitis_Med = 2017-10-02T19:38:04.818Z 1043400
  * Atopy Module = [Terminal 'Terminal', Initial 'Initial']
  * sexual_orientation = heterosexual
  * QOL = {2002=1.0, 2003=1.0, 2004=1.0, 2005=1.0, 2006=1.0, 2007=1.0, 2008=1.0, 2009=1.0, 2010=1.0, 2011=1.0, 2012=1.0, 2013=1.0, 2014=1.0, 2015=1.0, 2016=1.0, 2017=1.0, 2018=0.355152581106855, 2019=0.34171474819175895}
  * Metabolic Syndrome Standards of Care Module = [Encounter 'Wellness_Encounter', Simple 'Obese_Check', Simple 'Check_Diabetes', Simple 'Check_Hypertension', Encounter 'Wellness_Encounter', Simple 'Obese_Check', Simple 'Check_Diabetes', Simple 'Check_Hypertension', Encounter 'Wellness_Encounter', Simple 'Obese_Check', Simple 'Check_Diabetes', Simple 'Check_Hypertension', Encounter 'Wellness_Encounter', Simple 'Obese_Check', Simple 'Check_Diabetes', Simple 'Check_Hypertension', Encounter 'Wellness_Encounter', Simple 'Obese_Check', Simple 'Check_Diabetes', Simple 'Check_Hypertension', Encounter 'Wellness_Encounter', Simple 'Obese_Check', Simple 'Check_Diabetes', Simple 'Check_Hypertension', Encounter 'Wellness_Encounter', Simple 'Obese_Check', Simple 'Check_Diabetes', Simple 'Check_Hypertension', Encounter 'Wellness_Encounter', Simple 'Obese_Check', Simple 'Check_Diabetes', Simple 'Check_Hypertension', Encounter 'Wellness_Encounter', Simple 'Obese_Check', Simple 'Check_Diabetes', Simple 'Check_Hypertension', Encounter 'Wellness_Encounter', Simple 'Obese_Check', Simple 'Check_Diabetes', Simple 'Check_Hypertension', Encounter 'Wellness_Encounter', Simple 'Obese_Check', Simple 'Check_Diabetes', Simple 'Check_Hypertension', Encounter 'Wellness_Encounter', Simple 'Obese_Check', Simple 'Check_Diabetes', Simple 'Check_Hypertension', Encounter 'Wellness_Encounter', Simple 'Obese_Check', Simple 'Check_Diabetes', Simple 'Check_Hypertension', Encounter 'Wellness_Encounter', Simple 'Obese_Check', Simple 'Check_Diabetes', Simple 'Check_Hypertension', Encounter 'Wellness_Encounter', Simple 'Obese_Check', Simple 'Check_Diabetes', Simple 'Check_Hypertension', Encounter 'Wellness_Encounter', Simple 'Obese_Check', Simple 'Check_Diabetes', Simple 'Check_Hypertension', Encounter 'Wellness_Encounter', Simple 'Obese_Check', Simple 'Check_Diabetes', Simple 'Check_Hypertension', Encounter 'Wellness_Encounter', Simple 'Obese_Check', Simple 'Check_Diabetes', Simple 'Check_Hypertension', Encounter 'Wellness_Encounter', Simple 'Obese_Check', Simple 'Check_Diabetes', Simple 'Check_Hypertension', Encounter 'Wellness_Encounter', Simple 'Obese_Check', Simple 'Check_Diabetes', Simple 'Check_Hypertension', Encounter 'Wellness_Encounter', Simple 'Obese_Check', Simple 'Check_Diabetes', Simple 'Check_Hypertension', Encounter 'Wellness_Encounter', Simple 'Obese_Check', Simple 'Check_Diabetes', Simple 'Check_Hypertension', Encounter 'Wellness_Encounter', Simple 'Obese_Check', Simple 'Check_Diabetes', Simple 'Check_Hypertension', Encounter 'Wellness_Encounter', Simple 'Obese_Check', Simple 'Check_Diabetes', Simple 'Check_Hypertension', Encounter 'Wellness_Encounter', Simple 'Obese_Check', Simple 'Check_Diabetes', Simple 'Check_Hypertension', Encounter 'Wellness_Encounter', Simple 'Obese_Check', Simple 'Check_Diabetes', Simple 'Check_Hypertension', Encounter 'Wellness_Encounter', Initial 'Initial']
  * Dermatitis Module = [Terminal 'Terminal', Simple 'Not_Atopic', Delay 'Delay_For_Atopy', Initial 'Initial']
  * RH_NEG = false
  * AGE_MONTHS = 196
  * Wellness Encounters Module = [Encounter 'Wellness_Encounter', Observation 'Record_Never_Smoker', Simple 'Smoker_Status_Observation', Simple 'check_eGFR', DiagnosticReport 'Record_CBC_Panel', Simple 'check_CBC', Simple 'Lab_ACR', Simple 'Lab_LipidPanel', Simple 'Lab_MetabolicPanel', MultiObservation 'Record_BP', Observation 'Record_BMI', Observation 'Record_Weight', Observation 'Record_Pain', Observation 'Record_Height', Encounter 'Wellness_Encounter', Observation 'Record_Never_Smoker', Simple 'Smoker_Status_Observation', Simple 'check_eGFR', Simple 'check_CBC', Simple 'Lab_ACR', Simple 'Lab_LipidPanel', Simple 'Lab_MetabolicPanel', MultiObservation 'Record_BP', Observation 'Record_BMI', Observation 'Record_Weight', Observation 'Record_Pain', Observation 'Record_Height', Encounter 'Wellness_Encounter', Observation 'Record_Never_Smoker', Simple 'Smoker_Status_Observation', Simple 'check_eGFR', Simple 'check_CBC', Simple 'Lab_ACR', Simple 'Lab_LipidPanel', Simple 'Lab_MetabolicPanel', MultiObservation 'Record_BP', Observation 'Record_BMI', Observation 'Record_Weight', Observation 'Record_Pain', Observation 'Record_Height', Encounter 'Wellness_Encounter', Observation 'Record_Never_Smoker', Simple 'Smoker_Status_Observation', Simple 'check_eGFR', Simple 'check_CBC', Simple 'Lab_ACR', Simple 'Lab_LipidPanel', Simple 'Lab_MetabolicPanel', MultiObservation 'Record_BP', Observation 'Record_BMI', Observation 'Record_Weight', Observation 'Record_Pain', Observation 'Record_Height', Encounter 'Wellness_Encounter', Observation 'Record_Never_Smoker', Simple 'Smoker_Status_Observation', Simple 'check_eGFR', Simple 'check_CBC', Simple 'Lab_ACR', Simple 'Lab_LipidPanel', Simple 'Lab_MetabolicPanel', MultiObservation 'Record_BP', Observation 'Record_BMI', Observation 'Record_Weight', Observation 'Record_Pain', Observation 'Record_Height', Encounter 'Wellness_Encounter', Observation 'Record_Never_Smoker', Simple 'Smoker_Status_Observation', Simple 'check_eGFR', Simple 'check_CBC', Simple 'Lab_ACR', Simple 'Lab_LipidPanel', Simple 'Lab_MetabolicPanel', MultiObservation 'Record_BP', Observation 'Record_BMI', Observation 'Record_Weight', Observation 'Record_Pain', Observation 'Record_Height', Encounter 'Wellness_Encounter', Observation 'Record_Never_Smoker', Simple 'Smoker_Status_Observation', Simple 'check_eGFR', DiagnosticReport 'Record_CBC_Panel', Simple 'check_CBC', Simple 'Lab_ACR', Simple 'Lab_LipidPanel', Simple 'Lab_MetabolicPanel', MultiObservation 'Record_BP', Observation 'Record_BMI', Observation 'Record_Weight', Observation 'Record_Pain', Observation 'Record_Height', Encounter 'Wellness_Encounter', Observation 'Record_Never_Smoker', Simple 'Smoker_Status_Observation', Simple 'check_eGFR', Simple 'check_CBC', Simple 'Lab_ACR', Simple 'Lab_LipidPanel', Simple 'Lab_MetabolicPanel', MultiObservation 'Record_BP', Observation 'Record_BMI', Observation 'Record_Weight', Observation 'Record_Pain', Observation 'Record_Height', Encounter 'Wellness_Encounter', Observation 'Record_Never_Smoker', Simple 'Smoker_Status_Observation', Simple 'check_eGFR', Simple 'check_CBC', Simple 'Lab_ACR', Simple 'Lab_LipidPanel', Simple 'Lab_MetabolicPanel', MultiObservation 'Record_BP', Observation 'Record_BMI', Observation 'Record_Weight', Observation 'Record_Pain', Observation 'Record_Height', Encounter 'Wellness_Encounter', Observation 'Record_Never_Smoker', Simple 'Smoker_Status_Observation', Simple 'check_eGFR', Simple 'check_CBC', Simple 'Lab_ACR', Simple 'Lab_LipidPanel', Simple 'Lab_MetabolicPanel', MultiObservation 'Record_BP', Observation 'Record_BMI', Observation 'Record_Weight', Observation 'Record_Pain', Observation 'Record_Height', Encounter 'Wellness_Encounter', Observation 'Record_Never_Smoker', Simple 'Smoker_Status_Observation', Simple 'check_eGFR', Simple 'check_CBC', Simple 'Lab_ACR', Simple 'Lab_LipidPanel', Simple 'Lab_MetabolicPanel', MultiObservation 'Record_BP', Observation 'Record_BMI', Observation 'Record_Weight', Observation 'Record_Pain', Observation 'Record_Height', Encounter 'Wellness_Encounter', Observation 'Record_Never_Smoker', Simple 'Smoker_Status_Observation', Simple 'check_eGFR', DiagnosticReport 'Record_CBC_Panel', Simple 'check_CBC', Simple 'Lab_ACR', Simple 'Lab_LipidPanel', Simple 'Lab_MetabolicPanel', MultiObservation 'Record_BP', Observation 'Record_BMI', Observation 'Record_Weight', Observation 'Record_Pain', Observation 'Record_Height', Encounter 'Wellness_Encounter', Observation 'Record_Never_Smoker', Simple 'Smoker_Status_Observation', Simple 'check_eGFR', Simple 'check_CBC', Simple 'Lab_ACR', Simple 'Lab_LipidPanel', Simple 'Lab_MetabolicPanel', MultiObservation 'Record_BP', Observation 'Record_BMI', Observation 'Record_Weight', Observation 'Record_Pain', Observation 'Record_Height', Encounter 'Wellness_Encounter', Observation 'Record_Never_Smoker', Simple 'Smoker_Status_Observation', Simple 'check_eGFR', Simple 'check_CBC', Simple 'Lab_ACR', Simple 'Lab_LipidPanel', Simple 'Lab_MetabolicPanel', MultiObservation 'Record_BP', Observation 'Record_BMI', Observation 'Record_Weight', Observation 'Record_Pain', Observation 'Record_Height', Encounter 'Wellness_Encounter', Observation 'Record_Never_Smoker', Simple 'Smoker_Status_Observation', Simple 'check_eGFR', Simple 'check_CBC', Simple 'Lab_ACR', Simple 'Lab_LipidPanel', Simple 'Lab_MetabolicPanel', MultiObservation 'Record_BP', Observation 'Record_BMI', Observation 'Record_Weight', Observation 'Record_Pain', Observation 'Record_Height', Encounter 'Wellness_Encounter', Observation 'Record_Never_Smoker', Simple 'Smoker_Status_Observation', Simple 'check_eGFR', Simple 'check_CBC', Simple 'Lab_ACR', Simple 'Lab_LipidPanel', Simple 'Lab_MetabolicPanel', MultiObservation 'Record_BP', Observation 'Record_BMI', Observation 'Record_Weight', Observation 'Record_Pain', Observation 'Record_Height', Encounter 'Wellness_Encounter', Observation 'Record_Never_Smoker', Simple 'Smoker_Status_Observation', Simple 'check_eGFR', Simple 'check_CBC', Simple 'Lab_ACR', Simple 'Lab_LipidPanel', Simple 'Lab_MetabolicPanel', MultiObservation 'Record_BP', Observation 'Record_BMI', Observation 'Record_Weight', Observation 'Record_Pain', Observation 'Record_Height', Encounter 'Wellness_Encounter', Observation 'Record_Never_Smoker', Simple 'Smoker_Status_Observation', Simple 'check_eGFR', Simple 'check_CBC', Simple 'Lab_ACR', Simple 'Lab_LipidPanel', Simple 'Lab_MetabolicPanel', MultiObservation 'Record_BP', Observation 'Record_Weight', Observation 'Record_Pain', Observation 'Record_Height', Encounter 'Wellness_Encounter', Observation 'Record_Never_Smoker', Simple 'Smoker_Status_Observation', Simple 'check_eGFR', Simple 'check_CBC', Simple 'Lab_ACR', Simple 'Lab_LipidPanel', Simple 'Lab_MetabolicPanel', MultiObservation 'Record_BP', Observation 'Record_Weight', Observation 'Record_Pain', Observation 'Record_Height', Encounter 'Wellness_Encounter', Observation 'Record_Never_Smoker', Simple 'Smoker_Status_Observation', Simple 'check_eGFR', Simple 'check_CBC', Simple 'Lab_ACR', Simple 'Lab_LipidPanel', Simple 'Lab_MetabolicPanel', MultiObservation 'Record_BP', Observation 'Record_Weight', Observation 'Record_Pain', Observation 'Record_Height', Encounter 'Wellness_Encounter', Observation 'Record_Never_Smoker', Simple 'Smoker_Status_Observation', Simple 'check_eGFR', Simple 'check_CBC', Simple 'Lab_ACR', Simple 'Lab_LipidPanel', Simple 'Lab_MetabolicPanel', MultiObservation 'Record_BP', Observation 'Record_Weight', Observation 'Record_Pain', Observation 'Record_Height', Encounter 'Wellness_Encounter', Observation 'Record_Never_Smoker', Simple 'Smoker_Status_Observation', Simple 'check_eGFR', Simple 'check_CBC', Simple 'Lab_ACR', Simple 'Lab_LipidPanel', Simple 'Lab_MetabolicPanel', MultiObservation 'Record_BP', Observation 'Record_Weight', Observation 'Record_Pain', Observation 'Record_Height', Encounter 'Wellness_Encounter', Observation 'Record_Never_Smoker', Simple 'Smoker_Status_Observation', Simple 'check_eGFR', Simple 'check_CBC', Simple 'Lab_ACR', Simple 'Lab_LipidPanel', Simple 'Lab_MetabolicPanel', MultiObservation 'Record_BP', Observation 'Record_Weight', Observation 'Record_Pain', Observation 'Record_Height', Encounter 'Wellness_Encounter', Observation 'Record_Never_Smoker', Simple 'Smoker_Status_Observation', Simple 'check_eGFR', Simple 'check_CBC', Simple 'Lab_ACR', Simple 'Lab_LipidPanel', Simple 'Lab_MetabolicPanel', MultiObservation 'Record_BP', Observation 'Record_Weight', Observation 'Record_Pain', Observation 'Record_Height', Encounter 'Wellness_Encounter', Observation 'Record_Never_Smoker', Simple 'Smoker_Status_Observation', Simple 'check_eGFR', Simple 'check_CBC', Simple 'Lab_ACR', Simple 'Lab_LipidPanel', Simple 'Lab_MetabolicPanel', MultiObservation 'Record_BP', Observation 'Record_Weight', Observation 'Record_Pain', Observation 'Record_Height', Encounter 'Wellness_Encounter', Observation 'Record_Never_Smoker', Simple 'Smoker_Status_Observation', Simple 'check_eGFR', DiagnosticReport 'Record_CBC_Panel', Simple 'check_CBC', Simple 'Lab_ACR', Simple 'Lab_LipidPanel', Simple 'Lab_MetabolicPanel', MultiObservation 'Record_BP', Observation 'Record_Weight', Observation 'Record_Pain', Observation 'Record_Height', Encounter 'Wellness_Encounter', Initial 'Initial']
  * location = org.mitre.synthea.world.geography.Location@1462fbd2
  * ckd = 0
  * Veteran Lung Cancer Module = [Guard 'Veteran_Guard', Initial 'Initial']
  * contraceptive = 2018-09-26T19:38:04.818Z 1534809
  * Veteran Hyperlipidemia Module = [Delay 'age guard', Initial 'Initial']
  * currentProvider = {Wellness Encounters Module=org.mitre.synthea.world.agents.Provider@4b75531}
  * Urinary Tract Infections Module = [Delay 'Delay_Until_Right_Age', Initial 'Initial']
SYMPTOMS: 42
Encounters:      54
Observations:    215
Reports:         4
Conditions:      14
Allergies:       0
Procedures:      23
Immunizations:   45
Medications:     20
Care Plans:      4
Imaging Studies: 1

VITAL SIGNS
  *   Systolic Blood Pressure = 122.10
  *             Urea Nitrogen =  19.66
  *            Carbon Dioxide =  23.13
  *         Weight Percentile =   0.90
  *                  Chloride = 107.05
  *         Total Cholesterol = 199.39
  *                    Sodium = 143.69
  *                      EGFR = 130.91
  *                   Glucose =  92.68
  *                       BMI =  27.19
  *                    Height = 161.63
  *                 Potassium =   3.83
  *                Creatinine =   1.04
  *             Blood Glucose =   5.07
  *         Height Percentile =   0.43
  *                    Weight =  71.03
  *             Triglycerides = 114.04
  *                       LDL = 116.63
  * Microalbumin Creatinine Ratio =  16.72
  *                       HDL =  59.95
  *  Diastolic Blood Pressure =  89.63
  *                   Calcium =  10.18
-----
{alive=1, dead=0}
]]></system-out>
  <system-err><![CDATA[]]></system-err>
</testsuite>
