<?xml version="1.0" encoding="UTF-8"?>
<testsuite name="GraphvizTest" tests="1" skipped="1" failures="0" errors="0" timestamp="2019-02-25T11:20:03" hostname="ryan-B250M-HD3" time="0.0">
  <properties/>
  <testcase name="testGraphviz" classname="GraphvizTest" time="0.0">
    <skipped/>
  </testcase>
  <system-out><![CDATA[]]></system-out>
  <system-err><![CDATA[]]></system-err>
</testsuite>
