<?xml version="1.0" encoding="UTF-8"?>
<testsuite name="org.mitre.synthea.export.HospitalExporterTestDstu2" tests="1" skipped="0" failures="0" errors="0" timestamp="2019-02-25T11:19:26" hostname="ryan-B250M-HD3" time="3.943">
  <properties/>
  <testcase name="testFHIRExport" classname="org.mitre.synthea.export.HospitalExporterTestDstu2" time="3.943"/>
  <system-out><![CDATA[]]></system-out>
  <system-err><![CDATA[]]></system-err>
</testsuite>
