<?xml version="1.0" encoding="UTF-8"?>
<testsuite name="org.mitre.synthea.modules.GrowthChartTest" tests="6" skipped="0" failures="0" errors="0" timestamp="2019-02-25T11:18:24" hostname="ryan-B250M-HD3" time="0.001">
  <properties/>
  <testcase name="testGrowthChartLookupLow" classname="org.mitre.synthea.modules.GrowthChartTest" time="0.001"/>
  <testcase name="testGrowthChartLookupMax" classname="org.mitre.synthea.modules.GrowthChartTest" time="0.0"/>
  <testcase name="testGrowthChartLookupMin" classname="org.mitre.synthea.modules.GrowthChartTest" time="0.0"/>
  <testcase name="testZScores" classname="org.mitre.synthea.modules.GrowthChartTest" time="0.0"/>
  <testcase name="testGrowthChartLookupMiddle" classname="org.mitre.synthea.modules.GrowthChartTest" time="0.0"/>
  <testcase name="testGrowthChartLookupHigh" classname="org.mitre.synthea.modules.GrowthChartTest" time="0.0"/>
  <system-out><![CDATA[]]></system-out>
  <system-err><![CDATA[]]></system-err>
</testsuite>
