<?xml version="1.0" encoding="UTF-8"?>
<testsuite name="org.mitre.synthea.export.CDWExporterTest" tests="1" skipped="0" failures="0" errors="0" timestamp="2019-02-25T11:19:12" hostname="ryan-B250M-HD3" time="13.584">
  <properties/>
  <testcase name="testCDWExport" classname="org.mitre.synthea.export.CDWExporterTest" time="13.584"/>
  <system-out><![CDATA[Running with options:
Population: 100
Seed: 1551093552586
Location: Massachusetts
Min Age: 0
Max Age: 140
1 -- Joselyn874 Sporer811 (16 y/o F) Brockton, Massachusetts 
2 -- Rafael239 Eichmann909 (50 y/o M) Northampton, Massachusetts 
3 -- America446 Boehm581 (37 y/o F) Melrose, Massachusetts 
4 -- Ernest565 Brown30 (67 y/o M) Chelmsford, Massachusetts 
5 -- Patsy569 Price929 (0 y/o F) Mansfield, Massachusetts 
6 -- William805 Koelpin146 (23 y/o M) Haverhill, Massachusetts 
7 -- John539 Lang846 (42 y/o M) Wellesley, Massachusetts 
8 -- Judson999 Moore224 (60 y/o M) Cambridge, Massachusetts 
9 -- Elliott563 Watsica258 (44 y/o M) Lawrence, Massachusetts 
10 -- Jean712 Shanahan202 (36 y/o M) Ashland, Massachusetts 
11 -- Adam631 Wehner319 (26 y/o M) Lexington, Massachusetts 
12 -- Wiley422 Pfeffer420 (52 y/o M) Woburn, Massachusetts 
13 -- Nelida367 Schaden604 (81 y/o F) Watertown Town, Massachusetts 
14 -- Ronda430 Ziemann98 (72 y/o F) Dartmouth, Massachusetts 
15 -- Vicki422 Mann644 (51 y/o F) Ipswich, Massachusetts 
16 -- Eduardo902 Mosciski958 (39 y/o M) Medford, Massachusetts 
17 -- Daniele610 Halvorson124 (7 y/o F) Dartmouth, Massachusetts 
18 -- Katrice671 Welch179 (2 y/o F) Newton, Massachusetts 
19 -- Barrett790 Kiehn525 (47 y/o M) Hanover, Massachusetts 
20 -- Kymberly381 Dibbert990 (22 y/o F) Amherst, Massachusetts 
21 -- Felica690 Mertz280 (33 y/o F) Marlborough, Massachusetts 
22 -- Lavinia262 Parisian75 (65 y/o F) Chelsea, Massachusetts 
23 -- Marisol435 Prieto999 (79 y/o F) Lawrence, Massachusetts DECEASED
23 -- Micaela928 Serrano248 (59 y/o F) Lawrence, Massachusetts DECEASED
23 -- Verónica383 Collazo246 (86 y/o F) Lawrence, Massachusetts 
24 -- Thurman577 Rosenbaum794 (13 y/o M) Lynn, Massachusetts 
25 -- Izetta651 Homenick806 (64 y/o F) Longmeadow, Massachusetts 
26 -- Sherryl893 Kerluke267 (13 y/o F) Boston, Massachusetts 
27 -- Patricia625 Chacón810 (41 y/o F) Brockton, Massachusetts 
28 -- Chung121 Veum823 (58 y/o M) Carver, Massachusetts 
29 -- Temple691 Fritsch593 (61 y/o F) Lynn, Massachusetts 
30 -- Mara755 Quigley282 (65 y/o F) Andover, Massachusetts 
31 -- Mollie266 Hessel84 (73 y/o F) Cohasset, Massachusetts 
32 -- Madison727 Schamberger479 (63 y/o F) Medford, Massachusetts 
33 -- Annalee788 Muller251 (34 y/o F) Billerica, Massachusetts 
34 -- Son314 Kuhn96 (47 y/o F) Malden, Massachusetts 
35 -- Reynaldo722 Hilll811 (6 y/o M) Fitchburg, Massachusetts 
36 -- Lincoln623 Goldner995 (66 y/o M) Leicester, Massachusetts DECEASED
36 -- Gerry91 Will178 (43 y/o M) Leicester, Massachusetts DECEASED
36 -- Elliot577 Murazik203 (80 y/o M) Leicester, Massachusetts DECEASED
36 -- Jerome176 Buckridge80 (77 y/o M) Leicester, Massachusetts DECEASED
36 -- Jacinto644 Huel628 (82 y/o M) Leicester, Massachusetts 
37 -- Tim88 Yost751 (13 y/o M) Taunton, Massachusetts 
38 -- Armand155 Miller503 (40 y/o M) Worcester, Massachusetts 
39 -- Brendon298 Will178 (45 y/o M) Fitchburg, Massachusetts 
40 -- Elvis145 Pfannerstill264 (19 y/o M) Amherst, Massachusetts 
41 -- Tad831 Brown30 (48 y/o M) Methuen Town, Massachusetts 
42 -- Fermina506 Gleason633 (72 y/o F) Marblehead, Massachusetts 
43 -- Noe500 Collins926 (22 y/o M) Haverhill, Massachusetts 
44 -- Cristal338 Ward668 (36 y/o F) Burlington, Massachusetts 
45 -- Brent147 Walsh511 (3 y/o M) Taunton, Massachusetts 
46 -- Curt84 Mills423 (58 y/o M) Walpole, Massachusetts DECEASED
46 -- Dean966 Beer512 (68 y/o M) Walpole, Massachusetts 
47 -- Colette720 Terry864 (63 y/o F) Waltham, Massachusetts DECEASED
47 -- Verla696 Beahan375 (67 y/o F) Waltham, Massachusetts 
48 -- Juli424 Lind531 (52 y/o F) Worcester, Massachusetts DECEASED
48 -- Elizabet136 Bednar518 (71 y/o F) Worcester, Massachusetts 
49 -- Willis868 Nitzsche158 (60 y/o M) Brookline, Massachusetts 
50 -- Marilyn850 Runolfsdottir785 (25 y/o F) Worcester, Massachusetts 
51 -- Grant908 Bradtke547 (56 y/o M) Adams, Massachusetts 
52 -- Mazie442 Willms744 (9 y/o F) Hull, Massachusetts 
53 -- Pok428 Hane680 (55 y/o F) Reading, Massachusetts 
54 -- Debby656 Kuhic920 (58 y/o F) North Brookfield, Massachusetts 
55 -- Rudy520 Senger904 (26 y/o F) Boston, Massachusetts 
56 -- Justin359 Bashirian201 (11 y/o F) Dedham, Massachusetts 
57 -- Sang383 Glover433 (31 y/o M) Plainfield, Massachusetts 
58 -- Luis Miguel102 Carbajal274 (22 y/o M) Boston, Massachusetts 
59 -- Oren284 Fritsch593 (30 y/o M) Hampden, Massachusetts 
60 -- Buster609 Kirlin939 (63 y/o M) Stow, Massachusetts 
61 -- Gaston250 Schamberger479 (22 y/o M) Worcester, Massachusetts 
62 -- Anna632 Beier427 (61 y/o F) Middleborough, Massachusetts 
63 -- Cherry401 Grady603 (46 y/o F) Franklin Town, Massachusetts 
64 -- Mohamed943 VonRueden376 (26 y/o M) Worcester, Massachusetts 
65 -- Kali995 Fadel536 (59 y/o F) Medfield, Massachusetts 
66 -- Ayanna800 Walker122 (76 y/o F) Hanover, Massachusetts DECEASED
66 -- Phebe144 Dooley940 (82 y/o F) Hanover, Massachusetts 
67 -- Tesha491 Leuschke194 (17 y/o F) Milford, Massachusetts 
68 -- Marisol435 Sosa986 (15 y/o F) Brockton, Massachusetts DECEASED
68 -- Elsa29 Cintrón695 (19 y/o F) Brockton, Massachusetts 
69 -- Beau391 Gibson10 (0 y/o M) Gloucester, Massachusetts 
70 -- Reginald96 Wiza601 (27 y/o M) Boston, Massachusetts 
71 -- Thad495 Kessler503 (47 y/o M) Wilmington, Massachusetts 
72 -- Steven797 Rosenbaum794 (56 y/o F) Dartmouth, Massachusetts 
73 -- Aldo414 Davis923 (48 y/o M) Whitman, Massachusetts 
74 -- Darrick836 Kshlerin58 (63 y/o M) Duxbury, Massachusetts 
75 -- Edison640 Strosin214 (41 y/o M) Lowell, Massachusetts 
76 -- Lorilee250 Strosin214 (22 y/o F) Somerville, Massachusetts 
77 -- Asia282 Turner526 (63 y/o F) Salem, Massachusetts 
78 -- Andre610 Bednar518 (23 y/o M) Boston, Massachusetts 
79 -- Pablo44 Gamez720 (11 y/o M) Lynn, Massachusetts 
80 -- Scot349 Dickinson688 (50 y/o M) Webster, Massachusetts 
81 -- Frieda277 Kunze215 (43 y/o F) Acton, Massachusetts 
82 -- Dollie671 Luettgen772 (49 y/o F) Dighton, Massachusetts 
83 -- Rebeca548 Rivera179 (55 y/o F) Sterling, Massachusetts 
84 -- Ehtel928 Pfeffer420 (56 y/o F) Athol, Massachusetts 
85 -- Keiko299 Keebler762 (17 y/o F) Provincetown, Massachusetts 
86 -- Mac103 Boyer713 (26 y/o M) Boston, Massachusetts 
87 -- Leonard963 Hudson301 (57 y/o M) Fall River, Massachusetts 
88 -- Jonas187 Wyman904 (16 y/o M) Cambridge, Massachusetts 
89 -- Shayne60 Klocko335 (39 y/o M) Sharon, Massachusetts 
90 -- Earl438 Rau926 (37 y/o M) Revere, Massachusetts 
91 -- Lorrie905 Cruickshank494 (8 y/o F) Holyoke, Massachusetts 
92 -- Josefina523 Puga7 (30 y/o F) Holyoke, Massachusetts 
93 -- Jayna69 Dooley940 (31 y/o F) Bourne, Massachusetts 
94 -- Reinaldo138 Harris789 (57 y/o M) Easthampton Town, Massachusetts 
95 -- Valeri645 Reynolds644 (52 y/o F) Springfield, Massachusetts DECEASED
95 -- Rene434 Heller342 (38 y/o F) Springfield, Massachusetts DECEASED
95 -- Shenita872 Gleason633 (65 y/o F) Springfield, Massachusetts 
96 -- Tyrone215 Nikolaus26 (21 y/o M) Marlborough, Massachusetts 
97 -- Audrea654 Gleichner915 (61 y/o F) Williamsburg, Massachusetts DECEASED
97 -- Ayana300 Von197 (84 y/o F) Williamsburg, Massachusetts 
98 -- Clair921 Flatley871 (72 y/o F) Yarmouth, Massachusetts DECEASED
98 -- Vashti163 Cruickshank494 (62 y/o F) Yarmouth, Massachusetts DECEASED
98 -- Kellee902 Jakubowski832 (77 y/o F) Yarmouth, Massachusetts 
99 -- Jesse626 Purdy2 (22 y/o M) Boston, Massachusetts 
100 -- Rashad361 Hettinger594 (40 y/o M) Walpole, Massachusetts 
Parsing /tmp/junit5645999759206385238/junit3472877973026507834/cdw/lookuppatient.csv
Parsing /tmp/junit5645999759206385238/junit3472877973026507834/cdw/patientlabchem.csv
Parsing /tmp/junit5645999759206385238/junit3472877973026507834/cdw/vitalsign.csv
Parsing /tmp/junit5645999759206385238/junit3472877973026507834/cdw/sta3n.csv
Parsing /tmp/junit5645999759206385238/junit3472877973026507834/cdw/appointment.csv
Parsing /tmp/junit5645999759206385238/junit3472877973026507834/cdw/labchem.csv
Parsing /tmp/junit5645999759206385238/junit3472877973026507834/cdw/cpt.csv
Parsing /tmp/junit5645999759206385238/junit3472877973026507834/cdw/allergicreaction.csv
Parsing /tmp/junit5645999759206385238/junit3472877973026507834/cdw/vitaltype.csv
Parsing /tmp/junit5645999759206385238/junit3472877973026507834/cdw/sstaff.csv
Parsing /tmp/junit5645999759206385238/junit3472877973026507834/cdw/surgerypre.csv
Parsing /tmp/junit5645999759206385238/junit3472877973026507834/cdw/reaction.csv
Parsing /tmp/junit5645999759206385238/junit3472877973026507834/cdw/vdiagnosis.csv
Parsing /tmp/junit5645999759206385238/junit3472877973026507834/cdw/pharmacyorderableitem.csv
Parsing /tmp/junit5645999759206385238/junit3472877973026507834/cdw/topography.csv
Parsing /tmp/junit5645999759206385238/junit3472877973026507834/cdw/maritalstatus.csv
Parsing /tmp/junit5645999759206385238/junit3472877973026507834/cdw/immunizationname.csv
Parsing /tmp/junit5645999759206385238/junit3472877973026507834/cdw/surgeryprocedurediagnosiscode.csv
Parsing /tmp/junit5645999759206385238/junit3472877973026507834/cdw/immunization.csv
Parsing /tmp/junit5645999759206385238/junit3472877973026507834/cdw/problemlist.csv
Parsing /tmp/junit5645999759206385238/junit3472877973026507834/cdw/cprsorder.csv
Parsing /tmp/junit5645999759206385238/junit3472877973026507834/cdw/rxoutpatient.csv
Parsing /tmp/junit5645999759206385238/junit3472877973026507834/cdw/orderstatus.csv
Parsing /tmp/junit5645999759206385238/junit3472877973026507834/cdw/collectionsample.csv
Parsing /tmp/junit5645999759206385238/junit3472877973026507834/cdw/nationaldrug.csv
Parsing /tmp/junit5645999759206385238/junit3472877973026507834/cdw/allergy.csv
Parsing /tmp/junit5645999759206385238/junit3472877973026507834/cdw/ordereditem.csv
Parsing /tmp/junit5645999759206385238/junit3472877973026507834/cdw/loinc.csv
Parsing /tmp/junit5645999759206385238/junit3472877973026507834/cdw/labchemtest.csv
Parsing /tmp/junit5645999759206385238/junit3472877973026507834/cdw/providernarrative.csv
Parsing /tmp/junit5645999759206385238/junit3472877973026507834/cdw/location.csv
Parsing /tmp/junit5645999759206385238/junit3472877973026507834/cdw/spatient.csv
Parsing /tmp/junit5645999759206385238/junit3472877973026507834/cdw/vprocedure.csv
Parsing /tmp/junit5645999759206385238/junit3472877973026507834/cdw/dosageform.csv
Parsing /tmp/junit5645999759206385238/junit3472877973026507834/cdw/rxoutpatfill.csv
Parsing /tmp/junit5645999759206385238/junit3472877973026507834/cdw/patientrace.csv
Parsing /tmp/junit5645999759206385238/junit3472877973026507834/cdw/labpanel.csv
Parsing /tmp/junit5645999759206385238/junit3472877973026507834/cdw/institution.csv
Parsing /tmp/junit5645999759206385238/junit3472877973026507834/cdw/patientethnicity.csv
Parsing /tmp/junit5645999759206385238/junit3472877973026507834/cdw/inpatient.csv
Parsing /tmp/junit5645999759206385238/junit3472877973026507834/cdw/spatientaddress.csv
Parsing /tmp/junit5645999759206385238/junit3472877973026507834/cdw/nonvamed.csv
Parsing /tmp/junit5645999759206385238/junit3472877973026507834/cdw/localdrug.csv
Parsing /tmp/junit5645999759206385238/junit3472877973026507834/cdw/orderableitem.csv
Parsing /tmp/junit5645999759206385238/junit3472877973026507834/cdw/consult.csv
Parsing /tmp/junit5645999759206385238/junit3472877973026507834/cdw/allergycomment.csv
Parsing /tmp/junit5645999759206385238/junit3472877973026507834/cdw/visit.csv
Parsing /tmp/junit5645999759206385238/junit3472877973026507834/cdw/spatientphone.csv
Parsing /tmp/junit5645999759206385238/junit3472877973026507834/cdw/vistapackage.csv
]]></system-out>
  <system-err><![CDATA[]]></system-err>
</testsuite>
