<?xml version="1.0" encoding="UTF-8"?>
<testsuite name="org.mitre.synthea.export.CustomSqlReportTest" tests="1" skipped="0" failures="0" errors="0" timestamp="2019-02-25T11:19:35" hostname="ryan-B250M-HD3" time="0.02">
  <properties/>
  <testcase name="testTableToCsv" classname="org.mitre.synthea.export.CustomSqlReportTest" time="0.02"/>
  <system-out><![CDATA[]]></system-out>
  <system-err><![CDATA[]]></system-err>
</testsuite>
