<?xml version="1.0" encoding="UTF-8"?>
<testsuite name="org.mitre.synthea.export.TextExporterTest" tests="1" skipped="0" failures="0" errors="0" timestamp="2019-02-25T11:19:49" hostname="ryan-B250M-HD3" time="1.534">
  <properties/>
  <testcase name="testTextExport" classname="org.mitre.synthea.export.TextExporterTest" time="1.534"/>
  <system-out><![CDATA[Running with options:
Population: 10
Seed: 1551093589341
Location: Massachusetts
Min Age: 0
Max Age: 140
1 -- Emmitt44 Schulist381 (46 y/o M) Charlton, Massachusetts 
2 -- Kareen958 Balistreri607 (64 y/o F) Peabody, Massachusetts 
3 -- Emory494 Eichmann909 (54 y/o M) Lynn, Massachusetts 
4 -- Wade235 Hayes766 (22 y/o M) Boston, Massachusetts 
5 -- Francisco472 Borrego496 (53 y/o M) Woburn, Massachusetts 
6 -- Milan77 Rogahn59 (31 y/o M) Groton, Massachusetts 
7 -- Ramona980 Saavedra625 (39 y/o F) Agawam Town, Massachusetts 
8 -- Gertie348 Nolan344 (64 y/o F) Boston, Massachusetts 
9 -- Ray930 Oberbrunner298 (37 y/o M) Boston, Massachusetts 
10 -- Tarah156 Bernhard322 (55 y/o F) Worcester, Massachusetts 
]]></system-out>
  <system-err><![CDATA[]]></system-err>
</testsuite>
